============================= test session starts ==============================
platform darwin -- Python 3.8.10, pytest-6.2.4, py-1.10.0, pluggy-0.13.1 -- /Users/fjetter/mambaforge/envs/dask-distributed/bin/python
cachedir: .pytest_cache
rootdir: /Users/fjetter/workspace/distributed, configfile: setup.cfg
plugins: repeat-0.8.0, xdist-2.3.0, asyncio-0.12.0, rerunfailures-10.1, timeout-1.4.2, forked-1.3.0
timeout: 60.0s
timeout method: signal
timeout func_only: False
gw0 I / gw1 I / gw2 I / gw3 I / gw4 I / gw5 I / gw6 I / gw7 I
[gw0] darwin Python 3.8.10 cwd: /Users/fjetter/workspace/distributed
[gw1] darwin Python 3.8.10 cwd: /Users/fjetter/workspace/distributed
[gw2] darwin Python 3.8.10 cwd: /Users/fjetter/workspace/distributed
[gw3] darwin Python 3.8.10 cwd: /Users/fjetter/workspace/distributed
[gw4] darwin Python 3.8.10 cwd: /Users/fjetter/workspace/distributed
[gw5] darwin Python 3.8.10 cwd: /Users/fjetter/workspace/distributed
[gw6] darwin Python 3.8.10 cwd: /Users/fjetter/workspace/distributed
[gw7] darwin Python 3.8.10 cwd: /Users/fjetter/workspace/distributed
[gw1] Python 3.8.10 | packaged by conda-forge | (default, May 11 2021, 06:27:18)  -- [Clang 11.1.0 ]
[gw0] Python 3.8.10 | packaged by conda-forge | (default, May 11 2021, 06:27:18)  -- [Clang 11.1.0 ]
[gw2] Python 3.8.10 | packaged by conda-forge | (default, May 11 2021, 06:27:18)  -- [Clang 11.1.0 ]
[gw3] Python 3.8.10 | packaged by conda-forge | (default, May 11 2021, 06:27:18)  -- [Clang 11.1.0 ]
[gw5] Python 3.8.10 | packaged by conda-forge | (default, May 11 2021, 06:27:18)  -- [Clang 11.1.0 ]
[gw4] Python 3.8.10 | packaged by conda-forge | (default, May 11 2021, 06:27:18)  -- [Clang 11.1.0 ]
[gw6] Python 3.8.10 | packaged by conda-forge | (default, May 11 2021, 06:27:18)  -- [Clang 11.1.0 ]
[gw7] Python 3.8.10 | packaged by conda-forge | (default, May 11 2021, 06:27:18)  -- [Clang 11.1.0 ]
gw0 [1287] / gw1 [1287] / gw2 [1287] / gw3 [1287] / gw4 [1287] / gw5 [1287] / gw6 [1287] / gw7 [1287]

scheduling tests via LoadScheduling

distributed/tests/test_actor.py::test_worker_actions[False] 
distributed/tests/test_actor.py::test_Actor 
distributed/tests/test_actor.py::test_client_actions[False] 
distributed/tests/test_actor.py::test_worker_actions[True] 
distributed/tests/test_actor.py::test_exceptions_create 
distributed/tests/test_actor.py::test_client_actions[True] 
distributed/tests/test_actor.py::test_exceptions_method 
distributed/tests/test_actor.py::test_linear_access 
[gw5] [  0%] PASSED distributed/tests/test_actor.py::test_Actor 
distributed/tests/test_actor.py::test_sync 
[gw6] [  0%] PASSED distributed/tests/test_actor.py::test_exceptions_create 
distributed/tests/test_actor.py::test_numpy_roundtrip 
[gw7] [  0%] PASSED distributed/tests/test_actor.py::test_exceptions_method 
distributed/tests/test_actor.py::test_numpy_roundtrip_getattr 
[gw1] [  0%] PASSED distributed/tests/test_actor.py::test_client_actions[True] 
distributed/tests/test_actor.py::test_gc 
[gw0] [  0%] PASSED distributed/tests/test_actor.py::test_client_actions[False] 
distributed/tests/test_actor.py::test_track_dependencies 
[gw2] [  0%] PASSED distributed/tests/test_actor.py::test_worker_actions[False] 
distributed/tests/test_actor.py::test_future 
[gw6] [  0%] PASSED distributed/tests/test_actor.py::test_numpy_roundtrip 
[gw3] [  0%] PASSED distributed/tests/test_actor.py::test_worker_actions[True] 
distributed/tests/test_actor.py::test_load_balance_map 
distributed/tests/test_actor.py::test_future_dependencies 
[gw7] [  0%] PASSED distributed/tests/test_actor.py::test_numpy_roundtrip_getattr 
distributed/tests/test_actor.py::test_compute 
[gw7] [  0%] SKIPPED distributed/tests/test_actor.py::test_compute 
distributed/tests/test_actor.py::test_async_deadlock 
[gw1] [  0%] PASSED distributed/tests/test_actor.py::test_gc 
distributed/tests/test_actor.py::test_repr 
[gw4] [  0%] XFAIL distributed/tests/test_actor.py::test_linear_access 
distributed/tests/test_actor.py::test_failed_worker 
[gw1] [  1%] PASSED distributed/tests/test_actor.py::test_repr 
distributed/tests/test_actor.py::test_compute_sync 
[gw7] [  1%] PASSED distributed/tests/test_actor.py::test_async_deadlock 
distributed/tests/test_as_completed.py::test_as_completed_with_non_futures 
[gw3] [  1%] PASSED distributed/tests/test_actor.py::test_future_dependencies 
distributed/tests/test_actor.py::test_thread_safety 
[gw2] [  1%] PASSED distributed/tests/test_actor.py::test_future 
distributed/tests/test_actor.py::test_many_computations 
[gw6] [  1%] PASSED distributed/tests/test_actor.py::test_load_balance_map 
distributed/tests/test_actor.py::test_one_thread_deadlock 
[gw0] [  1%] PASSED distributed/tests/test_actor.py::test_track_dependencies 
distributed/tests/test_actor.py::test_dir 
[gw4] [  1%] PASSED distributed/tests/test_actor.py::test_failed_worker 
distributed/tests/test_actor.py::test_load_balance 
[gw0] [  1%] PASSED distributed/tests/test_actor.py::test_dir 
distributed/tests/test_actor.py::test_actors_in_profile 
[gw3] [  1%] PASSED distributed/tests/test_actor.py::test_thread_safety 
distributed/tests/test_actor.py::test_worker_actor_handle_is_weakref 
[gw2] [  1%] PASSED distributed/tests/test_actor.py::test_many_computations 
distributed/tests/test_actor.py::test_waiter 
[gw4] [  1%] PASSED distributed/tests/test_actor.py::test_load_balance 
distributed/tests/test_actor.py::test_worker_actor_handle_is_weakref_from_compute_sync 
[gw0] [  1%] PASSED distributed/tests/test_actor.py::test_actors_in_profile 
distributed/tests/test_actor.py::test_exception_async 
[gw3] [  1%] PASSED distributed/tests/test_actor.py::test_worker_actor_handle_is_weakref 
distributed/tests/test_actor.py::test_actor_future_awaitable 
[gw2] [  2%] PASSED distributed/tests/test_actor.py::test_waiter 
distributed/tests/test_actor.py::test_as_completed 
[gw0] [  2%] PASSED distributed/tests/test_actor.py::test_exception_async 
distributed/tests/test_as_completed.py::test_as_completed_update 
[gw3] [  2%] PASSED distributed/tests/test_actor.py::test_actor_future_awaitable 
distributed/tests/test_as_completed.py::test_as_completed_is_empty 
[gw5] [  2%] PASSED distributed/tests/test_actor.py::test_sync 
distributed/tests/test_actor.py::test_Actors_create_dependencies 
[gw5] [  2%] PASSED distributed/tests/test_actor.py::test_Actors_create_dependencies 
distributed/tests/test_actor.py::test_worker_actor_handle_is_weakref_sync 
[gw7] [  2%] PASSED distributed/tests/test_as_completed.py::test_as_completed_with_non_futures 
distributed/tests/test_as_completed.py::test_as_completed_error_async 
[gw6] [  2%] PASSED distributed/tests/test_actor.py::test_one_thread_deadlock 
distributed/tests/test_as_completed.py::test_as_completed_sync 
[gw1] [  2%] PASSED distributed/tests/test_actor.py::test_compute_sync 
distributed/tests/test_actor.py::test_exception 
[gw7] [  2%] PASSED distributed/tests/test_as_completed.py::test_as_completed_error_async 
distributed/tests/test_asyncprocess.py::test_asyncprocess_child_teardown_on_parent_exit 
[gw4] [  2%] PASSED distributed/tests/test_actor.py::test_worker_actor_handle_is_weakref_from_compute_sync 
distributed/tests/test_as_completed.py::test_as_completed_async 
[gw4] [  2%] PASSED distributed/tests/test_as_completed.py::test_as_completed_async 
distributed/tests/test_as_completed.py::test_as_completed_cancel_last 
[gw0] [  2%] PASSED distributed/tests/test_as_completed.py::test_as_completed_update 
[gw2] [  2%] PASSED distributed/tests/test_actor.py::test_as_completed 
distributed/tests/test_as_completed.py::test_as_completed_with_results 
[gw3] [  3%] PASSED distributed/tests/test_as_completed.py::test_as_completed_is_empty 
distributed/tests/test_as_completed.py::test_as_completed_repeats 
distributed/tests/test_as_completed.py::test_as_completed_with_results_no_raise 
[gw5] [  3%] PASSED distributed/tests/test_actor.py::test_worker_actor_handle_is_weakref_sync 
distributed/tests/test_actor.py::test_serialize_with_pickle 
[gw5] [  3%] PASSED distributed/tests/test_actor.py::test_serialize_with_pickle 
distributed/tests/test_as_completed.py::test_as_completed_cancel 
[gw6] [  3%] PASSED distributed/tests/test_as_completed.py::test_as_completed_sync 
distributed/tests/test_as_completed.py::test_async_for_py2_equivalent 
[gw1] [  3%] PASSED distributed/tests/test_actor.py::test_exception 
distributed/tests/test_as_completed.py::test_as_completed_add 
[gw6] [  3%] PASSED distributed/tests/test_as_completed.py::test_async_for_py2_equivalent 
distributed/tests/test_as_completed.py::test_clear 
[gw6] [  3%] PASSED distributed/tests/test_as_completed.py::test_clear 
distributed/tests/test_asyncprocess.py::test_child_main_thread 
[gw4] [  3%] PASSED distributed/tests/test_as_completed.py::test_as_completed_cancel_last 
distributed/tests/test_as_completed.py::test_as_completed_with_results_no_raise_async 
[gw4] [  3%] PASSED distributed/tests/test_as_completed.py::test_as_completed_with_results_no_raise_async 
distributed/tests/test_asyncprocess.py::test_exit_callback 
[gw2] [  3%] PASSED distributed/tests/test_as_completed.py::test_as_completed_repeats 
distributed/tests/test_as_completed.py::test_as_completed_with_results_async 
[gw3] [  3%] PASSED distributed/tests/test_as_completed.py::test_as_completed_with_results_no_raise 
[gw2] [  3%] PASSED distributed/tests/test_as_completed.py::test_as_completed_with_results_async 
distributed/tests/test_asyncprocess.py::test_signal 
[gw0] [  3%] PASSED distributed/tests/test_as_completed.py::test_as_completed_with_results 
distributed/tests/test_asyncprocess.py::test_terminate 
distributed/tests/test_asyncprocess.py::test_exitcode 
[gw3] [  4%] PASSED distributed/tests/test_asyncprocess.py::test_terminate 
distributed/tests/test_batched.py::test_send_after_stream_start 
[gw3] [  4%] PASSED distributed/tests/test_batched.py::test_send_after_stream_start 
distributed/tests/test_batched.py::test_serializers 
[gw7] [  4%] PASSED distributed/tests/test_asyncprocess.py::test_asyncprocess_child_teardown_on_parent_exit 
distributed/tests/test_asyncprocess.py::test_num_fds 
[gw3] [  4%] PASSED distributed/tests/test_batched.py::test_serializers 
distributed/tests/test_client.py::test_compute_retries 
[gw5] [  4%] PASSED distributed/tests/test_as_completed.py::test_as_completed_cancel 
distributed/tests/test_as_completed.py::test_str 
[gw5] [  4%] PASSED distributed/tests/test_as_completed.py::test_str 
distributed/tests/test_asyncprocess.py::test_close 
[gw1] [  4%] PASSED distributed/tests/test_as_completed.py::test_as_completed_add 
distributed/tests/test_as_completed.py::test_as_completed_error 
[gw3] [  4%] PASSED distributed/tests/test_client.py::test_compute_retries 
distributed/tests/test_client.py::test_future_tuple_repr 
[gw6] [  4%] PASSED distributed/tests/test_asyncprocess.py::test_child_main_thread 
distributed/tests/test_batched.py::test_close_not_started 
[gw6] [  4%] PASSED distributed/tests/test_batched.py::test_close_not_started 
distributed/tests/test_client.py::test_map_empty 
[gw6] [  4%] PASSED distributed/tests/test_client.py::test_map_empty 
distributed/tests/test_client.py::test_compute_persisted_retries 
[gw3] [  4%] PASSED distributed/tests/test_client.py::test_future_tuple_repr 
distributed/tests/test_client.py::test_exceptions 
[gw6] [  4%] PASSED distributed/tests/test_client.py::test_compute_persisted_retries 
distributed/tests/test_client.py::test_Future_release 
[gw3] [  5%] PASSED distributed/tests/test_client.py::test_exceptions 
distributed/tests/test_client.py::test_gather_skip 
[gw2] [  5%] PASSED distributed/tests/test_asyncprocess.py::test_signal 
distributed/tests/test_batched.py::test_send_before_start 
[gw2] [  5%] PASSED distributed/tests/test_batched.py::test_send_before_start 
distributed/tests/test_batched.py::test_large_traffic_jam 
[gw2] [  5%] SKIPPED distributed/tests/test_batched.py::test_large_traffic_jam 
distributed/tests/test_client.py::test_custom_key_with_batches 
[gw4] [  5%] PASSED distributed/tests/test_asyncprocess.py::test_exit_callback 
distributed/tests/test_batched.py::test_close_closed 
[gw4] [  5%] PASSED distributed/tests/test_batched.py::test_close_closed 
distributed/tests/test_client.py::test_map 
[gw0] [  5%] PASSED distributed/tests/test_asyncprocess.py::test_exitcode 
distributed/tests/test_batched.py::test_BatchedSend 
[gw2] [  5%] PASSED distributed/tests/test_client.py::test_custom_key_with_batches 
distributed/tests/test_client.py::test_future_repr 
[gw0] [  5%] PASSED distributed/tests/test_batched.py::test_BatchedSend 
distributed/tests/test_batched.py::test_sending_traffic_jam 
[gw0] [  5%] PASSED distributed/tests/test_batched.py::test_sending_traffic_jam 
[gw2] [  5%] PASSED distributed/tests/test_client.py::test_future_repr 
distributed/tests/test_client.py::test_map_batch_size 
distributed/tests/test_client.py::test_submit_naming 
[gw4] [  5%] PASSED distributed/tests/test_client.py::test_map 
distributed/tests/test_client.py::test_retries_get 
[gw2] [  5%] PASSED distributed/tests/test_client.py::test_submit_naming 
distributed/tests/test_client.py::test_gather_strict 
[gw6] [  6%] PASSED distributed/tests/test_client.py::test_Future_release 
distributed/tests/test_client.py::test_sync_exceptions 
[gw3] [  6%] PASSED distributed/tests/test_client.py::test_gather_skip 
distributed/tests/test_client.py::test_wait_first_completed 
[gw5] [  6%] PASSED distributed/tests/test_asyncprocess.py::test_close 
distributed/tests/test_batched.py::test_send_before_close 
[gw5] [  6%] PASSED distributed/tests/test_batched.py::test_send_before_close 
distributed/tests/test_client.py::test_submit 
[gw1] [  6%] PASSED distributed/tests/test_as_completed.py::test_as_completed_error 
distributed/tests/test_asyncprocess.py::test_simple 
[gw2] [  6%] PASSED distributed/tests/test_client.py::test_gather_strict 
distributed/tests/test_client.py::test_wait 
[gw3] [  6%] PASSED distributed/tests/test_client.py::test_wait_first_completed 
distributed/tests/test_client.py::test_missing_data_heals 
[gw3] [  6%] SKIPPED distributed/tests/test_client.py::test_missing_data_heals 
distributed/tests/test_client.py::test_restrictions_get_annotate 
[gw5] [  6%] PASSED distributed/tests/test_client.py::test_submit 
distributed/tests/test_client.py::test_compute_retries_annotations 
[gw2] [  6%] PASSED distributed/tests/test_client.py::test_wait 
distributed/tests/test_client.py::test_long_tasks_dont_trigger_timeout 
[gw2] [  6%] SKIPPED distributed/tests/test_client.py::test_long_tasks_dont_trigger_timeout 
distributed/tests/test_client.py::test_restrictions_get 
[gw2] [  6%] SKIPPED distributed/tests/test_client.py::test_restrictions_get 
distributed/tests/test_client.py::test_aliases 
[gw3] [  6%] PASSED distributed/tests/test_client.py::test_restrictions_get_annotate 
distributed/tests/test_client.py::test_aliases_2 
[gw0] [  7%] PASSED distributed/tests/test_client.py::test_map_batch_size 
distributed/tests/test_client.py::test_retries_dask_array 
[gw2] [  7%] PASSED distributed/tests/test_client.py::test_aliases 
distributed/tests/test_client.py::test_scatter_hash 
[gw5] [  7%] PASSED distributed/tests/test_client.py::test_compute_retries_annotations 
distributed/tests/test_client.py::test_Future_exception 
[gw3] [  7%] PASSED distributed/tests/test_client.py::test_aliases_2 
distributed/tests/test_client.py::test_scatter_hash_2 
[gw2] [  7%] PASSED distributed/tests/test_client.py::test_scatter_hash 
distributed/tests/test_client.py::test_if_intermediates_clear_on_error 
[gw5] [  7%] PASSED distributed/tests/test_client.py::test_Future_exception 
distributed/tests/test_client.py::test_gc 
[gw0] [  7%] PASSED distributed/tests/test_client.py::test_retries_dask_array 
distributed/tests/test_client.py::test_map_naming 
[gw3] [  7%] PASSED distributed/tests/test_client.py::test_scatter_hash_2 
distributed/tests/test_client.py::test_pragmatic_move_small_data_to_large_data 
[gw2] [  7%] PASSED distributed/tests/test_client.py::test_if_intermediates_clear_on_error 
distributed/tests/test_client.py::test_scatter_direct_2 
[gw5] [  7%] PASSED distributed/tests/test_client.py::test_gc 
distributed/tests/test_client.py::test_limit_concurrent_gathering 
[gw0] [  7%] PASSED distributed/tests/test_client.py::test_map_naming 
distributed/tests/test_client.py::test_gather_sync 
[gw4] [  7%] PASSED distributed/tests/test_client.py::test_retries_get 
[gw2] [  8%] PASSED distributed/tests/test_client.py::test_scatter_direct_2 
distributed/tests/test_client.py::test_scatter_gather_sync[True-False] 
distributed/tests/test_client.py::test_Future_exception_sync 
[gw3] [  8%] PASSED distributed/tests/test_client.py::test_pragmatic_move_small_data_to_large_data 
distributed/tests/test_client.py::test_scatter_direct_numpy 
[gw7] [  8%] PASSED distributed/tests/test_asyncprocess.py::test_num_fds 
distributed/tests/test_batched.py::test_close_twice 
[gw7] [  8%] PASSED distributed/tests/test_batched.py::test_close_twice 
distributed/tests/test_client.py::test_map_keynames 
[gw7] [  8%] PASSED distributed/tests/test_client.py::test_map_keynames 
distributed/tests/test_client.py::test_persist_retries 
[gw6] [  8%] PASSED distributed/tests/test_client.py::test_sync_exceptions 
distributed/tests/test_client.py::test_get_sync 
[gw3] [  8%] PASSED distributed/tests/test_client.py::test_scatter_direct_numpy 
distributed/tests/test_client.py::test_scatter_gather_sync[False-True] 
[gw5] [  8%] PASSED distributed/tests/test_client.py::test_limit_concurrent_gathering 
distributed/tests/test_client.py::test_wait_timeout 
[gw1] [  8%] PASSED distributed/tests/test_asyncprocess.py::test_simple 
distributed/tests/test_asyncprocess.py::test_terminate_after_stop 
[gw7] [  8%] PASSED distributed/tests/test_client.py::test_persist_retries 
distributed/tests/test_client.py::test_Future_release_sync 
[gw1] [  8%] PASSED distributed/tests/test_asyncprocess.py::test_terminate_after_stop 
distributed/tests/test_batched.py::test_stress 
[gw1] [  8%] SKIPPED distributed/tests/test_batched.py::test_stress 
distributed/tests/test_client.py::test_map_retries 
[gw5] [  8%] PASSED distributed/tests/test_client.py::test_wait_timeout 
distributed/tests/test_client.py::test_gather_robust_to_missing_data 
[gw5] [  9%] SKIPPED distributed/tests/test_client.py::test_gather_robust_to_missing_data 
distributed/tests/test_client.py::test_remove_worker 
[gw1] [  9%] PASSED distributed/tests/test_client.py::test_map_retries 
distributed/tests/test_client.py::test_persist_retries_annotations 
[gw5] [  9%] PASSED distributed/tests/test_client.py::test_remove_worker 
distributed/tests/test_client.py::test_scatter 
[gw1] [  9%] PASSED distributed/tests/test_client.py::test_persist_retries_annotations 
distributed/tests/test_client.py::test_short_tracebacks 
[gw5] [  9%] PASSED distributed/tests/test_client.py::test_scatter 
distributed/tests/test_client.py::test_get_releases_data 
[gw0] [  9%] PASSED distributed/tests/test_client.py::test_gather_sync 
distributed/tests/test_client.py::test_gather_errors 
[gw2] [  9%] PASSED distributed/tests/test_client.py::test_scatter_gather_sync[True-False] 
[gw0] [  9%] PASSED distributed/tests/test_client.py::test_gather_errors 
distributed/tests/test_client.py::test_recompute_released_key 
distributed/tests/test_client.py::test_traceback_sync 
[gw4] [  9%] PASSED distributed/tests/test_client.py::test_Future_exception_sync 
distributed/tests/test_client.py::test_thread 
[gw6] [  9%] PASSED distributed/tests/test_client.py::test_get_sync 
distributed/tests/test_client.py::test_wait_informative_error_for_timeouts 
[gw5] [  9%] PASSED distributed/tests/test_client.py::test_get_releases_data 
distributed/tests/test_client.py::test_get_with_non_list_key 
[gw3] [  9%] PASSED distributed/tests/test_client.py::test_scatter_gather_sync[False-True] 
distributed/tests/test_client.py::test_multiple_clients 
[gw3] [  9%] SKIPPED distributed/tests/test_client.py::test_multiple_clients 
distributed/tests/test_client.py::test_allow_restrictions 
[gw3] [ 10%] SKIPPED distributed/tests/test_client.py::test_allow_restrictions 
distributed/tests/test_client.py::test_repr_async 
[gw0] [ 10%] PASSED distributed/tests/test_client.py::test_recompute_released_key 
distributed/tests/test_client.py::test_restrictions_map 
[gw0] [ 10%] SKIPPED distributed/tests/test_client.py::test_restrictions_map 
distributed/tests/test_client.py::test_submit_then_get_with_Future 
[gw5] [ 10%] PASSED distributed/tests/test_client.py::test_get_with_non_list_key 
distributed/tests/test_client.py::test_scatter_direct_broadcast 
[gw3] [ 10%] PASSED distributed/tests/test_client.py::test_repr_async 
distributed/tests/test_client.py::test_cleanup_after_broken_client_connection 
[gw7] [ 10%] PASSED distributed/tests/test_client.py::test_Future_release_sync 
distributed/tests/test_client.py::test_gather 
[gw0] [ 10%] PASSED distributed/tests/test_client.py::test_submit_then_get_with_Future 
distributed/tests/test_client.py::test_scatter_typename 
[gw7] [ 10%] PASSED distributed/tests/test_client.py::test_gather 
distributed/tests/test_client.py::test_no_future_references 
[gw5] [ 10%] PASSED distributed/tests/test_client.py::test_scatter_direct_broadcast 
distributed/tests/test_client.py::test_scatter_gather_sync[False-False] 
[gw0] [ 10%] PASSED distributed/tests/test_client.py::test_scatter_typename 
distributed/tests/test_client.py::test_nbytes_determines_worker 
[gw0] [ 10%] SKIPPED distributed/tests/test_client.py::test_nbytes_determines_worker 
distributed/tests/test_client.py::test_scatter_direct 
[gw1] [ 10%] PASSED distributed/tests/test_client.py::test_short_tracebacks 
distributed/tests/test_client.py::test_gather_lost 
[gw0] [ 10%] PASSED distributed/tests/test_client.py::test_scatter_direct 
distributed/tests/test_client.py::test_scatter_gather_sync[True-True] 
[gw1] [ 11%] PASSED distributed/tests/test_client.py::test_gather_lost 
distributed/tests/test_client.py::test_get_sync_optimize_graph_passes_through 
[gw2] [ 11%] PASSED distributed/tests/test_client.py::test_traceback_sync 
distributed/tests/test_client.py::test_client_with_scheduler 
[gw6] [ 11%] PASSED distributed/tests/test_client.py::test_wait_informative_error_for_timeouts 
distributed/tests/test_client.py::test_tokenize_on_futures 
[gw6] [ 11%] PASSED distributed/tests/test_client.py::test_tokenize_on_futures 
distributed/tests/test_client.py::test_submit_quotes 
[gw2] [ 11%] PASSED distributed/tests/test_client.py::test_client_with_scheduler 
distributed/tests/test_client.py::test_repr 
[gw4] [ 11%] PASSED distributed/tests/test_client.py::test_thread 
distributed/tests/test_client.py::test_get 
[gw6] [ 11%] PASSED distributed/tests/test_client.py::test_submit_quotes 
distributed/tests/test_client.py::test_scatter_non_list 
[gw4] [ 11%] PASSED distributed/tests/test_client.py::test_get 
distributed/tests/test_client.py::test_wait_sync 
[gw3] [ 11%] PASSED distributed/tests/test_client.py::test_cleanup_after_broken_client_connection 
distributed/tests/test_client.py::test_cancel_tuple_key 
[gw7] [ 11%] PASSED distributed/tests/test_client.py::test_no_future_references 
distributed/tests/test_client.py::test_garbage_collection 
[gw6] [ 11%] PASSED distributed/tests/test_client.py::test_scatter_non_list 
distributed/tests/test_client.py::test_global_clients 
[gw5] [ 11%] PASSED distributed/tests/test_client.py::test_scatter_gather_sync[False-False] 
distributed/tests/test_client.py::test_async_compute 
[gw3] [ 11%] PASSED distributed/tests/test_client.py::test_cancel_tuple_key 
distributed/tests/test_client.py::test_async_persist 
[gw7] [ 12%] PASSED distributed/tests/test_client.py::test_garbage_collection 
distributed/tests/test_client.py::test_restrictions_submit 
[gw7] [ 12%] SKIPPED distributed/tests/test_client.py::test_restrictions_submit 
distributed/tests/test_client.py::test_map_quotes 
[gw5] [ 12%] PASSED distributed/tests/test_client.py::test_async_compute 
distributed/tests/test_client.py::test_bad_address 
[gw3] [ 12%] PASSED distributed/tests/test_client.py::test_async_persist 
distributed/tests/test_client.py::test_dont_delete_recomputed_results 
[gw3] [ 12%] SKIPPED distributed/tests/test_client.py::test_dont_delete_recomputed_results 
distributed/tests/test_client.py::test_run_coroutine_deprecated 
[gw0] [ 12%] PASSED distributed/tests/test_client.py::test_scatter_gather_sync[True-True] 
[gw5] [ 12%] PASSED distributed/tests/test_client.py::test_bad_address 
distributed/tests/test_client.py::test_forget_simple 
distributed/tests/test_client.py::test_gather_traceback 
[gw3] [ 12%] PASSED distributed/tests/test_client.py::test_run_coroutine_deprecated 
distributed/tests/test_client.py::test_client_num_fds 
[gw1] [ 12%] PASSED distributed/tests/test_client.py::test_get_sync_optimize_graph_passes_through 
[gw7] [ 12%] PASSED distributed/tests/test_client.py::test_map_quotes 
distributed/tests/test_client.py::test_scatter_tokenize_local 
distributed/tests/test_client.py::test_garbage_collection_with_scatter 
[gw0] [ 12%] PASSED distributed/tests/test_client.py::test_gather_traceback 
distributed/tests/test_client.py::test_start_is_idempotent 
[gw5] [ 12%] PASSED distributed/tests/test_client.py::test_forget_simple 
distributed/tests/test_client.py::test_multi_garbage_collection 
[gw1] [ 12%] PASSED distributed/tests/test_client.py::test_garbage_collection_with_scatter 
distributed/tests/test_client.py::test_restrictions_ip_port 
[gw7] [ 13%] PASSED distributed/tests/test_client.py::test_scatter_tokenize_local 
distributed/tests/test_client.py::test_exception_on_exception 
[gw5] [ 13%] PASSED distributed/tests/test_client.py::test_multi_garbage_collection 
distributed/tests/test_client.py::test_cancel_multi_client 
[gw7] [ 13%] PASSED distributed/tests/test_client.py::test_exception_on_exception 
distributed/tests/test_client.py::test_directed_scatter 
[gw1] [ 13%] PASSED distributed/tests/test_client.py::test_restrictions_ip_port 
distributed/tests/test_client.py::test_two_consecutive_clients_share_results 
[gw2] [ 13%] PASSED distributed/tests/test_client.py::test_repr 
distributed/tests/test_client.py::test_multi_client 
[gw5] [ 13%] PASSED distributed/tests/test_client.py::test_cancel_multi_client 
distributed/tests/test_client.py::test__persist 
[gw2] [ 13%] PASSED distributed/tests/test_client.py::test_multi_client 
distributed/tests/test_client.py::test__cancel 
[gw7] [ 13%] PASSED distributed/tests/test_client.py::test_directed_scatter 
distributed/tests/test_client.py::test_scatter_direct_empty 
[gw4] [ 13%] PASSED distributed/tests/test_client.py::test_wait_sync 
distributed/tests/test_client.py::test_gather_robust_to_nested_missing_data 
[gw4] [ 13%] SKIPPED distributed/tests/test_client.py::test_gather_robust_to_nested_missing_data 
distributed/tests/test_client.py::test_errors_dont_block 
[gw1] [ 13%] PASSED distributed/tests/test_client.py::test_two_consecutive_clients_share_results 
distributed/tests/test_client.py::test_scatter_singletons 
[gw6] [ 13%] PASSED distributed/tests/test_client.py::test_global_clients 
distributed/tests/test_client.py::test_get_with_error_sync 
[gw7] [ 13%] PASSED distributed/tests/test_client.py::test_scatter_direct_empty 
distributed/tests/test_client.py::test_traceback 
[gw4] [ 14%] PASSED distributed/tests/test_client.py::test_errors_dont_block 
distributed/tests/test_client.py::test_scatter_types 
[gw5] [ 14%] PASSED distributed/tests/test_client.py::test__persist 
distributed/tests/test_client.py::test_fatally_serialized_input 
[gw2] [ 14%] PASSED distributed/tests/test_client.py::test__cancel 
distributed/tests/test_client.py::test_Future_exception_sync_2 
[gw1] [ 14%] PASSED distributed/tests/test_client.py::test_scatter_singletons 
distributed/tests/test_client.py::test_get_nbytes 
[gw5] [ 14%] PASSED distributed/tests/test_client.py::test_fatally_serialized_input 
distributed/tests/test_client.py::test_run_exception 
[gw7] [ 14%] PASSED distributed/tests/test_client.py::test_traceback 
distributed/tests/test_client.py::test_remote_scatter_gather 
[gw4] [ 14%] PASSED distributed/tests/test_client.py::test_scatter_types 
distributed/tests/test_client.py::test_current 
[gw1] [ 14%] PASSED distributed/tests/test_client.py::test_get_nbytes 
distributed/tests/test_client.py::test_directed_scatter_sync 
[gw7] [ 14%] PASSED distributed/tests/test_client.py::test_remote_scatter_gather 
distributed/tests/test_client.py::test_map_on_futures_with_kwargs 
[gw3] [ 14%] PASSED distributed/tests/test_client.py::test_client_num_fds 
distributed/tests/test_client.py::test_submit_on_cancelled_future 
[gw0] [ 14%] PASSED distributed/tests/test_client.py::test_start_is_idempotent 
distributed/tests/test_client.py::test_badly_serialized_input_stderr 
[gw0] [ 14%] SKIPPED distributed/tests/test_client.py::test_badly_serialized_input_stderr 
distributed/tests/test_client.py::test_waiting_data 
[gw3] [ 14%] PASSED distributed/tests/test_client.py::test_submit_on_cancelled_future 
distributed/tests/test_client.py::test_task_load_adapts_quickly 
[gw7] [ 15%] PASSED distributed/tests/test_client.py::test_map_on_futures_with_kwargs 
distributed/tests/test_client.py::test_forget_errors 
[gw0] [ 15%] PASSED distributed/tests/test_client.py::test_waiting_data 
distributed/tests/test_client.py::test_proxy 
[gw7] [ 15%] PASSED distributed/tests/test_client.py::test_forget_errors 
distributed/tests/test_client.py::test__broadcast_dict 
[gw3] [ 15%] PASSED distributed/tests/test_client.py::test_task_load_adapts_quickly 
distributed/tests/test_client.py::test_cancel_clears_processing 
[gw0] [ 15%] PASSED distributed/tests/test_client.py::test_proxy 
distributed/tests/test_client.py::test_map_differnet_lengths 
[gw0] [ 15%] PASSED distributed/tests/test_client.py::test_map_differnet_lengths 
distributed/tests/test_client.py::test_futures_of_class 
[gw0] [ 15%] PASSED distributed/tests/test_client.py::test_futures_of_class 
distributed/tests/test_client.py::test_run_coroutine 
[gw7] [ 15%] PASSED distributed/tests/test_client.py::test__broadcast_dict 
distributed/tests/test_client.py::test_future_type 
[gw6] [ 15%] PASSED distributed/tests/test_client.py::test_get_with_error_sync 
[gw3] [ 15%] PASSED distributed/tests/test_client.py::test_cancel_clears_processing 
distributed/tests/test_client.py::test_close_idempotent 
distributed/tests/test_client.py::test_scatter_direct_broadcast_target 
[gw2] [ 15%] PASSED distributed/tests/test_client.py::test_Future_exception_sync_2 
distributed/tests/test_client.py::test_futures_of_cancelled_raises 
[gw7] [ 15%] PASSED distributed/tests/test_client.py::test_future_type 
distributed/tests/test_client.py::test_wait_on_collections 
[gw2] [ 16%] PASSED distributed/tests/test_client.py::test_futures_of_cancelled_raises 
distributed/tests/test_client.py::test_run_coroutine_sync 
[gw6] [ 16%] PASSED distributed/tests/test_client.py::test_scatter_direct_broadcast_target 
[gw0] [ 16%] PASSED distributed/tests/test_client.py::test_run_coroutine 
distributed/tests/test_client.py::test_persist_get_sync 
distributed/tests/test_client.py::test_many_submits_spread_evenly 
[gw5] [ 16%] PASSED distributed/tests/test_client.py::test_run_exception 
[gw7] [ 16%] PASSED distributed/tests/test_client.py::test_wait_on_collections 
distributed/tests/test_client.py::test_run_handles_picklable_data 
distributed/tests/test_client.py::test_startup_close_startup 
[gw4] [ 16%] PASSED distributed/tests/test_client.py::test_current 
[gw5] [ 16%] PASSED distributed/tests/test_client.py::test_startup_close_startup 
distributed/tests/test_client.py::test_replicate 
[gw6] [ 16%] PASSED distributed/tests/test_client.py::test_many_submits_spread_evenly 
distributed/tests/test_client.py::test_sync_compute 
[gw7] [ 16%] PASSED distributed/tests/test_client.py::test_run_handles_picklable_data 
distributed/tests/test_client.py::test_diagnostic_nbytes 
[gw1] [ 16%] PASSED distributed/tests/test_client.py::test_directed_scatter_sync 
distributed/tests/test_client.py::test_scatter_direct_spread_evenly 
[gw7] [ 16%] PASSED distributed/tests/test_client.py::test_diagnostic_nbytes 
distributed/tests/test_client.py::test_receive_lost_key 
[gw1] [ 16%] PASSED distributed/tests/test_client.py::test_scatter_direct_spread_evenly 
distributed/tests/test_client.py::test_get_traceback 
distributed/tests/test_client.py::test_get_with_error 
[gw5] [ 16%] PASSED distributed/tests/test_client.py::test_replicate 
distributed/tests/test_client.py::test_even_load_after_fast_functions 
[gw4] [ 17%] PASSED distributed/tests/test_client.py::test_get_with_error 
distributed/tests/test_client.py::test_scatter_direct_balanced 
[gw1] [ 17%] PASSED distributed/tests/test_client.py::test_get_traceback 
distributed/tests/test_client.py::test_remote_submit_on_Future 
[gw7] [ 17%] PASSED distributed/tests/test_client.py::test_receive_lost_key 
distributed/tests/test_client.py::test_replicate_tree_branching 
[gw5] [ 17%] PASSED distributed/tests/test_client.py::test_even_load_after_fast_functions 
distributed/tests/test_client.py::test_default_get 
[gw4] [ 17%] PASSED distributed/tests/test_client.py::test_scatter_direct_balanced 
distributed/tests/test_client.py::test_gather_direct 
[gw1] [ 17%] PASSED distributed/tests/test_client.py::test_remote_submit_on_Future 
distributed/tests/test_client.py::test_badly_serialized_input 
[gw4] [ 17%] PASSED distributed/tests/test_client.py::test_gather_direct 
distributed/tests/test_client.py::test_async_compute_with_scatter 
[gw7] [ 17%] PASSED distributed/tests/test_client.py::test_replicate_tree_branching 
distributed/tests/test_client.py::test_balanced_with_submit 
[gw1] [ 17%] PASSED distributed/tests/test_client.py::test_badly_serialized_input 
distributed/tests/test_client.py::test_repr_sync 
[gw3] [ 17%] PASSED distributed/tests/test_client.py::test_close_idempotent 
[gw4] [ 17%] PASSED distributed/tests/test_client.py::test_async_compute_with_scatter 
distributed/tests/test_client.py::test_informative_error_on_cluster_type 
[gw4] [ 17%] PASSED distributed/tests/test_client.py::test_informative_error_on_cluster_type 
distributed/tests/test_client.py::test_forget_complex 
distributed/tests/test_client.py::test_as_completed_batches[False] 
[gw7] [ 17%] PASSED distributed/tests/test_client.py::test_balanced_with_submit 
distributed/tests/test_client.py::test_get_foo 
[gw4] [ 18%] PASSED distributed/tests/test_client.py::test_forget_complex 
distributed/tests/test_client.py::test__broadcast 
[gw0] [ 18%] PASSED distributed/tests/test_client.py::test_persist_get_sync 
[gw2] [ 18%] PASSED distributed/tests/test_client.py::test_run_coroutine_sync 
distributed/tests/test_client.py::test_persist_get 
distributed/tests/test_client.py::test_add_worker_after_tasks 
[gw7] [ 18%] PASSED distributed/tests/test_client.py::test_get_foo 
distributed/tests/test_client.py::test_get_stops_work_after_error 
[gw4] [ 18%] PASSED distributed/tests/test_client.py::test__broadcast 
distributed/tests/test_client.py::test_cancel_collection 
[gw6] [ 18%] PASSED distributed/tests/test_client.py::test_sync_compute 
distributed/tests/test_client.py::test_long_error 
[gw6] [ 18%] PASSED distributed/tests/test_client.py::test_long_error 
distributed/tests/test_client.py::test_forget_in_flight 
[gw4] [ 18%] PASSED distributed/tests/test_client.py::test_cancel_collection 
distributed/tests/test_client.py::test_persist 
[gw2] [ 18%] PASSED distributed/tests/test_client.py::test_persist_get 
distributed/tests/test_client.py::test_workers_register_indirect_data 
[gw2] [ 18%] SKIPPED distributed/tests/test_client.py::test_workers_register_indirect_data 
distributed/tests/test_client.py::test_client_replicate_sync 
[gw6] [ 18%] PASSED distributed/tests/test_client.py::test_forget_in_flight 
distributed/tests/test_client.py::test__broadcast_integer 
[gw5] [ 18%] PASSED distributed/tests/test_client.py::test_default_get 
distributed/tests/test_client.py::test_get_returns_early 
[gw6] [ 18%] PASSED distributed/tests/test_client.py::test__broadcast_integer 
distributed/tests/test_client.py::test_cancel 
[gw1] [ 19%] PASSED distributed/tests/test_client.py::test_repr_sync 
distributed/tests/test_client.py::test_broadcast 
[gw3] [ 19%] PASSED distributed/tests/test_client.py::test_as_completed_batches[False] 
distributed/tests/test_client.py::test_reconnect_timeout 
[gw7] [ 19%] PASSED distributed/tests/test_client.py::test_get_stops_work_after_error 
distributed/tests/test_client.py::test_client_repr_html 
[gw0] [ 19%] PASSED distributed/tests/test_client.py::test_add_worker_after_tasks 
distributed/tests/test_client.py::test_client_replicate_host 
[gw0] [ 19%] SKIPPED distributed/tests/test_client.py::test_client_replicate_host 
distributed/tests/test_client.py::test_scheduler_saturates_cores 
[gw3] [ 19%] PASSED distributed/tests/test_client.py::test_reconnect_timeout 
distributed/tests/test_client.py::test_threaded_get_within_distributed 
[gw4] [ 19%] PASSED distributed/tests/test_client.py::test_persist 
[gw2] [ 19%] PASSED distributed/tests/test_client.py::test_client_replicate_sync 
distributed/tests/test_client.py::test_balance_tasks_by_stacks 
[gw4] [ 19%] SKIPPED distributed/tests/test_client.py::test_balance_tasks_by_stacks 
distributed/tests/test_client.py::test_diagnostic_ui 
distributed/tests/test_client.py::test_scheduler_saturates_cores_random 
[gw2] [ 19%] PASSED distributed/tests/test_client.py::test_scheduler_saturates_cores_random 
distributed/tests/test_client.py::test_get_processing_sync 
[gw0] [ 19%] PASSED distributed/tests/test_client.py::test_scheduler_saturates_cores 
distributed/tests/test_client.py::test_bad_tasks_fail 
[gw0] [ 19%] SKIPPED distributed/tests/test_client.py::test_bad_tasks_fail 
distributed/tests/test_client.py::test_as_completed_results 
[gw6] [ 19%] PASSED distributed/tests/test_client.py::test_cancel 
distributed/tests/test_client.py::test_long_traceback 
[gw1] [ 20%] PASSED distributed/tests/test_client.py::test_broadcast 
distributed/tests/test_client.py::test_traceback_clean 
[gw6] [ 20%] PASSED distributed/tests/test_client.py::test_long_traceback 
distributed/tests/test_client.py::test_run 
[gw1] [ 20%] PASSED distributed/tests/test_client.py::test_traceback_clean 
distributed/tests/test_client.py::test_futures_of_get 
[gw5] [ 20%] PASSED distributed/tests/test_client.py::test_get_returns_early 
distributed/tests/test_client.py::test_as_completed_next_batch 
[gw6] [ 20%] PASSED distributed/tests/test_client.py::test_run 
distributed/tests/test_client.py::test_diagnostic_nbytes_sync 
[gw1] [ 20%] PASSED distributed/tests/test_client.py::test_futures_of_get 
distributed/tests/test_client.py::test_run_sync 
[gw7] [ 20%] PASSED distributed/tests/test_client.py::test_client_repr_html 
distributed/tests/test_client.py::test_scheduler_info 
[gw4] [ 20%] PASSED distributed/tests/test_client.py::test_diagnostic_ui 
distributed/tests/test_client.py::test_startup_close_startup_sync 
[gw3] [ 20%] PASSED distributed/tests/test_client.py::test_threaded_get_within_distributed 
distributed/tests/test_client.py::test_as_current 
[gw0] [ 20%] PASSED distributed/tests/test_client.py::test_as_completed_results 
[gw2] [ 20%] PASSED distributed/tests/test_client.py::test_get_processing_sync 
distributed/tests/test_client.py::test_scatter_raises_if_no_workers 
distributed/tests/test_client.py::test_as_completed_batches[True] 
[gw3] [ 20%] PASSED distributed/tests/test_client.py::test_as_current 
distributed/tests/test_client.py::test_compute_nested_containers 
[gw3] [ 20%] PASSED distributed/tests/test_client.py::test_compute_nested_containers 
distributed/tests/test_client.py::test_add_done_callback 
[gw6] [ 21%] PASSED distributed/tests/test_client.py::test_diagnostic_nbytes_sync 
[gw1] [ 21%] PASSED distributed/tests/test_client.py::test_run_sync 
[gw7] [ 21%] PASSED distributed/tests/test_client.py::test_scheduler_info 
distributed/tests/test_client.py::test_badly_serialized_exceptions 
[gw0] [ 21%] PASSED distributed/tests/test_client.py::test_scatter_raises_if_no_workers 
distributed/tests/test_client.py::test_worker_aliases 
distributed/tests/test_client.py::test_get_versions 
distributed/tests/test_client.py::test_scatter_compute_store_lose 
[gw5] [ 21%] PASSED distributed/tests/test_client.py::test_as_completed_next_batch 
distributed/tests/test_client.py::test_open_close_many_workers[Worker-100-5] 
[gw5] [ 21%] SKIPPED distributed/tests/test_client.py::test_open_close_many_workers[Worker-100-5] 
distributed/tests/test_client.py::test_lose_scattered_data 
[gw3] [ 21%] PASSED distributed/tests/test_client.py::test_add_done_callback 
distributed/tests/test_client.py::test_normalize_collection 
[gw6] [ 21%] PASSED distributed/tests/test_client.py::test_badly_serialized_exceptions 
distributed/tests/test_client.py::test_replicate_workers 
[gw5] [ 21%] PASSED distributed/tests/test_client.py::test_lose_scattered_data 
distributed/tests/test_client.py::test_as_current_is_thread_local 
[gw7] [ 21%] PASSED distributed/tests/test_client.py::test_scatter_compute_store_lose 
distributed/tests/test_client.py::test_persist_workers_annotate2 
[gw1] [ 21%] PASSED distributed/tests/test_client.py::test_worker_aliases 
distributed/tests/test_client.py::test_unrunnable_task_runs 
[gw1] [ 21%] SKIPPED distributed/tests/test_client.py::test_unrunnable_task_runs 
distributed/tests/test_client.py::test_client_replicate 
[gw3] [ 21%] PASSED distributed/tests/test_client.py::test_normalize_collection 
distributed/tests/test_client.py::test_normalize_collection_dask_array 
[gw7] [ 22%] PASSED distributed/tests/test_client.py::test_persist_workers_annotate2 
distributed/tests/test_client.py::test_weight_occupancy_against_data_movement 
[gw4] [ 22%] PASSED distributed/tests/test_client.py::test_startup_close_startup_sync 
distributed/tests/test_client.py::test_replicate_tuple_keys 
[gw3] [ 22%] PASSED distributed/tests/test_client.py::test_normalize_collection_dask_array 
distributed/tests/test_client.py::test_normalize_collection_with_released_futures 
[gw3] [ 22%] SKIPPED distributed/tests/test_client.py::test_normalize_collection_with_released_futures 
distributed/tests/test_client.py::test_auto_normalize_collection 
[gw6] [ 22%] PASSED distributed/tests/test_client.py::test_replicate_workers 
distributed/tests/test_client.py::test_contiguous_load 
[gw6] [ 22%] SKIPPED distributed/tests/test_client.py::test_contiguous_load 
distributed/tests/test_client.py::test_get_processing 
[gw4] [ 22%] PASSED distributed/tests/test_client.py::test_replicate_tuple_keys 
distributed/tests/test_client.py::test_even_load_on_startup 
[gw1] [ 22%] PASSED distributed/tests/test_client.py::test_client_replicate 
distributed/tests/test_client.py::test_balanced_with_submit_and_resident_data 
[gw7] [ 22%] PASSED distributed/tests/test_client.py::test_weight_occupancy_against_data_movement 
distributed/tests/test_client.py::test_computation_code_walk_frames 
[gw7] [ 22%] PASSED distributed/tests/test_client.py::test_computation_code_walk_frames 
distributed/tests/test_client.py::test_computation_object_code_dask_compute 
[gw6] [ 22%] PASSED distributed/tests/test_client.py::test_get_processing 
distributed/tests/test_client.py::test_restart_timeout_is_logged 
[gw4] [ 22%] PASSED distributed/tests/test_client.py::test_even_load_on_startup 
distributed/tests/test_client.py::test_set_as_default 
[gw1] [ 22%] PASSED distributed/tests/test_client.py::test_balanced_with_submit_and_resident_data 
distributed/tests/test_client.py::test_get_foo_lost_keys 
[gw2] [ 23%] PASSED distributed/tests/test_client.py::test_as_completed_batches[True] 
distributed/tests/test_client.py::test_reconnect 
[gw2] [ 23%] SKIPPED distributed/tests/test_client.py::test_reconnect 
distributed/tests/test_client.py::test_async_get_versions 
[gw4] [ 23%] PASSED distributed/tests/test_client.py::test_set_as_default 
distributed/tests/test_client.py::test_Client_clears_references_after_restart 
[gw4] [ 23%] SKIPPED distributed/tests/test_client.py::test_Client_clears_references_after_restart 
distributed/tests/test_client.py::test_status 
[gw2] [ 23%] PASSED distributed/tests/test_client.py::test_async_get_versions 
distributed/tests/test_client.py::test_temp_default_client 
[gw1] [ 23%] PASSED distributed/tests/test_client.py::test_get_foo_lost_keys 
distributed/tests/test_client.py::test_as_completed_list 
[gw0] [ 23%] PASSED distributed/tests/test_client.py::test_get_versions 
distributed/tests/test_client.py::test_serialize_future 
[gw4] [ 23%] PASSED distributed/tests/test_client.py::test_status 
distributed/tests/test_client.py::test_open_close_many_workers[Nanny-10-20] 
[gw4] [ 23%] SKIPPED distributed/tests/test_client.py::test_open_close_many_workers[Nanny-10-20] 
distributed/tests/test_client.py::test_partially_lose_scattered_data 
[gw2] [ 23%] PASSED distributed/tests/test_client.py::test_temp_default_client 
distributed/tests/test_client.py::test_compute_workers 
[gw5] [ 23%] PASSED distributed/tests/test_client.py::test_as_current_is_thread_local 
[gw0] [ 23%] PASSED distributed/tests/test_client.py::test_serialize_future 
distributed/tests/test_client.py::test_compute_workers_annotate 
[gw4] [ 24%] PASSED distributed/tests/test_client.py::test_partially_lose_scattered_data 
distributed/tests/test_client.py::test_as_current_is_task_local 
[gw2] [ 24%] PASSED distributed/tests/test_client.py::test_compute_workers 
distributed/tests/test_client.py::test_get_client 
[gw4] [ 24%] PASSED distributed/tests/test_client.py::test_as_current_is_task_local 
distributed/tests/test_client.py::test_retire_workers_2 
distributed/tests/test_client.py::test_scatter_type 
[gw0] [ 24%] PASSED distributed/tests/test_client.py::test_compute_workers_annotate 
distributed/tests/test_client.py::test_profile_server 
[gw5] [ 24%] PASSED distributed/tests/test_client.py::test_scatter_type 
distributed/tests/test_client.py::test_client_name 
[gw2] [ 24%] PASSED distributed/tests/test_client.py::test_get_client 
distributed/tests/test_client.py::test_get_client_no_cluster 
[gw2] [ 24%] PASSED distributed/tests/test_client.py::test_get_client_no_cluster 
distributed/tests/test_client.py::test_serialize_collections 
[gw4] [ 24%] PASSED distributed/tests/test_client.py::test_retire_workers_2 
distributed/tests/test_client_executor.py::test_shutdown 
[gw7] [ 24%] PASSED distributed/tests/test_client.py::test_computation_object_code_dask_compute 
distributed/tests/test_client.py::test_computation_object_code_dask_persist 
[gw5] [ 24%] PASSED distributed/tests/test_client.py::test_client_name 
distributed/tests/test_client.py::test_client_doesnt_close_given_loop 
[gw7] [ 24%] PASSED distributed/tests/test_client.py::test_computation_object_code_dask_persist 
distributed/tests/test_client.py::test_computation_object_code_client_submit_simple 
[gw2] [ 24%] PASSED distributed/tests/test_client.py::test_serialize_collections 
distributed/tests/test_client.py::test_secede_simple 
[gw1] [ 24%] PASSED distributed/tests/test_client.py::test_as_completed_list 
distributed/tests/test_client.py::test_persist_optimize_graph 
[gw2] [ 25%] PASSED distributed/tests/test_client.py::test_secede_simple 
distributed/tests/test_client.py::test_secede_balances 
[gw7] [ 25%] PASSED distributed/tests/test_client.py::test_computation_object_code_client_submit_simple 
distributed/tests/test_client.py::test_computation_object_code_client_submit_list_comp 
[gw1] [ 25%] PASSED distributed/tests/test_client.py::test_persist_optimize_graph 
distributed/tests/test_client.py::test_write_scheduler_file 
[gw7] [ 25%] PASSED distributed/tests/test_client.py::test_computation_object_code_client_submit_list_comp 
distributed/tests/test_client.py::test_computation_object_code_client_submit_dict_comp 
[gw3] [ 25%] XFAIL distributed/tests/test_client.py::test_auto_normalize_collection 
distributed/tests/test_client.py::test_auto_normalize_collection_sync 
[gw7] [ 25%] PASSED distributed/tests/test_client.py::test_computation_object_code_client_submit_dict_comp 
distributed/tests/test_client.py::test_computation_object_code_client_map 
[gw2] [ 25%] PASSED distributed/tests/test_client.py::test_secede_balances 
distributed/tests/test_client.py::test_sub_submit_priority 
[gw0] [ 25%] PASSED distributed/tests/test_client.py::test_profile_server 
distributed/tests/test_client.py::test_await_future 
[gw5] [ 25%] PASSED distributed/tests/test_client.py::test_client_doesnt_close_given_loop 
[gw7] [ 25%] PASSED distributed/tests/test_client.py::test_computation_object_code_client_map 
distributed/tests/test_client.py::test_computation_object_code_client_compute 
[gw2] [ 25%] PASSED distributed/tests/test_client.py::test_sub_submit_priority 
distributed/tests/test_client.py::test_get_client_sync 
[gw0] [ 25%] PASSED distributed/tests/test_client.py::test_await_future 
distributed/tests/test_client.py::test_as_completed_async_for 
[gw7] [ 25%] PASSED distributed/tests/test_client.py::test_computation_object_code_client_compute 
distributed/tests/test_client.py::test_repr_localcluster 
distributed/tests/test_client.py::test_quiet_scheduler_loss 
[gw0] [ 26%] PASSED distributed/tests/test_client.py::test_as_completed_async_for 
distributed/tests/test_client.py::test_as_completed_async_for_results 
[gw1] [ 26%] PASSED distributed/tests/test_client.py::test_write_scheduler_file 
distributed/tests/test_client.py::test_scatter_compute_store_lose_processing 
[gw5] [ 26%] PASSED distributed/tests/test_client.py::test_quiet_scheduler_loss 
distributed/tests/test_client.py::test_dashboard_link 
[gw0] [ 26%] PASSED distributed/tests/test_client.py::test_as_completed_async_for_results 
distributed/tests/test_client.py::test_as_completed_async_for_cancel 
[gw4] [ 26%] PASSED distributed/tests/test_client_executor.py::test_shutdown 
distributed/tests/test_client_loop.py::test_close_loop_sync[True] 
[gw7] [ 26%] PASSED distributed/tests/test_client.py::test_repr_localcluster 
distributed/tests/test_client.py::test_client_timeout 
[gw7] [ 26%] SKIPPED distributed/tests/test_client.py::test_client_timeout 
distributed/tests/test_client.py::test_dashboard_link_inproc 
[gw1] [ 26%] PASSED distributed/tests/test_client.py::test_scatter_compute_store_lose_processing 
distributed/tests/test_client.py::test_persist_workers 
[gw7] [ 26%] PASSED distributed/tests/test_client.py::test_dashboard_link_inproc 
distributed/tests/test_client.py::test_client_timeout_2 
[gw7] [ 26%] PASSED distributed/tests/test_client.py::test_client_timeout_2 
distributed/tests/test_client.py::test_client_active_bad_port 
[gw7] [ 26%] PASSED distributed/tests/test_client.py::test_client_active_bad_port 
distributed/tests/test_client.py::test_dashboard_link_cluster 
[gw0] [ 26%] PASSED distributed/tests/test_client.py::test_as_completed_async_for_cancel 
distributed/tests/test_client.py::test_client_sync_with_async_def 
[gw7] [ 26%] PASSED distributed/tests/test_client.py::test_dashboard_link_cluster 
distributed/tests/test_client.py::test_shutdown 
[gw4] [ 27%] PASSED distributed/tests/test_client_loop.py::test_close_loop_sync[True] 
distributed/tests/test_client_loop.py::test_close_loop_sync[False] 
[gw4] [ 27%] PASSED distributed/tests/test_client_loop.py::test_close_loop_sync[False] 
distributed/tests/test_collections.py::test_dataframes 
[gw1] [ 27%] PASSED distributed/tests/test_client.py::test_persist_workers 
distributed/tests/test_client.py::test_distribute_tasks_by_nthreads 
[gw2] [ 27%] PASSED distributed/tests/test_client.py::test_get_client_sync 
distributed/tests/test_client.py::test_serialize_collections_of_futures 
[gw2] [ 27%] PASSED distributed/tests/test_client.py::test_serialize_collections_of_futures 
[gw1] [ 27%] PASSED distributed/tests/test_client.py::test_distribute_tasks_by_nthreads 
distributed/tests/test_core.py::test_server_status_assign_non_variant_raises 
distributed/tests/test_client.py::test_serialize_collections_of_futures_sync 
[gw1] [ 27%] PASSED distributed/tests/test_core.py::test_server_status_assign_non_variant_raises 
distributed/tests/test_core.py::test_server_status_assign_with_variant_warns 
[gw1] [ 27%] PASSED distributed/tests/test_core.py::test_server_status_assign_with_variant_warns 
distributed/tests/test_core.py::test_server_status_assign_with_variant_raises_in_tests 
[gw1] [ 27%] PASSED distributed/tests/test_core.py::test_server_status_assign_with_variant_raises_in_tests 
distributed/tests/test_core.py::test_server_assign_assign_enum_is_quiet 
[gw1] [ 27%] PASSED distributed/tests/test_core.py::test_server_assign_assign_enum_is_quiet 
distributed/tests/test_core.py::test_server_status_compare_enum_is_quiet 
[gw1] [ 27%] PASSED distributed/tests/test_core.py::test_server_status_compare_enum_is_quiet 
distributed/tests/test_core.py::test_server 
[gw1] [ 27%] PASSED distributed/tests/test_core.py::test_server 
distributed/tests/test_core.py::test_server_raises_on_blocked_handlers 
[gw1] [ 27%] PASSED distributed/tests/test_core.py::test_server_raises_on_blocked_handlers 
[gw6] [ 28%] PASSED distributed/tests/test_client.py::test_restart_timeout_is_logged 
distributed/tests/test_client.py::test_async_whowhat 
[gw6] [ 28%] PASSED distributed/tests/test_client.py::test_async_whowhat 
distributed/tests/test_client.py::test_idempotence 
[gw7] [ 28%] PASSED distributed/tests/test_client.py::test_shutdown 
distributed/tests/test_client.py::test_config_inherited_by_subprocess 
[gw0] [ 28%] PASSED distributed/tests/test_client.py::test_client_sync_with_async_def 
distributed/tests/test_client.py::test_dont_hold_on_to_large_messages 
[gw0] [ 28%] SKIPPED distributed/tests/test_client.py::test_dont_hold_on_to_large_messages 
distributed/tests/test_client.py::test_run_scheduler_async_def 
[gw5] [ 28%] PASSED distributed/tests/test_client.py::test_dashboard_link 
distributed/tests/test_client.py::test_turn_off_pickle[True] 
[gw0] [ 28%] PASSED distributed/tests/test_client.py::test_run_scheduler_async_def 
distributed/tests/test_client.py::test_run_scheduler_async_def_wait 
[gw5] [ 28%] PASSED distributed/tests/test_client.py::test_turn_off_pickle[True] 
distributed/tests/test_client.py::test_turn_off_pickle[False] 
[gw0] [ 28%] PASSED distributed/tests/test_client.py::test_run_scheduler_async_def_wait 
distributed/tests/test_client.py::test_performance_report 
[gw6] [ 28%] PASSED distributed/tests/test_client.py::test_idempotence 
distributed/tests/test_client.py::test_scatter_compute_lose 
[gw4] [ 28%] PASSED distributed/tests/test_collections.py::test_dataframes 
distributed/tests/test_collections.py::test_dask_array_collections 
[gw5] [ 28%] PASSED distributed/tests/test_client.py::test_turn_off_pickle[False] 
distributed/tests/test_client.py::test_de_serialization 
[gw2] [ 28%] PASSED distributed/tests/test_client.py::test_serialize_collections_of_futures_sync 
distributed/tests/test_client.py::test_dynamic_workloads_sync 
distributed/tests/test_core.py::test_server_listen 
[gw6] [ 29%] PASSED distributed/tests/test_client.py::test_scatter_compute_lose 
distributed/tests/test_client.py::test_persist_workers_annotate 
[gw5] [ 29%] PASSED distributed/tests/test_client.py::test_de_serialization 
distributed/tests/test_client.py::test_de_serialization_none 
[gw7] [ 29%] PASSED distributed/tests/test_client.py::test_config_inherited_by_subprocess 
distributed/tests/test_client.py::test_async_with 
[gw7] [ 29%] PASSED distributed/tests/test_client.py::test_async_with 
distributed/tests/test_client_executor.py::test_submit 
[gw4] [ 29%] PASSED distributed/tests/test_collections.py::test_dask_array_collections 
distributed/tests/test_collections.py::test_bag_groupby_tasks_default 
[gw5] [ 29%] PASSED distributed/tests/test_client.py::test_de_serialization_none 
distributed/tests/test_client.py::test_client_repr_closed 
[gw3] [ 29%] XFAIL distributed/tests/test_client.py::test_auto_normalize_collection_sync 
[gw6] [ 29%] PASSED distributed/tests/test_client.py::test_persist_workers_annotate 
distributed/tests/test_client.py::test_retire_many_workers 
distributed/tests/test_client.py::test_interleave_computations 
[gw4] [ 29%] PASSED distributed/tests/test_collections.py::test_bag_groupby_tasks_default 
distributed/tests/test_collections.py::test_dataframe_set_index_sync[wait] 
[gw5] [ 29%] PASSED distributed/tests/test_client.py::test_client_repr_closed 
distributed/tests/test_client.py::test_client_repr_closed_sync 
[gw5] [ 29%] PASSED distributed/tests/test_client.py::test_client_repr_closed_sync 
distributed/tests/test_client.py::test_nested_prioritization 
[gw6] [ 29%] PASSED distributed/tests/test_client.py::test_retire_many_workers 
distributed/tests/test_core.py::test_compression[echo_no_serialize-None] 
[gw6] [ 29%] PASSED distributed/tests/test_core.py::test_compression[echo_no_serialize-None] 
[gw5] [ 30%] XFAIL distributed/tests/test_client.py::test_nested_prioritization 
distributed/tests/test_client.py::test_scatter_error_cancel 
[gw7] [ 30%] PASSED distributed/tests/test_client_executor.py::test_submit 
[gw3] [ 30%] PASSED distributed/tests/test_client.py::test_interleave_computations 
distributed/tests/test_client.py::test_interleave_computations_map 
[gw3] [ 30%] SKIPPED distributed/tests/test_client.py::test_interleave_computations_map 
distributed/tests/test_client.py::test_scatter_dict_workers 
distributed/tests/test_client_executor.py::test_as_completed 
[gw5] [ 30%] PASSED distributed/tests/test_client.py::test_scatter_error_cancel 
distributed/tests/test_client.py::test_no_threads_lingering 
[gw5] [ 30%] XPASS distributed/tests/test_client.py::test_no_threads_lingering 
distributed/tests/test_client.py::test_direct_async 
[gw3] [ 30%] PASSED distributed/tests/test_client.py::test_scatter_dict_workers 
distributed/tests/test_client.py::test_submit_list_kwargs 
[gw2] [ 30%] PASSED distributed/tests/test_client.py::test_dynamic_workloads_sync 
[gw5] [ 30%] PASSED distributed/tests/test_client.py::test_direct_async 
distributed/tests/test_client.py::test_direct_sync 
distributed/tests/test_client.py::test_dynamic_workloads_sync_random 
[gw2] [ 30%] SKIPPED distributed/tests/test_client.py::test_dynamic_workloads_sync_random 
distributed/tests/test_client.py::test_bytes_keys 
distributed/tests/test_core.py::test_compression[echo_no_serialize-False] 
[gw6] [ 30%] PASSED distributed/tests/test_core.py::test_compression[echo_no_serialize-False] 
[gw3] [ 30%] PASSED distributed/tests/test_client.py::test_submit_list_kwargs 
distributed/tests/test_client.py::test_map_list_kwargs 
[gw2] [ 31%] PASSED distributed/tests/test_client.py::test_bytes_keys 
distributed/tests/test_client.py::test_unicode_ascii_keys 
[gw2] [ 31%] PASSED distributed/tests/test_client.py::test_unicode_ascii_keys 
distributed/tests/test_client.py::test_unicode_keys 
[gw3] [ 31%] PASSED distributed/tests/test_client.py::test_map_list_kwargs 
distributed/tests/test_client.py::test_dont_clear_waiting_data 
[gw4] [ 31%] PASSED distributed/tests/test_collections.py::test_dataframe_set_index_sync[wait] 
distributed/tests/test_collections.py::test_dataframe_set_index_sync[<lambda>] 
[gw2] [ 31%] PASSED distributed/tests/test_client.py::test_unicode_keys 
distributed/tests/test_client.py::test_use_synchronous_client_in_async_context 
distributed/tests/test_core.py::test_compression[echo_no_serialize-zlib] 
[gw6] [ 31%] PASSED distributed/tests/test_core.py::test_compression[echo_no_serialize-zlib] 
[gw3] [ 31%] PASSED distributed/tests/test_client.py::test_dont_clear_waiting_data 
distributed/tests/test_client.py::test_recreate_error_delayed 
[gw1] [ 31%] PASSED distributed/tests/test_core.py::test_server_listen 
distributed/tests/test_core.py::test_rpc_default 
[gw1] [ 31%] PASSED distributed/tests/test_core.py::test_rpc_default 
distributed/tests/test_core.py::test_rpc_tcp 
[gw1] [ 31%] PASSED distributed/tests/test_core.py::test_rpc_tcp 
distributed/tests/test_core.py::test_rpc_tls 
[gw1] [ 31%] PASSED distributed/tests/test_core.py::test_rpc_tls 
distributed/tests/test_core.py::test_rpc_inproc 
[gw1] [ 31%] PASSED distributed/tests/test_core.py::test_rpc_inproc 
distributed/tests/test_core.py::test_rpc_inputs 
[gw1] [ 31%] PASSED distributed/tests/test_core.py::test_rpc_inputs 
distributed/tests/test_core.py::test_rpc_message_lifetime_default 
[gw1] [ 32%] PASSED distributed/tests/test_core.py::test_rpc_message_lifetime_default 
distributed/tests/test_core.py::test_rpc_message_lifetime_tcp 
[gw7] [ 32%] PASSED distributed/tests/test_client_executor.py::test_as_completed 
distributed/tests/test_client_executor.py::test_wait 
[gw1] [ 32%] PASSED distributed/tests/test_core.py::test_rpc_message_lifetime_tcp 
distributed/tests/test_core.py::test_rpc_message_lifetime_inproc 
[gw3] [ 32%] PASSED distributed/tests/test_client.py::test_recreate_error_delayed 
distributed/tests/test_client.py::test_recreate_error_futures 
[gw1] [ 32%] PASSED distributed/tests/test_core.py::test_rpc_message_lifetime_inproc 
distributed/tests/test_core.py::test_rpc_with_many_connections_tcp 
[gw1] [ 32%] PASSED distributed/tests/test_core.py::test_rpc_with_many_connections_tcp 
distributed/tests/test_core.py::test_rpc_with_many_connections_inproc 
[gw1] [ 32%] PASSED distributed/tests/test_core.py::test_rpc_with_many_connections_inproc 
distributed/tests/test_core.py::test_large_packets_tcp 
[gw1] [ 32%] SKIPPED distributed/tests/test_core.py::test_large_packets_tcp 
distributed/tests/test_core.py::test_large_packets_inproc 
[gw5] [ 32%] PASSED distributed/tests/test_client.py::test_direct_sync 
[gw1] [ 32%] PASSED distributed/tests/test_core.py::test_large_packets_inproc 
distributed/tests/test_core.py::test_identity_tcp 
distributed/tests/test_client.py::test_mixing_clients 
[gw1] [ 32%] PASSED distributed/tests/test_core.py::test_identity_tcp 
distributed/tests/test_core.py::test_identity_inproc 
[gw1] [ 32%] PASSED distributed/tests/test_core.py::test_identity_inproc 
distributed/tests/test_core.py::test_ports 
[gw1] [ 32%] PASSED distributed/tests/test_core.py::test_ports 
[gw3] [ 33%] PASSED distributed/tests/test_client.py::test_recreate_error_futures 
distributed/tests/test_client.py::test_recreate_error_collection 
[gw5] [ 33%] PASSED distributed/tests/test_client.py::test_mixing_clients 
distributed/tests/test_client.py::test_tuple_keys 
distributed/tests/test_core.py::test_compression[echo_no_serialize-zstd] 
[gw6] [ 33%] PASSED distributed/tests/test_core.py::test_compression[echo_no_serialize-zstd] 
[gw5] [ 33%] PASSED distributed/tests/test_client.py::test_tuple_keys 
distributed/tests/test_client.py::test_multiple_scatter 
distributed/tests/test_core.py::test_errors 
[gw3] [ 33%] PASSED distributed/tests/test_client.py::test_recreate_error_collection 
distributed/tests/test_client.py::test_recreate_error_array 
[gw1] [ 33%] PASSED distributed/tests/test_core.py::test_errors 
distributed/tests/test_core.py::test_connect_raises 
[gw1] [ 33%] PASSED distributed/tests/test_core.py::test_connect_raises 
distributed/tests/test_core.py::test_send_recv_args 
[gw1] [ 33%] PASSED distributed/tests/test_core.py::test_send_recv_args 
distributed/tests/test_core.py::test_coerce_to_address 
[gw1] [ 33%] PASSED distributed/tests/test_core.py::test_coerce_to_address 
distributed/tests/test_core.py::test_connection_pool 
[gw2] [ 33%] PASSED distributed/tests/test_client.py::test_use_synchronous_client_in_async_context 
[gw5] [ 33%] PASSED distributed/tests/test_client.py::test_multiple_scatter 
distributed/tests/test_client.py::test_map_large_kwargs_in_graph 
[gw3] node down: Not properly terminated
[gw3] [ 33%] FAILED distributed/tests/test_client.py::test_recreate_error_array 

replacing crashed worker gw3
[gw8] darwin Python 3.8.10 cwd: /Users/fjetter/workspace/distributed

distributed/tests/test_client.py::test_quiet_quit_when_cluster_leaves 
[gw5] [ 33%] PASSED distributed/tests/test_client.py::test_map_large_kwargs_in_graph 
distributed/tests/test_client.py::test_retry 
[gw5] [ 34%] PASSED distributed/tests/test_client.py::test_retry 
distributed/tests/test_client.py::test_retry_dependencies 
[gw1] [ 34%] PASSED distributed/tests/test_core.py::test_connection_pool 
distributed/tests/test_core.py::test_connection_pool_close_while_connecting 
[gw1] [ 34%] PASSED distributed/tests/test_core.py::test_connection_pool_close_while_connecting 
distributed/tests/test_core.py::test_connection_pool_respects_limit 
[gw4] [ 34%] PASSED distributed/tests/test_collections.py::test_dataframe_set_index_sync[<lambda>] 
distributed/tests/test_core.py::test_rpc_serialization 
[gw1] [ 34%] PASSED distributed/tests/test_core.py::test_connection_pool_respects_limit 
distributed/tests/test_core.py::test_connection_pool_tls 
[gw6] [ 34%] PASSED distributed/tests/test_core.py::test_rpc_serialization 
distributed/tests/test_collections.py::test_loc_sync 
[gw1] [ 34%] PASSED distributed/tests/test_core.py::test_connection_pool_tls 
distributed/tests/test_core.py::test_connection_pool_remove 
[gw5] [ 34%] PASSED distributed/tests/test_client.py::test_retry_dependencies 
distributed/tests/test_client.py::test_released_dependencies 
[gw1] [ 34%] PASSED distributed/tests/test_core.py::test_connection_pool_remove 
distributed/tests/test_core.py::test_counters 
[gw1] [ 34%] PASSED distributed/tests/test_core.py::test_counters 
distributed/tests/test_core.py::test_ticks 
[gw1] [ 34%] SKIPPED distributed/tests/test_core.py::test_ticks 
distributed/tests/test_core.py::test_tick_logging 
[gw1] [ 34%] SKIPPED distributed/tests/test_core.py::test_tick_logging 
distributed/tests/test_core.py::test_compression[echo_serialize-None] 
[gw1] [ 34%] PASSED distributed/tests/test_core.py::test_compression[echo_serialize-None] 
distributed/tests/test_core.py::test_thread_id 
[gw5] [ 35%] PASSED distributed/tests/test_client.py::test_released_dependencies 
distributed/tests/test_client.py::test_profile_bokeh [gw8] Python 3.8.10 | packaged by conda-forge | (default, May 11 2021, 06:27:18)  -- [Clang 11.1.0 ]

[gw6] [ 35%] PASSED distributed/tests/test_core.py::test_thread_id 
distributed/tests/test_core.py::test_deserialize_error 
[gw6] [ 35%] PASSED distributed/tests/test_core.py::test_deserialize_error 
distributed/tests/test_core.py::test_connection_pool_detects_remote_close 
[gw6] [ 35%] PASSED distributed/tests/test_core.py::test_connection_pool_detects_remote_close 
distributed/tests/test_core.py::test_close_properly 
[gw7] [ 35%] PASSED distributed/tests/test_client_executor.py::test_wait 
distributed/tests/test_client_executor.py::test_cancellation 
[gw2] [ 35%] PASSED distributed/tests/test_client.py::test_quiet_quit_when_cluster_leaves 
distributed/tests/test_client.py::test_warn_executor 
distributed/tests/test_queues.py::test_queue_in_task 
[gw4] [ 35%] PASSED distributed/tests/test_collections.py::test_loc_sync 
distributed/tests/test_collections.py::test_rolling_sync 
[gw0] [ 35%] PASSED distributed/tests/test_client.py::test_performance_report 
distributed/tests/test_client.py::test_client_gather_semaphore_loop 
distributed/tests/test_core.py::test_compression[echo_serialize-False] 
[gw1] [ 35%] PASSED distributed/tests/test_core.py::test_compression[echo_serialize-False] 
[gw5] [ 35%] PASSED distributed/tests/test_client.py::test_profile_bokeh 
distributed/tests/test_client.py::test_get_mix_futures_and_SubgraphCallable 
[gw0] [ 35%] PASSED distributed/tests/test_client.py::test_client_gather_semaphore_loop 
distributed/tests/test_client.py::test_as_completed_condition_loop 
[gw0] [ 35%] PASSED distributed/tests/test_client.py::test_as_completed_condition_loop 
distributed/tests/test_client.py::test_client_connectionpool_semaphore_loop 
[gw5] [ 35%] PASSED distributed/tests/test_client.py::test_get_mix_futures_and_SubgraphCallable 
distributed/tests/test_client.py::test_get_mix_futures_and_SubgraphCallable_dask_dataframe 
[gw7] [ 36%] PASSED distributed/tests/test_client_executor.py::test_cancellation 
distributed/tests/test_client_executor.py::test_cancellation_wait 
distributed/tests/test_core.py::test_compression[echo_serialize-zlib] 
[gw1] [ 36%] PASSED distributed/tests/test_core.py::test_compression[echo_serialize-zlib] 
[gw5] [ 36%] PASSED distributed/tests/test_client.py::test_get_mix_futures_and_SubgraphCallable_dask_dataframe 
distributed/tests/test_client.py::test_direct_to_workers 
[gw2] [ 36%] PASSED distributed/tests/test_client.py::test_warn_executor 
distributed/tests/test_client.py::test_call_stack_future 
[gw6] [ 36%] PASSED distributed/tests/test_core.py::test_close_properly 
distributed/tests/test_core.py::test_server_redundant_kwarg 
[gw6] [ 36%] PASSED distributed/tests/test_core.py::test_server_redundant_kwarg 
distributed/tests/test_core.py::test_server_comms_mark_active_handlers 
[gw4] [ 36%] PASSED distributed/tests/test_collections.py::test_rolling_sync 
distributed/tests/test_core.py::test_compression[echo_serialize-zstd] 
[gw1] [ 36%] PASSED distributed/tests/test_core.py::test_compression[echo_serialize-zstd] 
distributed/tests/test_collections.py::test_loc 
[gw6] [ 36%] PASSED distributed/tests/test_core.py::test_server_comms_mark_active_handlers 
distributed/tests/test_core.py::test_close_fast_without_active_handlers 
[gw6] [ 36%] PASSED distributed/tests/test_core.py::test_close_fast_without_active_handlers 
distributed/tests/test_core.py::test_close_grace_period_for_handlers 
[gw2] [ 36%] PASSED distributed/tests/test_client.py::test_call_stack_future 
distributed/tests/test_client.py::test_call_stack_all 
[gw0] [ 36%] PASSED distributed/tests/test_client.py::test_client_connectionpool_semaphore_loop 
[gw4] [ 36%] PASSED distributed/tests/test_collections.py::test_loc 
distributed/tests/test_collections.py::test_dataframe_groupby_tasks 
[gw5] [ 37%] PASSED distributed/tests/test_client.py::test_direct_to_workers 
distributed/tests/test_client.py::test_instances 
distributed/tests/test_client.py::test_mixed_compression 
[gw0] [ 37%] SKIPPED distributed/tests/test_client.py::test_mixed_compression 
distributed/tests/test_client.py::test_futures_in_subgraphs 
[gw5] [ 37%] PASSED distributed/tests/test_client.py::test_instances 
distributed/tests/test_client.py::test_wait_for_workers 
[gw7] [ 37%] PASSED distributed/tests/test_client_executor.py::test_cancellation_wait 
distributed/tests/test_client_executor.py::test_cancellation_as_completed 
distributed/tests/test_nanny.py::test_close_on_disconnect 
[gw1] [ 37%] SKIPPED distributed/tests/test_nanny.py::test_close_on_disconnect 
distributed/tests/test_nanny.py::test_nanny_worker_class 
[gw8] [ 37%] PASSED distributed/tests/test_queues.py::test_queue_in_task 
distributed/tests/test_resources.py::test_resources 
[gw2] [ 37%] PASSED distributed/tests/test_client.py::test_call_stack_all 
distributed/tests/test_client.py::test_call_stack_collections 
[gw8] [ 37%] PASSED distributed/tests/test_resources.py::test_resources 
distributed/tests/test_resources.py::test_resource_submit 
[gw6] [ 37%] PASSED distributed/tests/test_core.py::test_close_grace_period_for_handlers 
distributed/tests/test_counter.py::test_digest[Counter-<lambda>] 
[gw6] [ 37%] PASSED distributed/tests/test_counter.py::test_digest[Counter-<lambda>] 
[gw5] [ 37%] PASSED distributed/tests/test_client.py::test_wait_for_workers 
distributed/tests/test_client.py::test_file_descriptors_dont_leak[Worker] 
[gw0] [ 37%] PASSED distributed/tests/test_client.py::test_futures_in_subgraphs 
distributed/tests/test_client.py::test_get_task_metadata 
[gw8] [ 37%] PASSED distributed/tests/test_resources.py::test_resource_submit 
distributed/tests/test_resources.py::test_submit_many_non_overlapping 
[gw8] [ 38%] PASSED distributed/tests/test_resources.py::test_submit_many_non_overlapping 
distributed/tests/test_resources.py::test_submit_many_non_overlapping_2 
[gw4] [ 38%] PASSED distributed/tests/test_collections.py::test_dataframe_groupby_tasks 
[gw0] [ 38%] PASSED distributed/tests/test_client.py::test_get_task_metadata 
distributed/tests/test_client.py::test_get_task_metadata_multiple 
distributed/tests/test_collections.py::test_sparse_arrays 
[gw4] [ 38%] SKIPPED distributed/tests/test_collections.py::test_sparse_arrays 
distributed/tests/test_collections.py::test_delayed_none 
[gw5] [ 38%] PASSED distributed/tests/test_client.py::test_file_descriptors_dont_leak[Worker] 
distributed/tests/test_client.py::test_file_descriptors_dont_leak[Nanny] 
distributed/tests/test_counter.py::test_digest[None-<lambda>] 
[gw6] [ 38%] SKIPPED distributed/tests/test_counter.py::test_digest[None-<lambda>] 
distributed/tests/test_counter.py::test_counter 
[gw6] [ 38%] PASSED distributed/tests/test_counter.py::test_counter 
[gw4] [ 38%] PASSED distributed/tests/test_collections.py::test_delayed_none 
distributed/tests/test_collections.py::test_tuple_futures_arg[tuple] 
[gw0] [ 38%] PASSED distributed/tests/test_client.py::test_get_task_metadata_multiple 
distributed/tests/test_client.py::test_log_event 
[gw1] [ 38%] PASSED distributed/tests/test_nanny.py::test_nanny_worker_class 
distributed/tests/test_nanny.py::test_nanny_alt_worker_class 
[gw0] [ 38%] PASSED distributed/tests/test_client.py::test_log_event 
distributed/tests/test_client.py::test_annotations_task_state 
distributed/tests/test_diskutils.py::test_workdir_simple 
[gw0] [ 38%] PASSED distributed/tests/test_client.py::test_annotations_task_state 
distributed/tests/test_client.py::test_annotations_compute_time[compute] 
[gw6] [ 39%] PASSED distributed/tests/test_diskutils.py::test_workdir_simple 
distributed/tests/test_diskutils.py::test_two_workspaces_in_same_directory 
[gw6] [ 39%] PASSED distributed/tests/test_diskutils.py::test_two_workspaces_in_same_directory 
distributed/tests/test_diskutils.py::test_workspace_process_crash 
[gw7] [ 39%] PASSED distributed/tests/test_client_executor.py::test_cancellation_as_completed 
distributed/tests/test_client_executor.py::test_map 
[gw8] [ 39%] PASSED distributed/tests/test_resources.py::test_submit_many_non_overlapping_2 
distributed/tests/test_resources.py::test_move 
[gw0] [ 39%] PASSED distributed/tests/test_client.py::test_annotations_compute_time[compute] 
distributed/tests/test_client.py::test_annotations_compute_time[persist] 
[gw2] [ 39%] PASSED distributed/tests/test_client.py::test_call_stack_collections 
distributed/tests/test_client.py::test_call_stack_collections_all 
[gw8] [ 39%] PASSED distributed/tests/test_resources.py::test_move 
distributed/tests/test_resources.py::test_dont_work_steal 
[gw0] [ 39%] PASSED distributed/tests/test_client.py::test_annotations_compute_time[persist] 
distributed/tests/test_client.py::test_annotations_survive_optimization 
[gw4] [ 39%] PASSED distributed/tests/test_collections.py::test_tuple_futures_arg[tuple] 
distributed/tests/test_collections.py::test_tuple_futures_arg[list] 
[gw6] [ 39%] PASSED distributed/tests/test_diskutils.py::test_workspace_process_crash 
distributed/tests/test_diskutils.py::test_workspace_rmtree_failure 
[gw6] [ 39%] PASSED distributed/tests/test_diskutils.py::test_workspace_rmtree_failure 
distributed/tests/test_diskutils.py::test_locking_disabled 
[gw6] [ 39%] PASSED distributed/tests/test_diskutils.py::test_locking_disabled 
distributed/tests/test_diskutils.py::test_workspace_concurrency 
[gw6] [ 39%] SKIPPED distributed/tests/test_diskutils.py::test_workspace_concurrency 
distributed/tests/test_diskutils.py::test_workspace_concurrency_intense 
[gw6] [ 40%] SKIPPED distributed/tests/test_diskutils.py::test_workspace_concurrency_intense 
distributed/tests/test_events.py::test_event_on_workers 
[gw0] [ 40%] XFAIL distributed/tests/test_client.py::test_annotations_survive_optimization 
distributed/tests/test_client.py::test_annotations_priorities 
[gw8] [ 40%] PASSED distributed/tests/test_resources.py::test_dont_work_steal 
distributed/tests/test_resources.py::test_map 
[gw8] [ 40%] PASSED distributed/tests/test_resources.py::test_map 
distributed/tests/test_resources.py::test_persist 
[gw0] [ 40%] PASSED distributed/tests/test_client.py::test_annotations_priorities 
distributed/tests/test_client.py::test_annotations_workers 
[gw6] [ 40%] PASSED distributed/tests/test_events.py::test_event_on_workers 
distributed/tests/test_events.py::test_default_event 
[gw1] [ 40%] PASSED distributed/tests/test_nanny.py::test_nanny_alt_worker_class 
distributed/tests/test_nanny.py::test_nanny_death_timeout 
[gw1] [ 40%] SKIPPED distributed/tests/test_nanny.py::test_nanny_death_timeout 
distributed/tests/test_nanny.py::test_random_seed 
[gw8] [ 40%] PASSED distributed/tests/test_resources.py::test_persist 
distributed/tests/test_resources.py::test_compute 
[gw6] [ 40%] PASSED distributed/tests/test_events.py::test_default_event 
distributed/tests/test_events.py::test_set_not_set 
[gw0] [ 40%] PASSED distributed/tests/test_client.py::test_annotations_workers 
distributed/tests/test_client.py::test_annotations_retries 
[gw2] [ 40%] PASSED distributed/tests/test_client.py::test_call_stack_collections_all 
distributed/tests/test_client.py::test_profile 
[gw8] [ 40%] PASSED distributed/tests/test_resources.py::test_compute 
distributed/tests/test_resources.py::test_get 
[gw6] [ 41%] PASSED distributed/tests/test_events.py::test_set_not_set 
distributed/tests/test_events.py::test_set_not_set_many_events 
[gw5] [ 41%] PASSED distributed/tests/test_client.py::test_file_descriptors_dont_leak[Nanny] 
distributed/tests/test_client.py::test_shutdown_localcluster 
[gw0] [ 41%] PASSED distributed/tests/test_client.py::test_annotations_retries 
distributed/tests/test_client.py::test_annotations_blockwise_unpack 
[gw8] [ 41%] PASSED distributed/tests/test_resources.py::test_get 
distributed/tests/test_resources.py::test_persist_multiple_collections 
[gw5] [ 41%] PASSED distributed/tests/test_client.py::test_shutdown_localcluster 
distributed/tests/test_client.py::test_futures_of_sorted 
[gw4] [ 41%] PASSED distributed/tests/test_collections.py::test_tuple_futures_arg[list] 
[gw8] [ 41%] PASSED distributed/tests/test_resources.py::test_persist_multiple_collections 
distributed/tests/test_resources.py::test_resources_str 
distributed/tests/test_config.py::test_logging_default 
[gw4] [ 41%] PASSED distributed/tests/test_config.py::test_logging_default 
distributed/tests/test_config.py::test_logging_empty_simple 
[gw4] [ 41%] PASSED distributed/tests/test_config.py::test_logging_empty_simple 
distributed/tests/test_config.py::test_logging_simple_under_distributed 
[gw0] [ 41%] PASSED distributed/tests/test_client.py::test_annotations_blockwise_unpack 
distributed/tests/test_client.py::test_annotations_resources 
[gw8] [ 41%] PASSED distributed/tests/test_resources.py::test_resources_str 
distributed/tests/test_resources.py::test_minimum_resource 
[gw0] [ 41%] PASSED distributed/tests/test_client.py::test_annotations_resources 
distributed/tests/test_client.py::test_annotations_resources_culled 
[gw7] [ 41%] PASSED distributed/tests/test_client_executor.py::test_map 
distributed/tests/test_client_executor.py::test_pure 
[gw5] [ 42%] PASSED distributed/tests/test_client.py::test_futures_of_sorted 
distributed/tests/test_ipython.py::test_start_ipython_qtconsole 
[gw1] [ 42%] PASSED distributed/tests/test_nanny.py::test_random_seed 
distributed/tests/test_nanny.py::test_num_fds 
[gw2] [ 42%] PASSED distributed/tests/test_client.py::test_profile 
distributed/tests/test_client.py::test_profile_keys 
[gw0] [ 42%] PASSED distributed/tests/test_client.py::test_annotations_resources_culled 
distributed/tests/test_client.py::test_annotations_loose_restrictions 
[gw6] [ 42%] PASSED distributed/tests/test_events.py::test_set_not_set_many_events 
distributed/tests/test_events.py::test_timeout 
[gw6] [ 42%] PASSED distributed/tests/test_events.py::test_timeout 
distributed/tests/test_events.py::test_event_sync 
[gw8] [ 42%] PASSED distributed/tests/test_resources.py::test_minimum_resource 
distributed/tests/test_resources.py::test_prefer_constrained 
[gw0] [ 42%] PASSED distributed/tests/test_client.py::test_annotations_loose_restrictions 
distributed/tests/test_client.py::test_workers_collection_restriction 
[gw0] [ 42%] PASSED distributed/tests/test_client.py::test_workers_collection_restriction 
distributed/tests/test_client.py::test_get_client_functions_spawn_clusters 
[gw4] [ 42%] PASSED distributed/tests/test_config.py::test_logging_simple_under_distributed 
distributed/tests/test_config.py::test_logging_simple 
[gw2] [ 42%] PASSED distributed/tests/test_client.py::test_profile_keys 
distributed/tests/test_client.py::test_client_with_name 
[gw2] [ 42%] PASSED distributed/tests/test_client.py::test_client_with_name 
distributed/tests/test_client.py::test_future_defaults_to_default_client 
[gw0] [ 42%] PASSED distributed/tests/test_client.py::test_get_client_functions_spawn_clusters 
distributed/tests/test_nanny.py::test_nanny_port_range 
[gw7] [ 43%] PASSED distributed/tests/test_client_executor.py::test_pure 
distributed/tests/test_client_executor.py::test_workers 
[gw8] [ 43%] PASSED distributed/tests/test_resources.py::test_prefer_constrained 
distributed/tests/test_resources.py::test_balance_resources 
[gw8] [ 43%] SKIPPED distributed/tests/test_resources.py::test_balance_resources 
distributed/tests/test_resources.py::test_set_resources 
[gw2] [ 43%] PASSED distributed/tests/test_client.py::test_future_defaults_to_default_client 
distributed/tests/test_client.py::test_future_auto_inform 
[gw5] [ 43%] PASSED distributed/tests/test_ipython.py::test_start_ipython_qtconsole 
distributed/tests/test_locks.py::test_lock 
[gw2] [ 43%] PASSED distributed/tests/test_client.py::test_future_auto_inform 
distributed/tests/test_client.py::test_client_async_before_loop_starts 
[gw2] [ 43%] PASSED distributed/tests/test_client.py::test_client_async_before_loop_starts 
distributed/tests/test_client.py::test_nested_compute 
[gw2] [ 43%] SKIPPED distributed/tests/test_client.py::test_nested_compute 
distributed/tests/test_client.py::test_task_metadata 
[gw2] [ 43%] PASSED distributed/tests/test_client.py::test_task_metadata 
distributed/tests/test_client.py::test_logs 
[gw6] [ 43%] PASSED distributed/tests/test_events.py::test_event_sync 
distributed/tests/test_events.py::test_event_types 
[gw4] [ 43%] PASSED distributed/tests/test_config.py::test_logging_simple 
distributed/tests/test_config.py::test_logging_extended 
[gw6] [ 43%] PASSED distributed/tests/test_events.py::test_event_types 
distributed/tests/test_events.py::test_serializable 
[gw8] [ 43%] PASSED distributed/tests/test_resources.py::test_set_resources 
distributed/tests/test_resources.py::test_persist_collections 
[gw6] [ 44%] PASSED distributed/tests/test_events.py::test_serializable 
distributed/tests/test_events.py::test_two_events_on_workers 
[gw8] [ 44%] PASSED distributed/tests/test_resources.py::test_persist_collections 
distributed/tests/test_resources.py::test_dont_optimize_out 
[gw8] [ 44%] SKIPPED distributed/tests/test_resources.py::test_dont_optimize_out 
distributed/tests/test_resources.py::test_full_collections 
[gw8] [ 44%] SKIPPED distributed/tests/test_resources.py::test_full_collections 
distributed/tests/test_resources.py::test_collections_get[True] 
[gw7] [ 44%] PASSED distributed/tests/test_client_executor.py::test_workers 
distributed/tests/test_client_executor.py::test_unsupported_arguments 
[gw6] [ 44%] PASSED distributed/tests/test_events.py::test_two_events_on_workers 
distributed/tests/test_failed_workers.py::test_submit_after_failed_worker_sync 
[gw5] [ 44%] PASSED distributed/tests/test_locks.py::test_lock 
distributed/tests/test_locks.py::test_timeout 
[gw0] [ 44%] PASSED distributed/tests/test_nanny.py::test_nanny_port_range 
distributed/tests/test_nanny.py::test_nanny_closed_by_keyboard_interrupt[tcp] 
[gw5] [ 44%] PASSED distributed/tests/test_locks.py::test_timeout 
distributed/tests/test_locks.py::test_acquires_with_zero_timeout 
[gw2] [ 44%] PASSED distributed/tests/test_client.py::test_logs 
distributed/tests/test_client.py::test_avoid_delayed_finalize 
[gw4] [ 44%] PASSED distributed/tests/test_config.py::test_logging_extended 
distributed/tests/test_config.py::test_logging_mutual_exclusive 
[gw4] [ 44%] PASSED distributed/tests/test_config.py::test_logging_mutual_exclusive 
distributed/tests/test_config.py::test_logging_file_config 
[gw5] [ 44%] PASSED distributed/tests/test_locks.py::test_acquires_with_zero_timeout 
distributed/tests/test_locks.py::test_acquires_blocking 
[gw2] [ 45%] PASSED distributed/tests/test_client.py::test_avoid_delayed_finalize 
distributed/tests/test_client.py::test_config_scheduler_address 
[gw7] [ 45%] PASSED distributed/tests/test_client_executor.py::test_unsupported_arguments 
distributed/tests/test_client_executor.py::test_retries 
[gw8] [ 45%] XFAIL distributed/tests/test_resources.py::test_collections_get[True] 
distributed/tests/test_resources.py::test_collections_get[False] 
[gw5] [ 45%] PASSED distributed/tests/test_locks.py::test_acquires_blocking 
distributed/tests/test_locks.py::test_timeout_sync 
[gw2] [ 45%] PASSED distributed/tests/test_client.py::test_config_scheduler_address 
distributed/tests/test_client.py::test_warn_when_submitting_large_values 
[gw1] [ 45%] PASSED distributed/tests/test_nanny.py::test_num_fds 
distributed/tests/test_nanny.py::test_worker_uses_same_host_as_nanny 
[gw1] [ 45%] SKIPPED distributed/tests/test_nanny.py::test_worker_uses_same_host_as_nanny 
distributed/tests/test_nanny.py::test_nanny_timeout 
[gw4] [ 45%] PASSED distributed/tests/test_config.py::test_logging_file_config 
distributed/tests/test_config.py::test_schema 
[gw4] [ 45%] PASSED distributed/tests/test_config.py::test_schema 
distributed/tests/test_config.py::test_schema_is_complete 
[gw2] [ 45%] PASSED distributed/tests/test_client.py::test_warn_when_submitting_large_values 
distributed/tests/test_client.py::test_unhashable_function 
[gw4] [ 45%] PASSED distributed/tests/test_config.py::test_schema_is_complete 
distributed/tests/test_core.py::test_server_status_is_always_enum 
[gw4] [ 45%] PASSED distributed/tests/test_core.py::test_server_status_is_always_enum 
distributed/tests/test_publish.py::test_datasets_iter 
[gw2] [ 45%] PASSED distributed/tests/test_client.py::test_unhashable_function 
distributed/tests/test_priorities.py::test_repeated_persists_same_priority 
[gw0] [ 46%] PASSED distributed/tests/test_nanny.py::test_nanny_closed_by_keyboard_interrupt[tcp] 
distributed/tests/test_nanny.py::test_nanny_closed_by_keyboard_interrupt[ucx] 
[gw0] [ 46%] SKIPPED distributed/tests/test_nanny.py::test_nanny_closed_by_keyboard_interrupt[ucx] 
distributed/tests/test_nanny.py::test_worker_start_exception 
[gw1] [ 46%] PASSED distributed/tests/test_nanny.py::test_nanny_timeout 
distributed/tests/test_nanny.py::test_nanny_terminate 
[gw8] [ 46%] PASSED distributed/tests/test_resources.py::test_collections_get[False] 
[gw5] [ 46%] PASSED distributed/tests/test_locks.py::test_timeout_sync 
distributed/tests/test_resources.py::test_resources_from_config 
distributed/tests/test_locks.py::test_errors 
[gw7] [ 46%] PASSED distributed/tests/test_client_executor.py::test_retries 
distributed/tests/test_failed_workers.py::test_restart_cleared 
[gw8] [ 46%] PASSED distributed/tests/test_resources.py::test_resources_from_config 
distributed/tests/test_resources.py::test_resources_from_python_override_config 
[gw2] [ 46%] PASSED distributed/tests/test_priorities.py::test_repeated_persists_same_priority 
distributed/tests/test_priorities.py::test_last_in_first_out 
[gw5] [ 46%] PASSED distributed/tests/test_locks.py::test_errors 
distributed/tests/test_locks.py::test_lock_sync 
[gw8] [ 46%] PASSED distributed/tests/test_resources.py::test_resources_from_python_override_config 
distributed/tests/test_scheduler.py::test_administration 
[gw4] [ 46%] PASSED distributed/tests/test_publish.py::test_datasets_iter 
[gw8] [ 46%] PASSED distributed/tests/test_scheduler.py::test_administration 
distributed/tests/test_scheduler.py::test_recompute_released_results 
distributed/tests/test_publish.py::test_datasets_async 
[gw8] [ 47%] PASSED distributed/tests/test_scheduler.py::test_recompute_released_results 
distributed/tests/test_scheduler.py::test_decide_worker_with_many_independent_leaves 
[gw2] [ 47%] PASSED distributed/tests/test_priorities.py::test_last_in_first_out 
distributed/tests/test_profile.py::test_basic 
[gw4] [ 47%] PASSED distributed/tests/test_publish.py::test_datasets_async 
distributed/tests/test_publish.py::test_pickle_safe 
[gw0] [ 47%] PASSED distributed/tests/test_nanny.py::test_worker_start_exception 
distributed/tests/test_nanny.py::test_failure_during_worker_initialization 
[gw4] [ 47%] PASSED distributed/tests/test_publish.py::test_pickle_safe 
distributed/tests/test_publish.py::test_deserialize_client 
[gw8] [ 47%] PASSED distributed/tests/test_scheduler.py::test_decide_worker_with_many_independent_leaves 
distributed/tests/test_scheduler.py::test_decide_worker_with_restrictions 
[gw8] [ 47%] PASSED distributed/tests/test_scheduler.py::test_decide_worker_with_restrictions 
distributed/tests/test_scheduler.py::test_decide_worker_coschedule_order_neighbors[nthreads0-0] 
[gw4] [ 47%] PASSED distributed/tests/test_publish.py::test_deserialize_client 
distributed/tests/test_pubsub.py::test_speed 
[gw0] [ 47%] PASSED distributed/tests/test_nanny.py::test_failure_during_worker_initialization 
distributed/tests/test_nanny.py::test_environ_plugin 
[gw8] [ 47%] PASSED distributed/tests/test_scheduler.py::test_decide_worker_coschedule_order_neighbors[nthreads0-0] 
distributed/tests/test_scheduler.py::test_decide_worker_coschedule_order_neighbors[nthreads0-1] 
[gw5] [ 47%] PASSED distributed/tests/test_locks.py::test_lock_sync 
distributed/tests/test_locks.py::test_lock_types 
[gw5] [ 47%] PASSED distributed/tests/test_locks.py::test_lock_types 
distributed/tests/test_locks.py::test_serializable 
[gw7] [ 47%] PASSED distributed/tests/test_failed_workers.py::test_restart_cleared 
distributed/tests/test_failed_workers.py::test_restart_sync_no_center 
[gw5] [ 48%] PASSED distributed/tests/test_locks.py::test_serializable 
distributed/tests/test_locks.py::test_locks 
[gw8] [ 48%] PASSED distributed/tests/test_scheduler.py::test_decide_worker_coschedule_order_neighbors[nthreads0-1] 
distributed/tests/test_scheduler.py::test_decide_worker_coschedule_order_neighbors[nthreads0-4] 
[gw5] [ 48%] PASSED distributed/tests/test_locks.py::test_locks 
distributed/tests/test_metrics.py::test_wall_clock 
[gw5] [ 48%] PASSED distributed/tests/test_metrics.py::test_wall_clock 
distributed/tests/test_multi_locks.py::test_single_lock 
[gw1] [ 48%] PASSED distributed/tests/test_nanny.py::test_nanny_terminate 
distributed/tests/test_nanny.py::test_throttle_outgoing_connections 
[gw4] [ 48%] PASSED distributed/tests/test_pubsub.py::test_speed 
distributed/tests/test_pubsub.py::test_client 
[gw2] [ 48%] PASSED distributed/tests/test_profile.py::test_basic 
distributed/tests/test_profile.py::test_basic_low_level 
[gw2] [ 48%] SKIPPED distributed/tests/test_profile.py::test_basic_low_level 
distributed/tests/test_profile.py::test_merge 
[gw2] [ 48%] PASSED distributed/tests/test_profile.py::test_merge 
distributed/tests/test_profile.py::test_merge_empty 
[gw2] [ 48%] PASSED distributed/tests/test_profile.py::test_merge_empty 
distributed/tests/test_profile.py::test_call_stack 
[gw2] [ 48%] PASSED distributed/tests/test_profile.py::test_call_stack 
distributed/tests/test_profile.py::test_identifier 
[gw2] [ 48%] PASSED distributed/tests/test_profile.py::test_identifier 
distributed/tests/test_profile.py::test_watch 
[gw8] [ 48%] PASSED distributed/tests/test_scheduler.py::test_decide_worker_coschedule_order_neighbors[nthreads0-4] 
distributed/tests/test_scheduler.py::test_decide_worker_coschedule_order_neighbors[nthreads1-0] 
[gw4] [ 49%] PASSED distributed/tests/test_pubsub.py::test_client 
distributed/tests/test_pubsub.py::test_client_worker 
[gw1] [ 49%] PASSED distributed/tests/test_nanny.py::test_throttle_outgoing_connections 
distributed/tests/test_nanny.py::test_scheduler_address_config 
[gw4] [ 49%] PASSED distributed/tests/test_pubsub.py::test_client_worker 
distributed/tests/test_pubsub.py::test_timeouts 
[gw8] [ 49%] PASSED distributed/tests/test_scheduler.py::test_decide_worker_coschedule_order_neighbors[nthreads1-0] 
distributed/tests/test_scheduler.py::test_decide_worker_coschedule_order_neighbors[nthreads1-1] 
[gw4] [ 49%] PASSED distributed/tests/test_pubsub.py::test_timeouts 
distributed/tests/test_pubsub.py::test_repr 
[gw4] [ 49%] PASSED distributed/tests/test_pubsub.py::test_repr 
distributed/tests/test_pubsub.py::test_basic 
[gw2] [ 49%] PASSED distributed/tests/test_profile.py::test_watch 
distributed/tests/test_publish.py::test_publish_simple 
[gw5] [ 49%] PASSED distributed/tests/test_multi_locks.py::test_single_lock 
distributed/tests/test_multi_locks.py::test_timeout 
[gw2] [ 49%] PASSED distributed/tests/test_publish.py::test_publish_simple 
distributed/tests/test_publish.py::test_publish_non_string_key 
[gw8] [ 49%] PASSED distributed/tests/test_scheduler.py::test_decide_worker_coschedule_order_neighbors[nthreads1-1] 
distributed/tests/test_scheduler.py::test_decide_worker_coschedule_order_neighbors[nthreads1-4] 
[gw1] [ 49%] PASSED distributed/tests/test_nanny.py::test_scheduler_address_config 
distributed/tests/test_nanny.py::test_environment_variable 
[gw2] [ 49%] PASSED distributed/tests/test_publish.py::test_publish_non_string_key 
distributed/tests/test_publish.py::test_publish_roundtrip 
[gw5] [ 49%] PASSED distributed/tests/test_multi_locks.py::test_timeout 
distributed/tests/test_multi_locks.py::test_timeout_wake_waiter 
[gw0] [ 50%] PASSED distributed/tests/test_nanny.py::test_environ_plugin 
distributed/tests/test_nanny.py::test_scheduler_file 
[gw2] [ 50%] PASSED distributed/tests/test_publish.py::test_publish_roundtrip 
distributed/tests/test_publish.py::test_unpublish 
[gw8] [ 50%] PASSED distributed/tests/test_scheduler.py::test_decide_worker_coschedule_order_neighbors[nthreads1-4] 
distributed/tests/test_scheduler.py::test_move_data_over_break_restrictions 
[gw2] [ 50%] PASSED distributed/tests/test_publish.py::test_unpublish 
distributed/tests/test_publish.py::test_unpublish_sync 
[gw8] [ 50%] PASSED distributed/tests/test_scheduler.py::test_move_data_over_break_restrictions 
distributed/tests/test_scheduler.py::test_balance_with_restrictions 
[gw1] [ 50%] PASSED distributed/tests/test_nanny.py::test_environment_variable 
distributed/tests/test_nanny.py::test_environment_variable_config 
[gw7] [ 50%] PASSED distributed/tests/test_failed_workers.py::test_restart_sync_no_center 
distributed/tests/test_failed_workers.py::test_restart_sync 
[gw4] [ 50%] XPASS distributed/tests/test_pubsub.py::test_basic 
distributed/tests/test_queues.py::test_queue 
[gw8] [ 50%] PASSED distributed/tests/test_scheduler.py::test_balance_with_restrictions 
distributed/tests/test_scheduler.py::test_retire_nannies_close 
[gw5] [ 50%] PASSED distributed/tests/test_multi_locks.py::test_timeout_wake_waiter 
distributed/tests/test_multi_locks.py::test_multiple_locks 
[gw0] [ 50%] PASSED distributed/tests/test_nanny.py::test_scheduler_file 
distributed/tests/test_nanny.py::test_wait_for_scheduler 
[gw0] [ 50%] SKIPPED distributed/tests/test_nanny.py::test_wait_for_scheduler 
distributed/tests/test_preload.py::test_worker_preload_file 
[gw4] [ 50%] PASSED distributed/tests/test_queues.py::test_queue 
distributed/tests/test_queues.py::test_queue_with_data 
[gw5] [ 51%] PASSED distributed/tests/test_multi_locks.py::test_multiple_locks 
distributed/tests/test_multi_locks.py::test_num_locks 
[gw4] [ 51%] PASSED distributed/tests/test_queues.py::test_queue_with_data 
distributed/tests/test_queues.py::test_sync 
[gw5] [ 51%] PASSED distributed/tests/test_multi_locks.py::test_num_locks 
distributed/tests/test_nanny.py::test_nanny 
[gw5] [ 51%] SKIPPED distributed/tests/test_nanny.py::test_nanny 
distributed/tests/test_nanny.py::test_many_kills 
[gw2] [ 51%] PASSED distributed/tests/test_publish.py::test_unpublish_sync 
distributed/tests/test_publish.py::test_publish_multiple_datasets 
[gw1] [ 51%] PASSED distributed/tests/test_nanny.py::test_environment_variable_config 
distributed/tests/test_nanny.py::test_data_types 
[gw2] [ 51%] PASSED distributed/tests/test_publish.py::test_publish_multiple_datasets 
distributed/tests/test_publish.py::test_unpublish_multiple_datasets_sync 
[gw8] [ 51%] PASSED distributed/tests/test_scheduler.py::test_retire_nannies_close 
distributed/tests/test_scheduler.py::test_fifo_submission 
[gw0] [ 51%] PASSED distributed/tests/test_preload.py::test_worker_preload_file 
distributed/tests/test_preload.py::test_worker_preload_config 
[gw4] [ 51%] PASSED distributed/tests/test_queues.py::test_sync 
distributed/tests/test_queues.py::test_hold_futures 
[gw5] [ 51%] PASSED distributed/tests/test_nanny.py::test_many_kills 
distributed/tests/test_nanny.py::test_str 
[gw1] [ 51%] PASSED distributed/tests/test_nanny.py::test_data_types 
distributed/tests/test_nanny.py::test_local_directory 
[gw4] [ 51%] PASSED distributed/tests/test_queues.py::test_hold_futures 
distributed/tests/test_queues.py::test_picklability 
[gw4] [ 52%] SKIPPED distributed/tests/test_queues.py::test_picklability 
distributed/tests/test_queues.py::test_picklability_sync 
[gw8] [ 52%] PASSED distributed/tests/test_scheduler.py::test_fifo_submission 
distributed/tests/test_scheduler.py::test_non_existent_worker 
[gw2] [ 52%] PASSED distributed/tests/test_publish.py::test_unpublish_multiple_datasets_sync 
distributed/tests/test_publish.py::test_publish_bag 
[gw0] [ 52%] PASSED distributed/tests/test_preload.py::test_worker_preload_config 
distributed/tests/test_preload.py::test_worker_preload_module 
[gw2] [ 52%] PASSED distributed/tests/test_publish.py::test_publish_bag 
distributed/tests/test_publish.py::test_datasets_setitem 
[gw8] [ 52%] XFAIL distributed/tests/test_scheduler.py::test_non_existent_worker 
distributed/tests/test_scheduler.py::test_correct_bad_time_estimate 
[gw5] [ 52%] PASSED distributed/tests/test_nanny.py::test_str 
distributed/tests/test_nanny.py::test_nanny_process_failure 
[gw1] [ 52%] PASSED distributed/tests/test_nanny.py::test_local_directory 
distributed/tests/test_nanny.py::test_mp_process_worker_no_daemon 
[gw4] [ 52%] PASSED distributed/tests/test_queues.py::test_picklability_sync 
distributed/tests/test_queues.py::test_race 
[gw4] [ 52%] SKIPPED distributed/tests/test_queues.py::test_race 
distributed/tests/test_queues.py::test_same_futures 
[gw8] [ 52%] PASSED distributed/tests/test_scheduler.py::test_correct_bad_time_estimate 
distributed/tests/test_scheduler.py::test_dashboard_host[None-expect0-tcp://0.0.0.0] 
[gw0] [ 52%] PASSED distributed/tests/test_preload.py::test_worker_preload_module 
distributed/tests/test_preload.py::test_worker_preload_click 
[gw8] [ 52%] PASSED distributed/tests/test_scheduler.py::test_dashboard_host[None-expect0-tcp://0.0.0.0] 
distributed/tests/test_scheduler.py::test_dashboard_host[None-expect0-tcp://127.0.0.1] 
[gw8] [ 53%] PASSED distributed/tests/test_scheduler.py::test_dashboard_host[None-expect0-tcp://127.0.0.1] 
distributed/tests/test_scheduler.py::test_dashboard_host[None-expect0-tcp://127.0.0.1:38275] 
[gw8] [ 53%] PASSED distributed/tests/test_scheduler.py::test_dashboard_host[None-expect0-tcp://127.0.0.1:38275] 
distributed/tests/test_scheduler.py::test_dashboard_host[127.0.0.1:0-expect1-tcp://0.0.0.0] 
[gw2] [ 53%] PASSED distributed/tests/test_publish.py::test_datasets_setitem 
[gw7] [ 53%] PASSED distributed/tests/test_failed_workers.py::test_restart_sync 
distributed/tests/test_failed_workers.py::test_restart_fast 
distributed/tests/test_publish.py::test_datasets_getitem 
[gw0] [ 53%] PASSED distributed/tests/test_preload.py::test_worker_preload_click 
distributed/tests/test_preload.py::test_worker_preload_click_async 
[gw8] [ 53%] PASSED distributed/tests/test_scheduler.py::test_dashboard_host[127.0.0.1:0-expect1-tcp://0.0.0.0] 
distributed/tests/test_scheduler.py::test_dashboard_host[127.0.0.1:0-expect1-tcp://127.0.0.1] 
[gw8] [ 53%] PASSED distributed/tests/test_scheduler.py::test_dashboard_host[127.0.0.1:0-expect1-tcp://127.0.0.1] 
distributed/tests/test_scheduler.py::test_dashboard_host[127.0.0.1:0-expect1-tcp://127.0.0.1:38275] 
[gw4] [ 53%] PASSED distributed/tests/test_queues.py::test_same_futures 
distributed/tests/test_queues.py::test_get_many 
[gw8] [ 53%] PASSED distributed/tests/test_scheduler.py::test_dashboard_host[127.0.0.1:0-expect1-tcp://127.0.0.1:38275] 
distributed/tests/test_scheduler.py::test_profile_metadata 
[gw0] [ 53%] PASSED distributed/tests/test_preload.py::test_worker_preload_click_async 
distributed/tests/test_preload.py::test_preload_import_time 
[gw2] [ 53%] PASSED distributed/tests/test_publish.py::test_datasets_getitem 
distributed/tests/test_publish.py::test_datasets_getitem_default 
[gw8] [ 53%] PASSED distributed/tests/test_scheduler.py::test_profile_metadata 
distributed/tests/test_scheduler.py::test_profile_metadata_timeout 
[gw0] [ 54%] PASSED distributed/tests/test_preload.py::test_preload_import_time 
distributed/tests/test_preload.py::test_web_preload 
[gw5] [ 54%] PASSED distributed/tests/test_nanny.py::test_nanny_process_failure 
distributed/tests/test_nanny.py::test_run 
[gw0] [ 54%] PASSED distributed/tests/test_preload.py::test_web_preload 
distributed/tests/test_preload.py::test_scheduler_startup 
[gw0] [ 54%] PASSED distributed/tests/test_preload.py::test_scheduler_startup 
distributed/tests/test_preload.py::test_scheduler_startup_nanny 
[gw4] [ 54%] PASSED distributed/tests/test_queues.py::test_get_many 
distributed/tests/test_queues.py::test_Future_knows_status_immediately 
[gw1] [ 54%] PASSED distributed/tests/test_nanny.py::test_mp_process_worker_no_daemon 
distributed/tests/test_nanny.py::test_mp_pool_worker_no_daemon 
[gw4] [ 54%] PASSED distributed/tests/test_queues.py::test_Future_knows_status_immediately 
distributed/tests/test_queues.py::test_erred_future 
[gw2] [ 54%] PASSED distributed/tests/test_publish.py::test_datasets_getitem_default 
distributed/tests/test_publish.py::test_datasets_delitem 
[gw4] [ 54%] PASSED distributed/tests/test_queues.py::test_erred_future 
distributed/tests/test_queues.py::test_close 
[gw5] [ 54%] PASSED distributed/tests/test_nanny.py::test_run 
distributed/tests/test_nanny.py::test_no_hang_when_scheduler_closes 
[gw5] [ 54%] SKIPPED distributed/tests/test_nanny.py::test_no_hang_when_scheduler_closes 
distributed/tests/test_scheduler.py::test_retire_workers_n 
[gw8] [ 54%] PASSED distributed/tests/test_scheduler.py::test_profile_metadata_timeout 
distributed/tests/test_scheduler.py::test_profile_metadata_keys 
[gw4] [ 54%] PASSED distributed/tests/test_queues.py::test_close 
distributed/tests/test_queues.py::test_timeout 
[gw5] [ 55%] PASSED distributed/tests/test_scheduler.py::test_retire_workers_n 
distributed/tests/test_scheduler.py::test_workers_to_close 
[gw0] [ 55%] PASSED distributed/tests/test_preload.py::test_scheduler_startup_nanny 
distributed/tests/test_preload.py::test_worker_preload_text 
[gw0] [ 55%] PASSED distributed/tests/test_preload.py::test_worker_preload_text 
distributed/tests/test_priorities.py::test_submit 
[gw5] [ 55%] PASSED distributed/tests/test_scheduler.py::test_workers_to_close 
distributed/tests/test_scheduler.py::test_workers_to_close_grouped 
[gw8] [ 55%] PASSED distributed/tests/test_scheduler.py::test_profile_metadata_keys 
distributed/tests/test_scheduler.py::test_statistical_profiling 
[gw0] [ 55%] PASSED distributed/tests/test_priorities.py::test_submit 
distributed/tests/test_priorities.py::test_map 
[gw4] [ 55%] PASSED distributed/tests/test_queues.py::test_timeout 
distributed/tests/test_queues.py::test_2220 
[gw5] [ 55%] PASSED distributed/tests/test_scheduler.py::test_workers_to_close_grouped 
distributed/tests/test_scheduler.py::test_retire_workers_no_suspicious_tasks 
[gw2] [ 55%] PASSED distributed/tests/test_publish.py::test_datasets_delitem 
distributed/tests/test_publish.py::test_datasets_keys 
[gw0] [ 55%] PASSED distributed/tests/test_priorities.py::test_map 
distributed/tests/test_priorities.py::test_compute 
[gw4] [ 55%] PASSED distributed/tests/test_queues.py::test_2220 
distributed/tests/test_scheduler.py::test_closing_scheduler_closes_workers 
[gw8] [ 55%] PASSED distributed/tests/test_scheduler.py::test_statistical_profiling 
distributed/tests/test_scheduler.py::test_statistical_profiling_failure 
[gw4] [ 55%] PASSED distributed/tests/test_scheduler.py::test_closing_scheduler_closes_workers 
distributed/tests/test_scheduler.py::test_resources_reset_after_cancelled_task 
[gw0] [ 56%] PASSED distributed/tests/test_priorities.py::test_compute 
distributed/tests/test_priorities.py::test_persist 
[gw7] [ 56%] PASSED distributed/tests/test_failed_workers.py::test_restart_fast 
distributed/tests/test_failed_workers.py::test_worker_doesnt_await_task_completion 
[gw5] [ 56%] PASSED distributed/tests/test_scheduler.py::test_retire_workers_no_suspicious_tasks 
distributed/tests/test_scheduler.py::test_file_descriptors 
[gw5] [ 56%] SKIPPED distributed/tests/test_scheduler.py::test_file_descriptors 
distributed/tests/test_scheduler.py::test_learn_occupancy 
[gw5] [ 56%] SKIPPED distributed/tests/test_scheduler.py::test_learn_occupancy 
distributed/tests/test_scheduler.py::test_learn_occupancy_2 
[gw5] [ 56%] SKIPPED distributed/tests/test_scheduler.py::test_learn_occupancy_2 
distributed/tests/test_scheduler.py::test_occupancy_cleardown 
[gw0] [ 56%] PASSED distributed/tests/test_priorities.py::test_persist 
distributed/tests/test_priorities.py::test_annotate_compute 
[gw4] [ 56%] PASSED distributed/tests/test_scheduler.py::test_resources_reset_after_cancelled_task 
distributed/tests/test_scheduler.py::test_gh2187 
[gw8] [ 56%] PASSED distributed/tests/test_scheduler.py::test_statistical_profiling_failure 
distributed/tests/test_scheduler.py::test_cancel_fire_and_forget 
[gw1] [ 56%] PASSED distributed/tests/test_nanny.py::test_mp_pool_worker_no_daemon 
distributed/tests/test_nanny.py::test_nanny_closes_cleanly 
[gw0] [ 56%] PASSED distributed/tests/test_priorities.py::test_annotate_compute 
distributed/tests/test_priorities.py::test_annotate_persist 
[gw4] [ 56%] PASSED distributed/tests/test_scheduler.py::test_gh2187 
distributed/tests/test_scheduler.py::test_collect_versions 
[gw8] [ 56%] PASSED distributed/tests/test_scheduler.py::test_cancel_fire_and_forget 
distributed/tests/test_scheduler.py::test_log_tasks_during_restart 
[gw2] [ 57%] PASSED distributed/tests/test_publish.py::test_datasets_keys 
distributed/tests/test_publish.py::test_datasets_contains 
[gw4] [ 57%] PASSED distributed/tests/test_scheduler.py::test_collect_versions 
distributed/tests/test_scheduler.py::test_idle_timeout 
[gw0] [ 57%] PASSED distributed/tests/test_priorities.py::test_annotate_persist 
distributed/tests/test_scheduler.py::test_task_group_on_fire_and_forget 
[gw5] [ 57%] PASSED distributed/tests/test_scheduler.py::test_occupancy_cleardown 
distributed/tests/test_scheduler.py::test_balance_many_workers 
[gw1] [ 57%] PASSED distributed/tests/test_nanny.py::test_nanny_closes_cleanly 
distributed/tests/test_nanny.py::test_lifetime 
[gw1] [ 57%] SKIPPED distributed/tests/test_nanny.py::test_lifetime 
distributed/tests/test_nanny.py::test_nanny_closes_cleanly_2 
[gw4] [ 57%] XPASS distributed/tests/test_scheduler.py::test_idle_timeout 
distributed/tests/test_scheduler.py::test_bandwidth 
[gw2] [ 57%] PASSED distributed/tests/test_publish.py::test_datasets_contains 
distributed/tests/test_publish.py::test_datasets_republish 
[gw4] [ 57%] PASSED distributed/tests/test_scheduler.py::test_bandwidth 
distributed/tests/test_scheduler.py::test_bandwidth_clear 
[gw5] [ 57%] PASSED distributed/tests/test_scheduler.py::test_balance_many_workers 
distributed/tests/test_scheduler.py::test_balance_many_workers_2 
[gw0] [ 57%] PASSED distributed/tests/test_scheduler.py::test_task_group_on_fire_and_forget 
distributed/tests/test_scheduler.py::test_gather_failing_cnn_recover 
[gw0] [ 57%] PASSED distributed/tests/test_scheduler.py::test_gather_failing_cnn_recover 
distributed/tests/test_scheduler.py::test_gather_failing_cnn_error 
[gw0] [ 57%] PASSED distributed/tests/test_scheduler.py::test_gather_failing_cnn_error 
distributed/tests/test_scheduler.py::test_gather_no_workers 
[gw2] [ 58%] PASSED distributed/tests/test_publish.py::test_datasets_republish 
distributed/tests/test_scheduler.py::test_gather_on_worker 
[gw2] [ 58%] PASSED distributed/tests/test_scheduler.py::test_gather_on_worker 
distributed/tests/test_scheduler.py::test_gather_on_worker_bad_recipient 
[gw1] [ 58%] PASSED distributed/tests/test_nanny.py::test_nanny_closes_cleanly_2 
distributed/tests/test_nanny.py::test_config 
[gw2] [ 58%] PASSED distributed/tests/test_scheduler.py::test_gather_on_worker_bad_recipient 
distributed/tests/test_scheduler.py::test_gather_on_worker_bad_sender 
[gw5] [ 58%] PASSED distributed/tests/test_scheduler.py::test_balance_many_workers_2 
distributed/tests/test_scheduler.py::test_learn_occupancy_multiple_workers 
[gw8] [ 58%] PASSED distributed/tests/test_scheduler.py::test_log_tasks_during_restart 
distributed/tests/test_scheduler.py::test_reschedule 
[gw2] [ 58%] PASSED distributed/tests/test_scheduler.py::test_gather_on_worker_bad_sender 
distributed/tests/test_scheduler.py::test_gather_on_worker_bad_sender_replicated[False] 
[gw0] [ 58%] PASSED distributed/tests/test_scheduler.py::test_gather_no_workers 
distributed/tests/test_scheduler.py::test_gather_allow_worker_reconnect[True-True] 
[gw0] [ 58%] SKIPPED distributed/tests/test_scheduler.py::test_gather_allow_worker_reconnect[True-True] 
distributed/tests/test_scheduler.py::test_gather_allow_worker_reconnect[True-False] 
[gw0] [ 58%] SKIPPED distributed/tests/test_scheduler.py::test_gather_allow_worker_reconnect[True-False] 
distributed/tests/test_scheduler.py::test_gather_allow_worker_reconnect[False-True] 
[gw0] [ 58%] SKIPPED distributed/tests/test_scheduler.py::test_gather_allow_worker_reconnect[False-True] 
distributed/tests/test_scheduler.py::test_gather_allow_worker_reconnect[False-False] 
[gw0] [ 58%] SKIPPED distributed/tests/test_scheduler.py::test_gather_allow_worker_reconnect[False-False] 
distributed/tests/test_scheduler.py::test_too_many_groups 
[gw7] [ 58%] PASSED distributed/tests/test_failed_workers.py::test_worker_doesnt_await_task_completion 
distributed/tests/test_failed_workers.py::test_restart_fast_sync 
[gw4] [ 59%] PASSED distributed/tests/test_scheduler.py::test_bandwidth_clear 
distributed/tests/test_scheduler.py::test_workerstate_clean 
[gw2] [ 59%] PASSED distributed/tests/test_scheduler.py::test_gather_on_worker_bad_sender_replicated[False] 
distributed/tests/test_scheduler.py::test_gather_on_worker_bad_sender_replicated[True] 
[gw5] [ 59%] PASSED distributed/tests/test_scheduler.py::test_learn_occupancy_multiple_workers 
distributed/tests/test_scheduler.py::test_include_communication_in_occupancy 
[gw0] [ 59%] PASSED distributed/tests/test_scheduler.py::test_too_many_groups 
distributed/tests/test_scheduler.py::test_worker_name_collision 
[gw4] [ 59%] PASSED distributed/tests/test_scheduler.py::test_workerstate_clean 
distributed/tests/test_scheduler.py::test_result_type 
[gw2] [ 59%] PASSED distributed/tests/test_scheduler.py::test_gather_on_worker_bad_sender_replicated[True] 
distributed/tests/test_scheduler.py::test_gather_on_worker_key_not_on_sender 
[gw1] [ 59%] PASSED distributed/tests/test_nanny.py::test_config 
distributed/tests/test_scheduler.py::test_filtered_communication 
[gw0] [ 59%] PASSED distributed/tests/test_scheduler.py::test_worker_name_collision 
distributed/tests/test_scheduler.py::test_unknown_task_duration_config 
[gw8] [ 59%] PASSED distributed/tests/test_scheduler.py::test_reschedule 
distributed/tests/test_scheduler.py::test_reschedule_warns 
[gw4] [ 59%] PASSED distributed/tests/test_scheduler.py::test_result_type 
distributed/tests/test_scheduler.py::test_close_workers 
[gw1] [ 59%] PASSED distributed/tests/test_scheduler.py::test_filtered_communication 
distributed/tests/test_scheduler.py::test_dumps_function 
[gw1] [ 59%] PASSED distributed/tests/test_scheduler.py::test_dumps_function 
distributed/tests/test_scheduler.py::test_dumps_task 
[gw1] [ 59%] PASSED distributed/tests/test_scheduler.py::test_dumps_task 
distributed/tests/test_scheduler.py::test_ready_remove_worker 
[gw2] [ 60%] PASSED distributed/tests/test_scheduler.py::test_gather_on_worker_key_not_on_sender 
distributed/tests/test_scheduler.py::test_gather_on_worker_key_not_on_sender_replicated[False] 
[gw8] [ 60%] PASSED distributed/tests/test_scheduler.py::test_reschedule_warns 
distributed/tests/test_scheduler.py::test_get_task_status 
[gw4] [ 60%] PASSED distributed/tests/test_scheduler.py::test_close_workers 
distributed/tests/test_scheduler.py::test_adaptive_target 
[gw0] [ 60%] PASSED distributed/tests/test_scheduler.py::test_unknown_task_duration_config 
distributed/tests/test_scheduler.py::test_unknown_task_duration_config_2 
[gw1] [ 60%] PASSED distributed/tests/test_scheduler.py::test_ready_remove_worker 
distributed/tests/test_scheduler.py::test_restart 
[gw2] [ 60%] PASSED distributed/tests/test_scheduler.py::test_gather_on_worker_key_not_on_sender_replicated[False] 
distributed/tests/test_scheduler.py::test_gather_on_worker_key_not_on_sender_replicated[True] 
[gw8] [ 60%] PASSED distributed/tests/test_scheduler.py::test_get_task_status 
distributed/tests/test_scheduler.py::test_deque_handler 
[gw0] [ 60%] PASSED distributed/tests/test_scheduler.py::test_unknown_task_duration_config_2 
distributed/tests/test_scheduler.py::test_retire_state_change 
[gw8] [ 60%] PASSED distributed/tests/test_scheduler.py::test_deque_handler 
distributed/tests/test_scheduler.py::test_retries 
[gw2] [ 60%] PASSED distributed/tests/test_scheduler.py::test_gather_on_worker_key_not_on_sender_replicated[True] 
distributed/tests/test_scheduler.py::test_gather_on_worker_duplicate_task 
[gw0] [ 60%] PASSED distributed/tests/test_scheduler.py::test_retire_state_change 
distributed/tests/test_scheduler.py::test_configurable_events_log_length 
[gw2] [ 60%] PASSED distributed/tests/test_scheduler.py::test_gather_on_worker_duplicate_task 
distributed/tests/test_scheduler.py::test_delete_worker_data 
[gw8] [ 60%] PASSED distributed/tests/test_scheduler.py::test_retries 
distributed/tests/test_scheduler.py::test_missing_data_errant_worker 
[gw4] [ 61%] PASSED distributed/tests/test_scheduler.py::test_adaptive_target 
distributed/tests/test_scheduler.py::test_retire_names_str 
[gw0] [ 61%] PASSED distributed/tests/test_scheduler.py::test_configurable_events_log_length 
distributed/tests/test_scheduler.py::test_get_worker_monitor_info 
[gw2] [ 61%] PASSED distributed/tests/test_scheduler.py::test_delete_worker_data 
distributed/tests/test_scheduler.py::test_delete_worker_data_double_delete 
[gw5] [ 61%] PASSED distributed/tests/test_scheduler.py::test_include_communication_in_occupancy 
distributed/tests/test_scheduler.py::test_worker_arrives_with_processing_data 
[gw4] [ 61%] PASSED distributed/tests/test_scheduler.py::test_retire_names_str 
distributed/tests/test_scheduler.py::test_get_task_duration 
[gw0] [ 61%] PASSED distributed/tests/test_scheduler.py::test_get_worker_monitor_info 
distributed/tests/test_scheduler.py::test_quiet_cluster_round_robin 
[gw2] [ 61%] PASSED distributed/tests/test_scheduler.py::test_delete_worker_data_double_delete 
distributed/tests/test_scheduler.py::test_delete_worker_data_bad_worker 
[gw8] [ 61%] PASSED distributed/tests/test_scheduler.py::test_missing_data_errant_worker 
distributed/tests/test_scheduler.py::test_dont_recompute_if_persisted 
[gw0] [ 61%] PASSED distributed/tests/test_scheduler.py::test_quiet_cluster_round_robin 
distributed/tests/test_scheduler.py::test_close_scheduler__close_workers_Worker 
[gw2] [ 61%] PASSED distributed/tests/test_scheduler.py::test_delete_worker_data_bad_worker 
distributed/tests/test_scheduler.py::test_delete_worker_data_bad_task[False] 
[gw8] [ 61%] PASSED distributed/tests/test_scheduler.py::test_dont_recompute_if_persisted 
distributed/tests/test_scheduler.py::test_dont_recompute_if_persisted_2 
[gw2] [ 61%] PASSED distributed/tests/test_scheduler.py::test_delete_worker_data_bad_task[False] 
distributed/tests/test_scheduler.py::test_delete_worker_data_bad_task[True] 
[gw5] [ 62%] PASSED distributed/tests/test_scheduler.py::test_worker_arrives_with_processing_data 
distributed/tests/test_scheduler.py::test_worker_breaks_and_returns 
[gw5] [ 62%] SKIPPED distributed/tests/test_scheduler.py::test_worker_breaks_and_returns 
distributed/tests/test_scheduler.py::test_run_on_scheduler_sync 
[gw0] [ 62%] PASSED distributed/tests/test_scheduler.py::test_close_scheduler__close_workers_Worker 
distributed/tests/test_scheduler.py::test_close_scheduler__close_workers_Nanny 
[gw4] [ 62%] PASSED distributed/tests/test_scheduler.py::test_get_task_duration 
distributed/tests/test_scheduler.py::test_default_task_duration_splits 
[gw2] [ 62%] PASSED distributed/tests/test_scheduler.py::test_delete_worker_data_bad_task[True] 
distributed/tests/test_scheduler.py::test_computations 
[gw8] [ 62%] PASSED distributed/tests/test_scheduler.py::test_dont_recompute_if_persisted_2 
distributed/tests/test_scheduler.py::test_dont_recompute_if_persisted_3 
[gw2] [ 62%] PASSED distributed/tests/test_scheduler.py::test_computations 
distributed/tests/test_scheduler.py::test_computations_futures 
[gw8] [ 62%] PASSED distributed/tests/test_scheduler.py::test_dont_recompute_if_persisted_3 
distributed/tests/test_scheduler.py::test_dont_recompute_if_persisted_4 
[gw1] [ 62%] PASSED distributed/tests/test_scheduler.py::test_restart 
distributed/tests/test_scheduler.py::test_broadcast 
[gw2] [ 62%] PASSED distributed/tests/test_scheduler.py::test_computations_futures 
distributed/tests/test_scheduler.py::test_transition_counter 
[gw1] [ 62%] PASSED distributed/tests/test_scheduler.py::test_broadcast 
distributed/tests/test_scheduler.py::test_broadcast_tls 
[gw8] [ 62%] PASSED distributed/tests/test_scheduler.py::test_dont_recompute_if_persisted_4 
distributed/tests/test_scheduler.py::test_dont_forget_released_keys 
[gw4] [ 62%] PASSED distributed/tests/test_scheduler.py::test_default_task_duration_splits 
distributed/tests/test_scheduler.py::test_task_groups 
[gw2] [ 63%] PASSED distributed/tests/test_scheduler.py::test_transition_counter 
distributed/tests/test_scheduler.py::test_worker_heartbeat_after_cancel 
[gw1] [ 63%] PASSED distributed/tests/test_scheduler.py::test_broadcast_tls 
distributed/tests/test_scheduler.py::test_broadcast_nanny 
[gw8] [ 63%] PASSED distributed/tests/test_scheduler.py::test_dont_forget_released_keys 
distributed/tests/test_scheduler.py::test_dont_recompute_if_erred 
[gw0] [ 63%] PASSED distributed/tests/test_scheduler.py::test_close_scheduler__close_workers_Nanny 
distributed/tests/test_scheduler.py::test_multiple_listeners 
[gw5] [ 63%] PASSED distributed/tests/test_scheduler.py::test_run_on_scheduler_sync 
distributed/tests/test_scheduler.py::test_run_on_scheduler 
[gw4] [ 63%] PASSED distributed/tests/test_scheduler.py::test_task_groups 
distributed/tests/test_scheduler.py::test_task_prefix 
[gw0] [ 63%] PASSED distributed/tests/test_scheduler.py::test_multiple_listeners 
distributed/tests/test_security.py::test_defaults 
[gw0] [ 63%] PASSED distributed/tests/test_security.py::test_defaults 
distributed/tests/test_security.py::test_constructor_errors 
[gw0] [ 63%] PASSED distributed/tests/test_security.py::test_constructor_errors 
distributed/tests/test_security.py::test_attribute_error 
[gw0] [ 63%] PASSED distributed/tests/test_security.py::test_attribute_error 
distributed/tests/test_security.py::test_from_config 
[gw0] [ 63%] PASSED distributed/tests/test_security.py::test_from_config 
distributed/tests/test_security.py::test_kwargs 
[gw0] [ 63%] PASSED distributed/tests/test_security.py::test_kwargs 
distributed/tests/test_security.py::test_repr 
[gw0] [ 63%] PASSED distributed/tests/test_security.py::test_repr 
distributed/tests/test_security.py::test_tls_config_for_role 
[gw0] [ 64%] PASSED distributed/tests/test_security.py::test_tls_config_for_role 
distributed/tests/test_security.py::test_connection_args 
[gw0] [ 64%] PASSED distributed/tests/test_security.py::test_connection_args 
distributed/tests/test_security.py::test_extra_conn_args_connection_args 
[gw0] [ 64%] PASSED distributed/tests/test_security.py::test_extra_conn_args_connection_args 
distributed/tests/test_security.py::test_listen_args 
[gw0] [ 64%] PASSED distributed/tests/test_security.py::test_listen_args 
distributed/tests/test_security.py::test_tls_listen_connect 
[gw0] [ 64%] PASSED distributed/tests/test_security.py::test_tls_listen_connect 
distributed/tests/test_security.py::test_require_encryption 
[gw5] [ 64%] PASSED distributed/tests/test_scheduler.py::test_run_on_scheduler 
distributed/tests/test_scheduler.py::test_run_on_scheduler_disabled 
[gw0] [ 64%] PASSED distributed/tests/test_security.py::test_require_encryption 
distributed/tests/test_steal.py::test_dont_steal_fast_tasks_compute_time 
[gw8] [ 64%] PASSED distributed/tests/test_scheduler.py::test_dont_recompute_if_erred 
distributed/tests/test_semaphore.py::test_timeout_zero 
[gw2] [ 64%] PASSED distributed/tests/test_scheduler.py::test_worker_heartbeat_after_cancel 
distributed/tests/test_scheduler.py::test_scheduler_file 
[gw2] [ 64%] PASSED distributed/tests/test_scheduler.py::test_scheduler_file 
distributed/tests/test_scheduler.py::test_host_address 
[gw2] [ 64%] SKIPPED distributed/tests/test_scheduler.py::test_host_address 
distributed/tests/test_scheduler.py::test_dashboard_address 
[gw5] [ 64%] PASSED distributed/tests/test_scheduler.py::test_run_on_scheduler_disabled 
distributed/tests/test_scheduler.py::test_close_worker 
[gw4] [ 64%] PASSED distributed/tests/test_scheduler.py::test_task_prefix 
distributed/tests/test_scheduler.py::test_failing_task_increments_suspicious 
[gw8] [ 65%] PASSED distributed/tests/test_semaphore.py::test_timeout_zero 
distributed/tests/test_semaphore.py::test_getvalue 
[gw2] [ 65%] PASSED distributed/tests/test_scheduler.py::test_dashboard_address 
distributed/tests/test_scheduler.py::test_async_context_manager 
[gw2] [ 65%] PASSED distributed/tests/test_scheduler.py::test_async_context_manager 
distributed/tests/test_scheduler.py::test_allowed_failures_config 
[gw7] [ 65%] PASSED distributed/tests/test_failed_workers.py::test_restart_fast_sync 
distributed/tests/test_failed_workers.py::test_fast_kill 
[gw2] [ 65%] PASSED distributed/tests/test_scheduler.py::test_allowed_failures_config 
distributed/tests/test_scheduler.py::test_finished 
[gw8] [ 65%] PASSED distributed/tests/test_semaphore.py::test_getvalue 
distributed/tests/test_semaphore.py::test_metrics 
[gw2] [ 65%] PASSED distributed/tests/test_scheduler.py::test_finished 
distributed/tests/test_scheduler.py::test_no_danglng_asyncio_tasks 
[gw2] [ 65%] PASSED distributed/tests/test_scheduler.py::test_no_danglng_asyncio_tasks 
distributed/tests/test_steal.py::test_dont_steal_executing_tasks_2 
[gw8] [ 65%] PASSED distributed/tests/test_semaphore.py::test_metrics 
distributed/tests/test_semaphore.py::test_threadpoolworkers_pick_correct_ioloop 
[gw1] [ 65%] PASSED distributed/tests/test_scheduler.py::test_broadcast_nanny 
distributed/tests/test_scheduler.py::test_worker_name 
[gw0] [ 65%] PASSED distributed/tests/test_steal.py::test_dont_steal_fast_tasks_compute_time 
distributed/tests/test_steal.py::test_dont_steal_fast_tasks_blacklist 
[gw1] [ 65%] PASSED distributed/tests/test_scheduler.py::test_worker_name 
distributed/tests/test_scheduler.py::test_coerce_address 
[gw5] [ 65%] PASSED distributed/tests/test_scheduler.py::test_close_worker 
distributed/tests/test_scheduler.py::test_close_nanny 
[gw5] [ 66%] SKIPPED distributed/tests/test_scheduler.py::test_close_nanny 
distributed/tests/test_scheduler.py::test_retire_workers_close 
[gw1] [ 66%] PASSED distributed/tests/test_scheduler.py::test_coerce_address 
distributed/tests/test_scheduler.py::test_config_stealing 
[gw1] [ 66%] PASSED distributed/tests/test_scheduler.py::test_config_stealing 
distributed/tests/test_scheduler.py::test_config_no_stealing 
[gw5] [ 66%] PASSED distributed/tests/test_scheduler.py::test_retire_workers_close 
distributed/tests/test_security.py::test_temporary_credentials 
[gw1] [ 66%] PASSED distributed/tests/test_scheduler.py::test_config_no_stealing 
distributed/tests/test_scheduler.py::test_file_descriptors_dont_leak 
[gw5] [ 66%] PASSED distributed/tests/test_security.py::test_temporary_credentials 
distributed/tests/test_security.py::test_extra_conn_args_in_temporary_credentials 
[gw2] [ 66%] PASSED distributed/tests/test_steal.py::test_dont_steal_executing_tasks_2 
distributed/tests/test_steal.py::test_dont_steal_few_saturated_tasks_many_workers 
[gw1] [ 66%] PASSED distributed/tests/test_scheduler.py::test_file_descriptors_dont_leak 
distributed/tests/test_scheduler.py::test_update_graph_culls 
[gw5] [ 66%] PASSED distributed/tests/test_security.py::test_extra_conn_args_in_temporary_credentials 
distributed/tests/test_security.py::test_tls_temporary_credentials_functional 
[gw5] [ 66%] PASSED distributed/tests/test_security.py::test_tls_temporary_credentials_functional 
distributed/tests/test_semaphore.py::test_semaphore_trivial 
[gw1] [ 66%] PASSED distributed/tests/test_scheduler.py::test_update_graph_culls 
distributed/tests/test_scheduler.py::test_io_loop 
[gw5] [ 66%] PASSED distributed/tests/test_semaphore.py::test_semaphore_trivial 
distributed/tests/test_semaphore.py::test_serializable 
[gw1] [ 66%] PASSED distributed/tests/test_scheduler.py::test_io_loop 
[gw5] [ 67%] PASSED distributed/tests/test_semaphore.py::test_serializable 
distributed/tests/test_semaphore.py::test_release_simple 
[gw2] [ 67%] PASSED distributed/tests/test_steal.py::test_dont_steal_few_saturated_tasks_many_workers 
distributed/tests/test_steal.py::test_steal_when_more_tasks 
[gw5] [ 67%] PASSED distributed/tests/test_semaphore.py::test_release_simple 
distributed/tests/test_semaphore.py::test_acquires_with_timeout 
distributed/tests/test_scheduler.py::test_story 
[gw4] [ 67%] PASSED distributed/tests/test_scheduler.py::test_failing_task_increments_suspicious 
distributed/tests/test_scheduler.py::test_task_group_non_tuple_key 
[gw5] [ 67%] PASSED distributed/tests/test_semaphore.py::test_acquires_with_timeout 
distributed/tests/test_semaphore.py::test_timeout_sync 
[gw1] [ 67%] PASSED distributed/tests/test_scheduler.py::test_story 
distributed/tests/test_scheduler.py::test_scatter_no_workers 
[gw4] [ 67%] PASSED distributed/tests/test_scheduler.py::test_task_group_non_tuple_key 
distributed/tests/test_scheduler.py::test_task_unique_groups 
[gw0] [ 67%] PASSED distributed/tests/test_steal.py::test_dont_steal_fast_tasks_blacklist 
distributed/tests/test_steal.py::test_new_worker_steals 
[gw4] [ 67%] PASSED distributed/tests/test_scheduler.py::test_task_unique_groups 
distributed/tests/test_steal.py::test_balance_with_longer_task 
[gw2] [ 67%] PASSED distributed/tests/test_steal.py::test_steal_when_more_tasks 
distributed/tests/test_steal.py::test_steal_more_attractive_tasks 
[gw8] [ 67%] PASSED distributed/tests/test_semaphore.py::test_threadpoolworkers_pick_correct_ioloop 
distributed/tests/test_semaphore.py::test_release_retry 
[gw1] [ 67%] PASSED distributed/tests/test_scheduler.py::test_scatter_no_workers 
distributed/tests/test_scheduler.py::test_retire_workers 
[gw8] [ 67%] PASSED distributed/tests/test_semaphore.py::test_release_retry 
distributed/tests/test_semaphore.py::test_release_failure 
[gw2] [ 68%] PASSED distributed/tests/test_steal.py::test_steal_more_attractive_tasks 
distributed/tests/test_steal.py::test_balance[inp0-expected0] 
[gw1] [ 68%] PASSED distributed/tests/test_scheduler.py::test_retire_workers 
distributed/tests/test_steal.py::test_balance[inp10-expected10] 
[gw5] [ 68%] PASSED distributed/tests/test_semaphore.py::test_timeout_sync 
distributed/tests/test_semaphore.py::test_release_semaphore_after_timeout 
[gw8] [ 68%] PASSED distributed/tests/test_semaphore.py::test_release_failure 
distributed/tests/test_sizeof.py::test_safe_sizeof[obj0] 
[gw8] [ 68%] PASSED distributed/tests/test_sizeof.py::test_safe_sizeof[obj0] 
distributed/tests/test_sizeof.py::test_safe_sizeof[obj1] 
[gw8] [ 68%] PASSED distributed/tests/test_sizeof.py::test_safe_sizeof[obj1] 
distributed/tests/test_sizeof.py::test_safe_sizeof[obj2] 
[gw8] [ 68%] PASSED distributed/tests/test_sizeof.py::test_safe_sizeof[obj2] 
distributed/tests/test_sizeof.py::test_safe_sizeof_raises 
[gw8] [ 68%] PASSED distributed/tests/test_sizeof.py::test_safe_sizeof_raises 
distributed/tests/test_spec.py::test_address_default_none 
[gw8] [ 68%] PASSED distributed/tests/test_spec.py::test_address_default_none 
distributed/tests/test_spec.py::test_child_address_persists 
[gw8] [ 68%] PASSED distributed/tests/test_spec.py::test_child_address_persists 
distributed/tests/test_spill.py::test_spillbuffer 
[gw8] [ 68%] PASSED distributed/tests/test_spill.py::test_spillbuffer 
distributed/tests/test_steal.py::test_work_stealing 
[gw8] [ 68%] SKIPPED distributed/tests/test_steal.py::test_work_stealing 
distributed/tests/test_steal.py::test_dont_steal_expensive_data_fast_computation 
[gw8] [ 68%] PASSED distributed/tests/test_steal.py::test_dont_steal_expensive_data_fast_computation 
distributed/tests/test_steal.py::test_steal_cheap_data_slow_computation 
[gw7] [ 69%] PASSED distributed/tests/test_failed_workers.py::test_fast_kill 
distributed/tests/test_failed_workers.py::test_multiple_clients_restart 
[gw5] [ 69%] PASSED distributed/tests/test_semaphore.py::test_release_semaphore_after_timeout 
distributed/tests/test_semaphore.py::test_async_ctx 
[gw5] [ 69%] PASSED distributed/tests/test_semaphore.py::test_async_ctx 
distributed/tests/test_semaphore.py::test_worker_dies 
[gw5] [ 69%] SKIPPED distributed/tests/test_semaphore.py::test_worker_dies 
distributed/tests/test_semaphore.py::test_access_semaphore_by_name 
[gw2] [ 69%] PASSED distributed/tests/test_steal.py::test_balance[inp0-expected0] 
distributed/tests/test_steal.py::test_balance[inp1-expected1] 
[gw1] [ 69%] PASSED distributed/tests/test_steal.py::test_balance[inp10-expected10] 
distributed/tests/test_steal.py::test_balance[inp11-expected11] 
[gw8] [ 69%] PASSED distributed/tests/test_steal.py::test_steal_cheap_data_slow_computation 
distributed/tests/test_steal.py::test_steal_expensive_data_slow_computation 
[gw5] [ 69%] PASSED distributed/tests/test_semaphore.py::test_access_semaphore_by_name 
distributed/tests/test_semaphore.py::test_close_async 
[gw5] [ 69%] SKIPPED distributed/tests/test_semaphore.py::test_close_async 
distributed/tests/test_semaphore.py::test_close_sync 
[gw2] [ 69%] PASSED distributed/tests/test_steal.py::test_balance[inp1-expected1] 
distributed/tests/test_steal.py::test_balance[inp2-expected2] 
[gw1] [ 69%] PASSED distributed/tests/test_steal.py::test_balance[inp11-expected11] 
distributed/tests/test_steal.py::test_balance[inp12-expected12] 
[gw7] [ 69%] PASSED distributed/tests/test_failed_workers.py::test_multiple_clients_restart 
[gw0] [ 70%] PASSED distributed/tests/test_steal.py::test_new_worker_steals 
distributed/tests/test_failed_workers.py::test_restart_scheduler 
distributed/tests/test_steal.py::test_work_steal_no_kwargs 
[gw8] [ 70%] PASSED distributed/tests/test_steal.py::test_steal_expensive_data_slow_computation 
distributed/tests/test_steal.py::test_worksteal_many_thieves 
[gw5] [ 70%] PASSED distributed/tests/test_semaphore.py::test_close_sync 
distributed/tests/test_semaphore.py::test_release_once_too_many 
[gw5] [ 70%] PASSED distributed/tests/test_semaphore.py::test_release_once_too_many 
distributed/tests/test_semaphore.py::test_release_once_too_many_resilience 
[gw5] [ 70%] PASSED distributed/tests/test_semaphore.py::test_release_once_too_many_resilience 
distributed/tests/test_semaphore.py::test_retry_acquire 
[gw2] [ 70%] PASSED distributed/tests/test_steal.py::test_balance[inp2-expected2] 
distributed/tests/test_steal.py::test_balance[inp3-expected3] 
[gw1] [ 70%] PASSED distributed/tests/test_steal.py::test_balance[inp12-expected12] 
distributed/tests/test_steal.py::test_balance[inp13-expected13] 
[gw5] [ 70%] PASSED distributed/tests/test_semaphore.py::test_retry_acquire 
distributed/tests/test_semaphore.py::test_oversubscribing_leases 
[gw7] [ 70%] PASSED distributed/tests/test_failed_workers.py::test_restart_scheduler 
distributed/tests/test_failed_workers.py::test_forgotten_futures_dont_clean_up_new_futures 
[gw8] [ 70%] PASSED distributed/tests/test_steal.py::test_worksteal_many_thieves 
distributed/tests/test_steal.py::test_dont_steal_unknown_functions 
[gw5] [ 70%] PASSED distributed/tests/test_semaphore.py::test_oversubscribing_leases 
distributed/tests/test_tls_functional.py::test_gather 
[gw4] [ 70%] PASSED distributed/tests/test_steal.py::test_balance_with_longer_task 
distributed/tests/test_steal.py::test_blacklist_shuffle_split 
[gw5] [ 70%] PASSED distributed/tests/test_tls_functional.py::test_gather 
distributed/tests/test_tls_functional.py::test_scatter 
[gw0] [ 71%] PASSED distributed/tests/test_steal.py::test_work_steal_no_kwargs 
distributed/tests/test_steal.py::test_dont_steal_worker_restrictions 
[gw2] [ 71%] PASSED distributed/tests/test_steal.py::test_balance[inp3-expected3] 
distributed/tests/test_steal.py::test_balance[inp4-expected4] 
[gw8] [ 71%] PASSED distributed/tests/test_steal.py::test_dont_steal_unknown_functions 
distributed/tests/test_steal.py::test_eventually_steal_unknown_functions 
[gw1] [ 71%] XFAIL distributed/tests/test_steal.py::test_balance[inp13-expected13] 
distributed/tests/test_steal.py::test_restart 
[gw5] [ 71%] PASSED distributed/tests/test_tls_functional.py::test_scatter 
distributed/tests/test_tls_functional.py::test_nanny 
[gw0] [ 71%] PASSED distributed/tests/test_steal.py::test_dont_steal_worker_restrictions 
distributed/tests/test_steal.py::test_steal_worker_restrictions 
[gw4] [ 71%] PASSED distributed/tests/test_steal.py::test_blacklist_shuffle_split 
distributed/tests/test_stress.py::test_stress_1 
[gw8] [ 71%] PASSED distributed/tests/test_steal.py::test_eventually_steal_unknown_functions 
distributed/tests/test_steal.py::test_steal_related_tasks 
[gw8] [ 71%] SKIPPED distributed/tests/test_steal.py::test_steal_related_tasks 
distributed/tests/test_threadpoolexecutor.py::test_shutdown_timeout 
[gw8] [ 71%] PASSED distributed/tests/test_threadpoolexecutor.py::test_shutdown_timeout 
distributed/tests/test_threadpoolexecutor.py::test_shutdown_timeout_raises 
[gw0] [ 71%] PASSED distributed/tests/test_steal.py::test_steal_worker_restrictions 
distributed/tests/test_steal.py::test_dont_steal_host_restrictions 
[gw0] [ 71%] SKIPPED distributed/tests/test_steal.py::test_dont_steal_host_restrictions 
distributed/tests/test_steal.py::test_steal_host_restrictions 
[gw0] [ 71%] SKIPPED distributed/tests/test_steal.py::test_steal_host_restrictions 
distributed/tests/test_steal.py::test_dont_steal_resource_restrictions 
[gw2] [ 72%] PASSED distributed/tests/test_steal.py::test_balance[inp4-expected4] 
distributed/tests/test_steal.py::test_balance[inp5-expected5] 
[gw8] [ 72%] PASSED distributed/tests/test_threadpoolexecutor.py::test_shutdown_timeout_raises 
distributed/tests/test_threadpoolexecutor.py::test_shutdown_wait 
[gw8] [ 72%] PASSED distributed/tests/test_threadpoolexecutor.py::test_shutdown_wait 
distributed/tests/test_threadpoolexecutor.py::test_secede_rejoin_busy 
[gw7] [ 72%] PASSED distributed/tests/test_failed_workers.py::test_forgotten_futures_dont_clean_up_new_futures 
distributed/tests/test_failed_workers.py::test_broken_worker_during_computation 
[gw7] [ 72%] SKIPPED distributed/tests/test_failed_workers.py::test_broken_worker_during_computation 
distributed/tests/test_failed_workers.py::test_restart_during_computation 
[gw5] [ 72%] PASSED distributed/tests/test_tls_functional.py::test_nanny 
distributed/tests/test_tls_functional.py::test_work_stealing 
[gw4] [ 72%] PASSED distributed/tests/test_stress.py::test_stress_1 
distributed/tests/test_stress.py::test_stress_gc[slowinc-100] 
[gw4] [ 72%] SKIPPED distributed/tests/test_stress.py::test_stress_gc[slowinc-100] 
distributed/tests/test_stress.py::test_stress_gc[inc-1000] 
[gw4] [ 72%] SKIPPED distributed/tests/test_stress.py::test_stress_gc[inc-1000] 
distributed/tests/test_stress.py::test_cancel_stress 
[gw0] [ 72%] PASSED distributed/tests/test_steal.py::test_dont_steal_resource_restrictions 
distributed/tests/test_steal.py::test_steal_resource_restrictions 
[gw1] [ 72%] PASSED distributed/tests/test_steal.py::test_restart 
distributed/tests/test_steal.py::test_steal_communication_heavy_tasks 
[gw2] [ 72%] PASSED distributed/tests/test_steal.py::test_balance[inp5-expected5] 
distributed/tests/test_steal.py::test_balance[inp6-expected6] 
[gw0] [ 72%] PASSED distributed/tests/test_steal.py::test_steal_resource_restrictions 
distributed/tests/test_steal.py::test_balance_without_dependencies 
[gw8] [ 73%] PASSED distributed/tests/test_threadpoolexecutor.py::test_secede_rejoin_busy 
distributed/tests/test_threadpoolexecutor.py::test_secede_rejoin_quiet 
[gw8] [ 73%] PASSED distributed/tests/test_threadpoolexecutor.py::test_secede_rejoin_quiet 
distributed/tests/test_threadpoolexecutor.py::test_rejoin_idempotent 
[gw8] [ 73%] PASSED distributed/tests/test_threadpoolexecutor.py::test_rejoin_idempotent 
distributed/tests/test_threadpoolexecutor.py::test_thread_name 
[gw8] [ 73%] PASSED distributed/tests/test_threadpoolexecutor.py::test_thread_name 
distributed/tests/test_tls_functional.py::test_basic 
[gw1] [ 73%] PASSED distributed/tests/test_steal.py::test_steal_communication_heavy_tasks 
distributed/tests/test_steal.py::test_steal_twice 
[gw8] [ 73%] PASSED distributed/tests/test_tls_functional.py::test_basic 
distributed/tests/test_tls_functional.py::test_Queue 
[gw5] [ 73%] PASSED distributed/tests/test_tls_functional.py::test_work_stealing 
distributed/tests/test_tls_functional.py::test_worker_client 
[gw8] [ 73%] PASSED distributed/tests/test_tls_functional.py::test_Queue 
distributed/tests/test_tls_functional.py::test_client_submit 
[gw5] [ 73%] PASSED distributed/tests/test_tls_functional.py::test_worker_client 
distributed/tests/test_tls_functional.py::test_worker_client_gather 
[gw2] [ 73%] PASSED distributed/tests/test_steal.py::test_balance[inp6-expected6] 
distributed/tests/test_steal.py::test_balance[inp7-expected7] 
[gw8] [ 73%] PASSED distributed/tests/test_tls_functional.py::test_client_submit 
distributed/tests/test_utils.py::test_seek_delimiter_endline 
[gw8] [ 73%] PASSED distributed/tests/test_utils.py::test_seek_delimiter_endline 
distributed/tests/test_utils.py::test_ensure_bytes 
[gw8] [ 73%] PASSED distributed/tests/test_utils.py::test_ensure_bytes 
distributed/tests/test_utils.py::test_ensure_bytes_ndarray 
[gw8] [ 74%] PASSED distributed/tests/test_utils.py::test_ensure_bytes_ndarray 
distributed/tests/test_utils.py::test_ensure_bytes_pyarrow_buffer 
[gw8] [ 74%] PASSED distributed/tests/test_utils.py::test_ensure_bytes_pyarrow_buffer 
distributed/tests/test_utils.py::test_nbytes 
[gw8] [ 74%] PASSED distributed/tests/test_utils.py::test_nbytes 
distributed/tests/test_utils.py::test_open_port 
[gw8] [ 74%] PASSED distributed/tests/test_utils.py::test_open_port 
distributed/tests/test_utils.py::test_set_thread_state 
[gw8] [ 74%] PASSED distributed/tests/test_utils.py::test_set_thread_state 
[gw5] [ 74%] PASSED distributed/tests/test_tls_functional.py::test_worker_client_gather 
distributed/tests/test_utils.py::test_loop_runner 
distributed/tests/test_tls_functional.py::test_worker_client_executor 
[gw7] [ 74%] PASSED distributed/tests/test_failed_workers.py::test_restart_during_computation 
distributed/tests/test_failed_workers.py::test_worker_who_has_clears_after_failed_connection 
[gw0] [ 74%] PASSED distributed/tests/test_steal.py::test_balance_without_dependencies 
distributed/tests/test_steal.py::test_dont_steal_executing_tasks 
[gw8] [ 74%] PASSED distributed/tests/test_utils.py::test_loop_runner 
distributed/tests/test_utils.py::test_two_loop_runners 
[gw8] [ 74%] PASSED distributed/tests/test_utils.py::test_two_loop_runners 
distributed/tests/test_utils.py::test_warn_on_duration 
[gw1] [ 74%] PASSED distributed/tests/test_steal.py::test_steal_twice 
distributed/tests/test_steal.py::test_dont_steal_already_released 
[gw5] [ 74%] PASSED distributed/tests/test_tls_functional.py::test_worker_client_executor 
distributed/tests/test_tls_functional.py::test_retire_workers 
[gw8] [ 74%] PASSED distributed/tests/test_utils.py::test_warn_on_duration 
distributed/tests/test_utils.py::test_logs 
[gw8] [ 75%] PASSED distributed/tests/test_utils.py::test_logs 
distributed/tests/test_utils.py::test_is_valid_xml 
[gw8] [ 75%] PASSED distributed/tests/test_utils.py::test_is_valid_xml 
distributed/tests/test_utils.py::test_format_dashboard_link 
[gw8] [ 75%] PASSED distributed/tests/test_utils.py::test_format_dashboard_link 
distributed/tests/test_utils.py::test_parse_ports 
[gw8] [ 75%] PASSED distributed/tests/test_utils.py::test_parse_ports 
distributed/tests/test_utils.py::test_lru 
[gw8] [ 75%] PASSED distributed/tests/test_utils.py::test_lru 
distributed/tests/test_utils.py::test_offload 
[gw8] [ 75%] PASSED distributed/tests/test_utils.py::test_offload 
distributed/tests/test_utils.py::test_serialize_for_cli_deprecated 
[gw8] [ 75%] PASSED distributed/tests/test_utils.py::test_serialize_for_cli_deprecated 
distributed/tests/test_utils.py::test_deserialize_for_cli_deprecated 
[gw8] [ 75%] PASSED distributed/tests/test_utils.py::test_deserialize_for_cli_deprecated 
distributed/tests/test_utils.py::test_parse_bytes_deprecated 
[gw8] [ 75%] PASSED distributed/tests/test_utils.py::test_parse_bytes_deprecated 
distributed/tests/test_utils.py::test_format_bytes_deprecated 
[gw8] [ 75%] PASSED distributed/tests/test_utils.py::test_format_bytes_deprecated 
distributed/tests/test_utils.py::test_format_time_deprecated 
[gw8] [ 75%] PASSED distributed/tests/test_utils.py::test_format_time_deprecated 
distributed/tests/test_utils.py::test_funcname_deprecated 
[gw8] [ 75%] PASSED distributed/tests/test_utils.py::test_funcname_deprecated 
distributed/tests/test_utils.py::test_parse_timedelta_deprecated 
[gw8] [ 75%] PASSED distributed/tests/test_utils.py::test_parse_timedelta_deprecated 
distributed/tests/test_utils.py::test_loop_runner_gen 
[gw0] [ 76%] PASSED distributed/tests/test_steal.py::test_dont_steal_executing_tasks 
distributed/tests/test_utils.py::test_All 
[gw0] [ 76%] PASSED distributed/tests/test_utils.py::test_All 
[gw8] [ 76%] PASSED distributed/tests/test_utils.py::test_loop_runner_gen 
distributed/tests/test_utils.py::test_all_exceptions_logging 
[gw1] [ 76%] PASSED distributed/tests/test_steal.py::test_dont_steal_already_released 
distributed/tests/test_steal.py::test_dont_steal_long_running_tasks 
[gw8] [ 76%] PASSED distributed/tests/test_utils.py::test_all_exceptions_logging 
distributed/tests/test_utils_comm.py::test_pack_data 
[gw8] [ 76%] PASSED distributed/tests/test_utils_comm.py::test_pack_data 
distributed/tests/test_utils_comm.py::test_subs_multiple 
[gw8] [ 76%] PASSED distributed/tests/test_utils_comm.py::test_subs_multiple 
distributed/tests/test_utils_comm.py::test_gather_from_workers_permissive 
distributed/tests/test_utils.py::test_sync_error 
[gw2] [ 76%] PASSED distributed/tests/test_steal.py::test_balance[inp7-expected7] 
[gw0] [ 76%] PASSED distributed/tests/test_utils.py::test_sync_error 
distributed/tests/test_steal.py::test_balance[inp8-expected8] 
distributed/tests/test_utils.py::test_sync_timeout 
[gw8] [ 76%] PASSED distributed/tests/test_utils_comm.py::test_gather_from_workers_permissive 
distributed/tests/test_utils_comm.py::test_gather_from_workers_permissive_flaky 
[gw0] [ 76%] PASSED distributed/tests/test_utils.py::test_sync_timeout 
distributed/tests/test_utils.py::test_sync_closed_loop 
[gw0] [ 76%] PASSED distributed/tests/test_utils.py::test_sync_closed_loop 
distributed/tests/test_utils.py::test_is_kernel 
[gw8] [ 77%] PASSED distributed/tests/test_utils_comm.py::test_gather_from_workers_permissive_flaky 
distributed/tests/test_utils_comm.py::test_retry_no_exception 
[gw8] [ 77%] PASSED distributed/tests/test_utils_comm.py::test_retry_no_exception 
[gw0] [ 77%] PASSED distributed/tests/test_utils.py::test_is_kernel 
distributed/tests/test_utils.py::test_ensure_ip 
[gw0] [ 77%] PASSED distributed/tests/test_utils.py::test_ensure_ip 
distributed/tests/test_utils.py::test_get_ip_interface 
[gw0] [ 77%] PASSED distributed/tests/test_utils.py::test_get_ip_interface 
distributed/tests/test_utils.py::test_truncate_exception 
[gw0] [ 77%] PASSED distributed/tests/test_utils.py::test_truncate_exception 
distributed/tests/test_utils.py::test_get_traceback 
[gw0] [ 77%] PASSED distributed/tests/test_utils.py::test_get_traceback 
distributed/tests/test_utils.py::test_maybe_complex 
[gw0] [ 77%] PASSED distributed/tests/test_utils.py::test_maybe_complex 
distributed/tests/test_utils.py::test_read_block 
[gw0] [ 77%] PASSED distributed/tests/test_utils.py::test_read_block 
distributed/tests/test_utils_test.py::test_bare_cluster 
distributed/tests/test_utils_comm.py::test_retry0_raises_immediately 
[gw8] [ 77%] PASSED distributed/tests/test_utils_comm.py::test_retry0_raises_immediately 
[gw5] [ 77%] PASSED distributed/tests/test_tls_functional.py::test_retire_workers 
distributed/tests/test_tls_functional.py::test_security_dict_input_no_security 
[gw1] [ 77%] PASSED distributed/tests/test_steal.py::test_dont_steal_long_running_tasks 
distributed/tests/test_steal.py::test_cleanup_repeated_tasks 
distributed/tests/test_utils_comm.py::test_retry_does_retry_and_sleep 
[gw8] [ 77%] PASSED distributed/tests/test_utils_comm.py::test_retry_does_retry_and_sleep 
[gw5] [ 78%] PASSED distributed/tests/test_tls_functional.py::test_security_dict_input_no_security 
distributed/tests/test_tls_functional.py::test_security_dict_input 
[gw2] [ 78%] PASSED distributed/tests/test_steal.py::test_balance[inp8-expected8] 
distributed/tests/test_steal.py::test_balance[inp9-expected9] 
[gw5] [ 78%] PASSED distributed/tests/test_tls_functional.py::test_security_dict_input 
distributed/tests/test_utils_test.py::test_gen_cluster_set_config_nanny 
distributed/tests/test_utils_perf.py::test_fractional_timer 
[gw8] [ 78%] PASSED distributed/tests/test_utils_perf.py::test_fractional_timer 
distributed/tests/test_utils_perf.py::test_gc_diagnosis_cpu_time 
[gw8] [ 78%] SKIPPED distributed/tests/test_utils_perf.py::test_gc_diagnosis_cpu_time 
distributed/tests/test_utils_perf.py::test_gc_diagnosis_rss_win 
[gw4] [ 78%] PASSED distributed/tests/test_stress.py::test_cancel_stress 
distributed/tests/test_stress.py::test_cancel_stress_sync 
[gw1] [ 78%] PASSED distributed/tests/test_steal.py::test_cleanup_repeated_tasks 
distributed/tests/test_steal.py::test_lose_task 
[gw2] [ 78%] PASSED distributed/tests/test_steal.py::test_balance[inp9-expected9] 
distributed/tests/test_utils_test.py::test_gen_test 
[gw2] [ 78%] PASSED distributed/tests/test_utils_test.py::test_gen_test 
distributed/tests/test_utils_test.py::test_gen_test_legacy_implicit 
[gw2] [ 78%] PASSED distributed/tests/test_utils_test.py::test_gen_test_legacy_implicit 
distributed/tests/test_utils_test.py::test_gen_test_legacy_explicit 
[gw2] [ 78%] PASSED distributed/tests/test_utils_test.py::test_gen_test_legacy_explicit 
distributed/tests/test_variable.py::test_variable 
[gw8] [ 78%] XFAIL distributed/tests/test_utils_perf.py::test_gc_diagnosis_rss_win 
distributed/tests/test_variable.py::test_cleanup 
[gw7] [ 78%] PASSED distributed/tests/test_failed_workers.py::test_worker_who_has_clears_after_failed_connection 
distributed/tests/test_failed_workers.py::test_worker_same_host_replicas_missing 
[gw0] [ 79%] PASSED distributed/tests/test_utils_test.py::test_bare_cluster 
[gw2] [ 79%] PASSED distributed/tests/test_variable.py::test_variable 
distributed/tests/test_variable.py::test_variable_in_task 
[gw8] [ 79%] PASSED distributed/tests/test_variable.py::test_cleanup 
distributed/tests/test_variable.py::test_pickleable 
distributed/tests/test_utils_test.py::test_cluster 
[gw5] [ 79%] PASSED distributed/tests/test_utils_test.py::test_gen_cluster_set_config_nanny 
distributed/tests/test_utils_test.py::test_gen_cluster_legacy_implicit 
[gw7] [ 79%] PASSED distributed/tests/test_failed_workers.py::test_worker_same_host_replicas_missing 
distributed/tests/test_failed_workers.py::test_restart_timeout_on_long_running_task 
[gw7] [ 79%] SKIPPED distributed/tests/test_failed_workers.py::test_restart_timeout_on_long_running_task 
distributed/tests/test_failed_workers.py::test_worker_time_to_live 
[gw7] [ 79%] SKIPPED distributed/tests/test_failed_workers.py::test_worker_time_to_live 
distributed/tests/test_failed_workers.py::test_handle_superfluous_data 
[gw5] [ 79%] PASSED distributed/tests/test_utils_test.py::test_gen_cluster_legacy_implicit 
distributed/tests/test_utils_test.py::test_gen_cluster_legacy_explicit 
[gw5] [ 79%] PASSED distributed/tests/test_utils_test.py::test_gen_cluster_legacy_explicit 
distributed/tests/test_utils_test.py::test_gen_cluster_cleans_up_client 
[gw5] [ 79%] SKIPPED distributed/tests/test_utils_test.py::test_gen_cluster_cleans_up_client 
distributed/tests/test_utils_test.py::test_gen_cluster_without_client 
[gw1] [ 79%] PASSED distributed/tests/test_steal.py::test_lose_task 
distributed/tests/test_steal.py::test_worker_stealing_interval 
[gw8] [ 79%] PASSED distributed/tests/test_variable.py::test_pickleable 
[gw0] [ 79%] PASSED distributed/tests/test_utils_test.py::test_cluster 
distributed/tests/test_variable.py::test_timeout_get 
[gw5] [ 80%] PASSED distributed/tests/test_utils_test.py::test_gen_cluster_without_client 
distributed/tests/test_utils_test.py::test_gen_cluster_tls 
[gw1] [ 80%] PASSED distributed/tests/test_steal.py::test_worker_stealing_interval 
distributed/tests/test_versions.py::test_version_mismatch[client-MISSING] 
[gw1] [ 80%] PASSED distributed/tests/test_versions.py::test_version_mismatch[client-MISSING] 
distributed/tests/test_versions.py::test_version_mismatch[client-KEY_ERROR] 
[gw1] [ 80%] PASSED distributed/tests/test_versions.py::test_version_mismatch[client-KEY_ERROR] 
distributed/tests/test_versions.py::test_version_mismatch[client-NONE] 
[gw1] [ 80%] PASSED distributed/tests/test_versions.py::test_version_mismatch[client-NONE] 
distributed/tests/test_versions.py::test_version_mismatch[scheduler-MISMATCHED] 
[gw1] [ 80%] PASSED distributed/tests/test_versions.py::test_version_mismatch[scheduler-MISMATCHED] 
distributed/tests/test_versions.py::test_version_mismatch[scheduler-MISSING] 
[gw1] [ 80%] PASSED distributed/tests/test_versions.py::test_version_mismatch[scheduler-MISSING] 
distributed/tests/test_versions.py::test_version_mismatch[scheduler-KEY_ERROR] 
[gw8] [ 80%] PASSED distributed/tests/test_variable.py::test_timeout_get 
distributed/tests/test_variable.py::test_race 
[gw8] [ 80%] SKIPPED distributed/tests/test_variable.py::test_race 
distributed/tests/test_variable.py::test_Future_knows_status_immediately 
[gw1] [ 80%] PASSED distributed/tests/test_versions.py::test_version_mismatch[scheduler-KEY_ERROR] 
distributed/tests/test_versions.py::test_version_mismatch[scheduler-NONE] 
[gw1] [ 80%] PASSED distributed/tests/test_versions.py::test_version_mismatch[scheduler-NONE] 
distributed/tests/test_versions.py::test_version_mismatch[worker-1-MISMATCHED] 
[gw1] [ 80%] PASSED distributed/tests/test_versions.py::test_version_mismatch[worker-1-MISMATCHED] 
distributed/tests/test_versions.py::test_version_mismatch[worker-1-MISSING] 
[gw1] [ 80%] PASSED distributed/tests/test_versions.py::test_version_mismatch[worker-1-MISSING] 
distributed/tests/test_versions.py::test_version_mismatch[worker-1-KEY_ERROR] 
[gw1] [ 81%] PASSED distributed/tests/test_versions.py::test_version_mismatch[worker-1-KEY_ERROR] 
distributed/tests/test_versions.py::test_version_mismatch[worker-1-NONE] 
[gw1] [ 81%] PASSED distributed/tests/test_versions.py::test_version_mismatch[worker-1-NONE] 
distributed/tests/test_versions.py::test_scheduler_mismatched_irrelevant_package 
[gw1] [ 81%] PASSED distributed/tests/test_versions.py::test_scheduler_mismatched_irrelevant_package 
distributed/tests/test_versions.py::test_scheduler_additional_irrelevant_package 
[gw5] [ 81%] PASSED distributed/tests/test_utils_test.py::test_gen_cluster_tls 
distributed/tests/test_utils_test.py::test_wait_for_port 
[gw1] [ 81%] PASSED distributed/tests/test_versions.py::test_scheduler_additional_irrelevant_package 
distributed/tests/test_versions.py::test_python_mismatch 
[gw1] [ 81%] PASSED distributed/tests/test_versions.py::test_python_mismatch 
distributed/tests/test_versions.py::test_version_warning_in_cluster 
[gw8] [ 81%] PASSED distributed/tests/test_variable.py::test_Future_knows_status_immediately 
distributed/tests/test_variable.py::test_erred_future 
distributed/tests/test_utils_test.py::test_gen_cluster 
[gw1] [ 81%] PASSED distributed/tests/test_versions.py::test_version_warning_in_cluster 
distributed/tests/test_versions.py::test_python_version 
[gw1] [ 81%] PASSED distributed/tests/test_versions.py::test_python_version 
distributed/tests/test_worker.py::test_worker_nthreads 
[gw1] [ 81%] PASSED distributed/tests/test_worker.py::test_worker_nthreads 
distributed/tests/test_worker.py::test_str 
[gw8] [ 81%] PASSED distributed/tests/test_variable.py::test_erred_future 
distributed/tests/test_variable.py::test_future_erred_sync 
[gw0] [ 81%] PASSED distributed/tests/test_utils_test.py::test_gen_cluster 
distributed/tests/test_utils_test.py::test_gen_cluster_pytest_fixture 
[gw1] [ 81%] PASSED distributed/tests/test_worker.py::test_str 
distributed/tests/test_worker.py::test_identity 
[gw0] [ 82%] PASSED distributed/tests/test_utils_test.py::test_gen_cluster_pytest_fixture 
distributed/tests/test_utils_test.py::test_gen_cluster_parametrized[True] 
[gw2] [ 82%] PASSED distributed/tests/test_variable.py::test_variable_in_task 
distributed/tests/test_variable.py::test_delete_unset_variable 
[gw1] [ 82%] PASSED distributed/tests/test_worker.py::test_identity 
distributed/tests/test_worker.py::test_worker_bad_args 
[gw2] [ 82%] PASSED distributed/tests/test_variable.py::test_delete_unset_variable 
distributed/tests/test_variable.py::test_queue_with_data 
[gw0] [ 82%] PASSED distributed/tests/test_utils_test.py::test_gen_cluster_parametrized[True] 
distributed/tests/test_utils_test.py::test_gen_cluster_multi_parametrized[a-True] 
[gw1] [ 82%] PASSED distributed/tests/test_worker.py::test_worker_bad_args 
distributed/tests/test_worker.py::test_broadcast 
[gw2] [ 82%] PASSED distributed/tests/test_variable.py::test_queue_with_data 
distributed/tests/test_variable.py::test_sync 
[gw0] [ 82%] PASSED distributed/tests/test_utils_test.py::test_gen_cluster_multi_parametrized[a-True] 
distributed/tests/test_utils_test.py::test_gen_cluster_multi_parametrized[b-True] 
[gw1] [ 82%] PASSED distributed/tests/test_worker.py::test_broadcast 
distributed/tests/test_worker.py::test_worker_with_port_zero 
[gw0] [ 82%] PASSED distributed/tests/test_utils_test.py::test_gen_cluster_multi_parametrized[b-True] 
distributed/tests/test_utils_test.py::test_gen_cluster_parametrized_variadic_workers[True] 
[gw8] [ 82%] PASSED distributed/tests/test_variable.py::test_future_erred_sync 
[gw1] [ 82%] PASSED distributed/tests/test_worker.py::test_worker_with_port_zero 
distributed/tests/test_worker.py::test_worker_port_range 
distributed/tests/test_variable.py::test_variables_do_not_leak_client 
[gw0] [ 82%] PASSED distributed/tests/test_utils_test.py::test_gen_cluster_parametrized_variadic_workers[True] 
distributed/tests/test_worker.py::test_io_loop 
[gw1] [ 83%] PASSED distributed/tests/test_worker.py::test_worker_port_range 
distributed/tests/test_worker.py::test_worker_task_data 
[gw5] [ 83%] PASSED distributed/tests/test_utils_test.py::test_wait_for_port 
distributed/tests/test_utils_test.py::test_new_config 
[gw5] [ 83%] PASSED distributed/tests/test_utils_test.py::test_new_config 
distributed/tests/test_utils_test.py::test_lingering_client 
[gw8] [ 83%] PASSED distributed/tests/test_variable.py::test_variables_do_not_leak_client 
distributed/tests/test_versions.py::test_versions_match 
[gw8] [ 83%] PASSED distributed/tests/test_versions.py::test_versions_match 
distributed/tests/test_versions.py::test_version_mismatch[client-MISMATCHED] 
[gw8] [ 83%] PASSED distributed/tests/test_versions.py::test_version_mismatch[client-MISMATCHED] 
distributed/tests/test_worker.py::test_inter_worker_communication 
[gw0] [ 83%] PASSED distributed/tests/test_worker.py::test_io_loop 
distributed/tests/test_worker.py::test_spill_to_disk 
[gw1] [ 83%] PASSED distributed/tests/test_worker.py::test_worker_task_data 
distributed/tests/test_worker.py::test_error_message 
[gw1] [ 83%] PASSED distributed/tests/test_worker.py::test_error_message 
distributed/tests/test_worker.py::test_chained_error_message 
[gw8] [ 83%] PASSED distributed/tests/test_worker.py::test_inter_worker_communication 
distributed/tests/test_worker.py::test_clean 
[gw2] [ 83%] PASSED distributed/tests/test_variable.py::test_sync 
[gw5] [ 83%] PASSED distributed/tests/test_utils_test.py::test_lingering_client 
distributed/tests/test_utils_test.py::test_lingering_client_2 
distributed/tests/test_variable.py::test_hold_futures 
[gw1] [ 83%] PASSED distributed/tests/test_worker.py::test_chained_error_message 
distributed/tests/test_worker.py::test_gather 
[gw0] [ 84%] PASSED distributed/tests/test_worker.py::test_spill_to_disk 
distributed/tests/test_worker.py::test_access_key 
[gw8] [ 84%] PASSED distributed/tests/test_worker.py::test_clean 
distributed/tests/test_worker.py::test_message_breakup 
[gw1] [ 84%] PASSED distributed/tests/test_worker.py::test_gather 
distributed/tests/test_worker.py::test_gather_missing_keys 
[gw2] [ 84%] PASSED distributed/tests/test_variable.py::test_hold_futures 
distributed/tests/test_variable.py::test_timeout 
[gw0] [ 84%] PASSED distributed/tests/test_worker.py::test_access_key 
distributed/tests/test_worker.py::test_run_dask_worker 
[gw1] [ 84%] PASSED distributed/tests/test_worker.py::test_gather_missing_keys 
distributed/tests/test_worker.py::test_gather_missing_workers 
[gw8] [ 84%] PASSED distributed/tests/test_worker.py::test_message_breakup 
distributed/tests/test_worker.py::test_types 
[gw0] [ 84%] PASSED distributed/tests/test_worker.py::test_run_dask_worker 
distributed/tests/test_worker.py::test_run_coroutine_dask_worker 
[gw2] [ 84%] PASSED distributed/tests/test_variable.py::test_timeout 
distributed/tests/test_variable.py::test_timeout_sync 
[gw0] [ 84%] PASSED distributed/tests/test_worker.py::test_run_coroutine_dask_worker 
distributed/tests/test_worker.py::test_Executor 
[gw8] [ 84%] PASSED distributed/tests/test_worker.py::test_types 
distributed/tests/test_worker.py::test_system_monitor 
[gw1] [ 84%] PASSED distributed/tests/test_worker.py::test_gather_missing_workers 
distributed/tests/test_worker.py::test_gather_missing_workers_replicated[False] 
[gw5] [ 85%] PASSED distributed/tests/test_utils_test.py::test_lingering_client_2 
distributed/tests/test_utils_test.py::test_tls_cluster 
[gw8] [ 85%] PASSED distributed/tests/test_worker.py::test_system_monitor 
distributed/tests/test_worker.py::test_restrictions 
[gw0] [ 85%] PASSED distributed/tests/test_worker.py::test_Executor 
distributed/tests/test_worker.py::test_spill_by_default 
[gw0] [ 85%] SKIPPED distributed/tests/test_worker.py::test_spill_by_default 
distributed/tests/test_worker.py::test_close_on_disconnect 
[gw1] [ 85%] PASSED distributed/tests/test_worker.py::test_gather_missing_workers_replicated[False] 
distributed/tests/test_worker.py::test_gather_missing_workers_replicated[True] 
[gw4] [ 85%] PASSED distributed/tests/test_stress.py::test_cancel_stress_sync 
distributed/tests/test_stress.py::test_stress_creation_and_deletion 
[gw4] [ 85%] SKIPPED distributed/tests/test_stress.py::test_stress_creation_and_deletion 
distributed/tests/test_stress.py::test_stress_scatter_death 
[gw8] [ 85%] PASSED distributed/tests/test_worker.py::test_restrictions 
distributed/tests/test_worker.py::test_clean_nbytes 
[gw0] [ 85%] PASSED distributed/tests/test_worker.py::test_close_on_disconnect 
distributed/tests/test_worker.py::test_stop_doing_unnecessary_work 
[gw1] [ 85%] PASSED distributed/tests/test_worker.py::test_gather_missing_workers_replicated[True] 
distributed/tests/test_worker.py::test_fail_write_to_disk 
[gw1] [ 85%] PASSED distributed/tests/test_worker.py::test_fail_write_to_disk 
distributed/tests/test_worker.py::test_fail_write_many_to_disk 
[gw1] [ 85%] SKIPPED distributed/tests/test_worker.py::test_fail_write_many_to_disk 
distributed/tests/test_worker.py::test_pid 
[gw2] [ 85%] PASSED distributed/tests/test_variable.py::test_timeout_sync 
[gw0] [ 86%] PASSED distributed/tests/test_worker.py::test_stop_doing_unnecessary_work 
distributed/tests/test_worker.py::test_priorities 
distributed/tests/test_worker.py::test_gather_many_small 
[gw1] [ 86%] PASSED distributed/tests/test_worker.py::test_pid 
distributed/tests/test_worker.py::test_get_client 
[gw5] [ 86%] PASSED distributed/tests/test_utils_test.py::test_tls_cluster 
distributed/tests/test_utils_test.py::test_tls_scheduler 
[gw5] [ 86%] PASSED distributed/tests/test_utils_test.py::test_tls_scheduler 
distributed/tests/test_worker.py::test_statistical_profiling 
[gw0] [ 86%] PASSED distributed/tests/test_worker.py::test_priorities 
distributed/tests/test_worker.py::test_heartbeats 
[gw1] [ 86%] PASSED distributed/tests/test_worker.py::test_get_client 
distributed/tests/test_worker.py::test_get_client_sync 
[gw2] [ 86%] PASSED distributed/tests/test_worker.py::test_gather_many_small 
distributed/tests/test_worker.py::test_multiple_transfers 
[gw2] [ 86%] PASSED distributed/tests/test_worker.py::test_multiple_transfers 
distributed/tests/test_worker.py::test_share_communication 
[gw8] [ 86%] PASSED distributed/tests/test_worker.py::test_clean_nbytes 
distributed/tests/test_worker.py::test_get_client_coroutine_sync 
[gw5] [ 86%] PASSED distributed/tests/test_worker.py::test_statistical_profiling 
distributed/tests/test_worker.py::test_statistical_profiling_2 
[gw5] [ 86%] SKIPPED distributed/tests/test_worker.py::test_statistical_profiling_2 
distributed/tests/test_worker.py::test_robust_to_bad_sizeof_estimates 
[gw4] [ 86%] PASSED distributed/tests/test_stress.py::test_stress_scatter_death 
distributed/tests/test_stress.py::test_stress_communication 
[gw4] [ 86%] SKIPPED distributed/tests/test_stress.py::test_stress_communication 
distributed/tests/test_stress.py::test_stress_steal 
[gw4] [ 87%] SKIPPED distributed/tests/test_stress.py::test_stress_steal 
distributed/tests/test_stress.py::test_close_connections 
[gw4] [ 87%] SKIPPED distributed/tests/test_stress.py::test_close_connections 
distributed/tests/test_stress.py::test_no_delay_during_large_transfer 
[gw4] [ 87%] SKIPPED distributed/tests/test_stress.py::test_no_delay_during_large_transfer 
distributed/tests/test_system.py::test_rlimit 
[gw4] [ 87%] PASSED distributed/tests/test_system.py::test_rlimit 
distributed/tests/test_system_monitor.py::test_SystemMonitor 
[gw4] [ 87%] PASSED distributed/tests/test_system_monitor.py::test_SystemMonitor 
distributed/tests/test_system_monitor.py::test_count 
[gw4] [ 87%] PASSED distributed/tests/test_system_monitor.py::test_count 
distributed/tests/test_system_monitor.py::test_range_query 
[gw4] [ 87%] PASSED distributed/tests/test_system_monitor.py::test_range_query 
distributed/tests/test_threadpoolexecutor.py::test_tpe 
[gw4] [ 87%] PASSED distributed/tests/test_threadpoolexecutor.py::test_tpe 
distributed/tests/test_worker.py::test_get_current_task 
[gw2] [ 87%] XPASS distributed/tests/test_worker.py::test_share_communication 
distributed/tests/test_worker.py::test_dont_overlap_communications_to_same_worker 
[gw5] [ 87%] PASSED distributed/tests/test_worker.py::test_robust_to_bad_sizeof_estimates 
[gw4] [ 87%] PASSED distributed/tests/test_worker.py::test_get_current_task 
distributed/tests/test_worker.py::test_pause_executor 
distributed/tests/test_worker.py::test_reschedule 
[gw5] [ 87%] SKIPPED distributed/tests/test_worker.py::test_pause_executor 
distributed/tests/test_worker.py::test_statistical_profiling_cycle 
[gw0] [ 87%] PASSED distributed/tests/test_worker.py::test_heartbeats 
distributed/tests/test_worker.py::test_worker_dir[Worker] 
[gw1] [ 88%] PASSED distributed/tests/test_worker.py::test_get_client_sync 
distributed/tests/test_worker.py::test_get_client_coroutine 
[gw2] [ 88%] XPASS distributed/tests/test_worker.py::test_dont_overlap_communications_to_same_worker 
distributed/tests/test_worker.py::test_log_exception_on_failed_task 
[gw0] [ 88%] PASSED distributed/tests/test_worker.py::test_worker_dir[Worker] 
distributed/tests/test_worker.py::test_worker_dir[Nanny] 
[gw1] [ 88%] PASSED distributed/tests/test_worker.py::test_get_client_coroutine 
distributed/tests/test_worker.py::test_custom_metrics 
[gw8] [ 88%] PASSED distributed/tests/test_worker.py::test_get_client_coroutine_sync 
distributed/tests/test_worker.py::test_global_workers 
[gw5] [ 88%] PASSED distributed/tests/test_worker.py::test_statistical_profiling_cycle 
distributed/tests/test_worker.py::test_get_worker_name 
[gw0] [ 88%] PASSED distributed/tests/test_worker.py::test_worker_dir[Nanny] 
distributed/tests/test_worker.py::test_false_worker_dir 
[gw2] [ 88%] PASSED distributed/tests/test_worker.py::test_log_exception_on_failed_task 
distributed/tests/test_worker.py::test_clean_up_dependencies 
[gw1] [ 88%] PASSED distributed/tests/test_worker.py::test_custom_metrics 
distributed/tests/test_worker.py::test_register_worker_callbacks 
[gw8] [ 88%] PASSED distributed/tests/test_worker.py::test_global_workers 
distributed/tests/test_worker.py::test_worker_fds 
[gw2] [ 88%] PASSED distributed/tests/test_worker.py::test_clean_up_dependencies 
distributed/tests/test_worker.py::test_hold_onto_dependents 
[gw0] [ 88%] PASSED distributed/tests/test_worker.py::test_false_worker_dir 
distributed/tests/test_worker.py::test_dataframe_attribute_error 
[gw4] [ 88%] PASSED distributed/tests/test_worker.py::test_reschedule 
distributed/tests/test_worker.py::test_deque_handler 
[gw8] [ 89%] PASSED distributed/tests/test_worker.py::test_worker_fds 
distributed/tests/test_worker.py::test_service_hosts_match_worker 
[gw4] [ 89%] PASSED distributed/tests/test_worker.py::test_deque_handler 
distributed/tests/test_worker.py::test_dict_data_if_no_spill_to_disk 
[gw1] [ 89%] PASSED distributed/tests/test_worker.py::test_register_worker_callbacks 
distributed/tests/test_worker.py::test_register_worker_callbacks_err 
[gw2] [ 89%] PASSED distributed/tests/test_worker.py::test_hold_onto_dependents 
distributed/tests/test_worker.py::test_local_directory_make_new_directory 
[gw8] [ 89%] PASSED distributed/tests/test_worker.py::test_service_hosts_match_worker 
distributed/tests/test_worker.py::test_start_services 
[gw0] [ 89%] PASSED distributed/tests/test_worker.py::test_dataframe_attribute_error 
distributed/tests/test_worker.py::test_interface_async[Nanny] 
[gw4] [ 89%] PASSED distributed/tests/test_worker.py::test_dict_data_if_no_spill_to_disk 
distributed/tests/test_worker.py::test_worker_listens_on_same_interface_by_default[Worker] 
[gw8] [ 89%] PASSED distributed/tests/test_worker.py::test_start_services 
distributed/tests/test_worker.py::test_scheduler_delay 
[gw1] [ 89%] PASSED distributed/tests/test_worker.py::test_register_worker_callbacks_err 
distributed/tests/test_worker.py::test_data_types 
[gw2] [ 89%] PASSED distributed/tests/test_worker.py::test_local_directory_make_new_directory 
distributed/tests/test_worker.py::test_host_address 
[gw2] [ 89%] SKIPPED distributed/tests/test_worker.py::test_host_address 
distributed/tests/test_worker.py::test_resource_limit 
[gw2] [ 89%] PASSED distributed/tests/test_worker.py::test_resource_limit 
distributed/tests/test_worker.py::test_interface_async[Worker] 
[gw4] [ 89%] PASSED distributed/tests/test_worker.py::test_worker_listens_on_same_interface_by_default[Worker] 
distributed/tests/test_worker.py::test_worker_listens_on_same_interface_by_default[Nanny] 
[gw2] [ 90%] PASSED distributed/tests/test_worker.py::test_interface_async[Worker] 
[gw1] [ 90%] PASSED distributed/tests/test_worker.py::test_data_types 
distributed/tests/test_worker.py::test_local_directory 
[gw5] [ 90%] PASSED distributed/tests/test_worker.py::test_get_worker_name 
distributed/tests/test_worker.py::test_scheduler_address_config 
[gw1] [ 90%] PASSED distributed/tests/test_worker.py::test_local_directory 
distributed/tests/test_worker.py::test_workerstate_executing 
[gw1] [ 90%] SKIPPED distributed/tests/test_worker.py::test_workerstate_executing 
distributed/tests/test_worker.py::test_heartbeat_comm_closed[True] 
[gw5] [ 90%] PASSED distributed/tests/test_worker.py::test_scheduler_address_config 
distributed/tests/test_worker.py::test_wait_for_outgoing 
[gw5] [ 90%] SKIPPED distributed/tests/test_worker.py::test_wait_for_outgoing 
distributed/tests/test_worker.py::test_prefer_gather_from_local_address 
[gw5] [ 90%] SKIPPED distributed/tests/test_worker.py::test_prefer_gather_from_local_address 
distributed/tests/test_worker.py::test_avoid_oversubscription 
[gw1] [ 90%] PASSED distributed/tests/test_worker.py::test_heartbeat_comm_closed[True] 
distributed/tests/test_worker.py::test_heartbeat_comm_closed[False] 
[gw0] [ 90%] PASSED distributed/tests/test_worker.py::test_interface_async[Nanny] 
distributed/tests/test_worker.py::test_pip_install 
[gw1] [ 90%] PASSED distributed/tests/test_worker.py::test_heartbeat_comm_closed[False] 
distributed/tests/test_worker.py::test_story 
[gw4] [ 90%] PASSED distributed/tests/test_worker.py::test_worker_listens_on_same_interface_by_default[Nanny] 
distributed/tests/test_worker.py::test_close_gracefully 
[gw2] [ 90%] PASSED distributed/tests/test_worker.py::test_pip_install 
distributed/tests/test_worker.py::test_pip_install_fails 
[gw1] [ 91%] PASSED distributed/tests/test_worker.py::test_story 
distributed/tests/test_worker.py::test_story_with_deps 
[gw2] [ 91%] PASSED distributed/tests/test_worker.py::test_pip_install_fails 
distributed/tests/test_worker.py::test_update_latency 
[gw1] [ 91%] FAILED distributed/tests/test_worker.py::test_story_with_deps 
distributed/tests/test_worker.py::test_gather_dep_one_worker_always_busy 
[gw2] [ 91%] PASSED distributed/tests/test_worker.py::test_update_latency 
distributed/tests/test_worker.py::test_worker_client_uses_default_no_close 
distributed/tests/test_worker.py::test_protocol_from_scheduler_address[Worker] 
[gw0] [ 91%] SKIPPED distributed/tests/test_worker.py::test_protocol_from_scheduler_address[Worker] 
distributed/tests/test_worker.py::test_protocol_from_scheduler_address[Nanny] 
[gw0] [ 91%] SKIPPED distributed/tests/test_worker.py::test_protocol_from_scheduler_address[Nanny] 
distributed/tests/test_worker.py::test_host_uses_scheduler_protocol 
[gw0] [ 91%] PASSED distributed/tests/test_worker.py::test_host_uses_scheduler_protocol 
distributed/tests/test_worker.py::test_process_executor_kills_process 
[gw2] [ 91%] PASSED distributed/tests/test_worker.py::test_worker_client_uses_default_no_close 
distributed/tests/test_worker.py::test_worker_client_closes_if_created_on_worker_one_worker 
[gw4] [ 91%] PASSED distributed/tests/test_worker.py::test_close_gracefully 
distributed/tests/test_worker.py::test_lifetime 
[gw4] [ 91%] SKIPPED distributed/tests/test_worker.py::test_lifetime 
distributed/tests/test_worker.py::test_worker_state_error_release_error_first 
[gw2] [ 91%] PASSED distributed/tests/test_worker.py::test_worker_client_closes_if_created_on_worker_one_worker 
distributed/tests/test_worker.py::test_worker_client_closes_if_created_on_worker_last_worker_alive 
[gw5] [ 91%] PASSED distributed/tests/test_worker.py::test_avoid_oversubscription 
distributed/tests/test_worker.py::test_bad_local_directory 
[gw4] [ 91%] PASSED distributed/tests/test_worker.py::test_worker_state_error_release_error_first 
distributed/tests/test_worker.py::test_worker_state_error_release_error_int 
[gw2] [ 92%] PASSED distributed/tests/test_worker.py::test_worker_client_closes_if_created_on_worker_last_worker_alive 
distributed/tests/test_worker.py::test_worker_state_error_long_chain 
[gw5] [ 92%] PASSED distributed/tests/test_worker.py::test_bad_local_directory 
distributed/tests/test_worker.py::test_taskstate_metadata 
[gw8] [ 92%] PASSED distributed/tests/test_worker.py::test_scheduler_delay 
distributed/tests/test_worker.py::test_lifetime_stagger 
[gw8] [ 92%] PASSED distributed/tests/test_worker.py::test_lifetime_stagger 
distributed/tests/test_worker.py::test_bad_metrics 
[gw4] [ 92%] PASSED distributed/tests/test_worker.py::test_worker_state_error_release_error_int 
distributed/tests/test_worker.py::test_worker_reconnects_mid_compute 
[gw5] [ 92%] PASSED distributed/tests/test_worker.py::test_taskstate_metadata 
distributed/tests/test_worker.py::test_executor_offload 
[gw1] [ 92%] PASSED distributed/tests/test_worker.py::test_gather_dep_one_worker_always_busy 
distributed/tests/test_worker.py::test_multiple_executors 
[gw8] [ 92%] PASSED distributed/tests/test_worker.py::test_bad_metrics 
distributed/tests/test_worker.py::test_bad_startup 
[gw5] [ 92%] PASSED distributed/tests/test_worker.py::test_executor_offload 
distributed/tests/test_worker.py::test_acquire_replica 
[gw1] [ 92%] PASSED distributed/tests/test_worker.py::test_multiple_executors 
distributed/tests/test_worker.py::test_process_executor 
[gw2] [ 92%] PASSED distributed/tests/test_worker.py::test_worker_state_error_long_chain 
distributed/tests/test_worker.py::test_hold_on_to_replicas 
[gw8] [ 92%] PASSED distributed/tests/test_worker.py::test_bad_startup 
distributed/tests/test_worker.py::test_acquire_replica_many 
[gw5] [ 93%] PASSED distributed/tests/test_worker.py::test_acquire_replica 
distributed/tests/test_worker.py::test_acquire_replica_same_channel 
[gw0] [ 93%] PASSED distributed/tests/test_worker.py::test_process_executor_kills_process 
distributed/tests/test_worker.py::test_worker_state_error_release_error_last 
[gw5] [ 93%] PASSED distributed/tests/test_worker.py::test_acquire_replica_same_channel 
distributed/tests/test_worker.py::test_abort_execution_release 
[gw0] [ 93%] PASSED distributed/tests/test_worker.py::test_worker_state_error_release_error_last 
distributed/tests/test_worker.py::test_abort_execution_reschedule 
[gw2] [ 93%] PASSED distributed/tests/test_worker.py::test_hold_on_to_replicas 
distributed/tests/test_worker.py::test_who_has_consistent_remove_replica 
[gw8] [ 93%] PASSED distributed/tests/test_worker.py::test_acquire_replica_many 
distributed/tests/test_worker.py::test_remove_replica_simple 
[gw1] [ 93%] PASSED distributed/tests/test_worker.py::test_process_executor 
distributed/tests/test_worker.py::test_remove_replica_while_computing 
[gw4] [ 93%] PASSED distributed/tests/test_worker.py::test_worker_reconnects_mid_compute 
[gw2] [ 93%] PASSED distributed/tests/test_worker.py::test_who_has_consistent_remove_replica 
distributed/tests/test_worker.py::test_forget_dependents_after_release 
distributed/tests/test_worker.py::test_worker_find_missing 
[gw8] [ 93%] PASSED distributed/tests/test_worker.py::test_remove_replica_simple 
distributed/tests/test_worker.py::test_worker_waits_for_scheduler 
[gw8] [ 93%] SKIPPED distributed/tests/test_worker.py::test_worker_waits_for_scheduler 
distributed/tests/test_worker_client.py::test_scatter_from_worker 
[gw4] [ 93%] PASSED distributed/tests/test_worker.py::test_forget_dependents_after_release 
distributed/tests/test_worker.py::test_scheduler_file 
[gw4] [ 93%] PASSED distributed/tests/test_worker.py::test_scheduler_file 
distributed/tests/test_worker_client.py::test_gather_multi_machine 
[gw8] [ 94%] PASSED distributed/tests/test_worker_client.py::test_scatter_from_worker 
distributed/tests/test_worker_client.py::test_scatter_singleton 
[gw8] [ 94%] PASSED distributed/tests/test_worker_client.py::test_scatter_singleton 
distributed/tests/test_worker_client.py::test_sync 
[gw4] [ 94%] PASSED distributed/tests/test_worker_client.py::test_gather_multi_machine 
distributed/tests/test_worker_client.py::test_same_loop 
[gw4] [ 94%] PASSED distributed/tests/test_worker_client.py::test_same_loop 
distributed/tests/test_worker_client.py::test_separate_thread_false 
[gw4] [ 94%] PASSED distributed/tests/test_worker_client.py::test_separate_thread_false 
distributed/tests/test_worker_client.py::test_client_executor 
[gw5] [ 94%] PASSED distributed/tests/test_worker.py::test_abort_execution_release 
distributed/tests/test_worker.py::test_abort_execution_add_as_dependency 
[gw2] [ 94%] PASSED distributed/tests/test_worker.py::test_worker_find_missing 
[gw1] [ 94%] PASSED distributed/tests/test_worker.py::test_remove_replica_while_computing 
distributed/tests/test_worker_client.py::test_submit_from_worker 
distributed/tests/test_worker.py::test_worker_death_timeout 
[gw1] [ 94%] SKIPPED distributed/tests/test_worker.py::test_worker_death_timeout 
distributed/tests/test_worker_client.py::test_timeout 
[gw2] [ 94%] PASSED distributed/tests/test_worker_client.py::test_submit_from_worker 
distributed/tests/test_worker_client.py::test_closing_worker_doesnt_close_client 
[gw4] [ 94%] PASSED distributed/tests/test_worker_client.py::test_client_executor 
distributed/tests/test_worker_client.py::test_dont_override_default_get 
[gw2] [ 94%] PASSED distributed/tests/test_worker_client.py::test_closing_worker_doesnt_close_client 
distributed/tests/test_worker_client.py::test_compute_within_worker_client 
[gw4] [ 94%] PASSED distributed/tests/test_worker_client.py::test_dont_override_default_get 
distributed/tests/test_worker_client.py::test_worker_client_rejoins 
[gw2] [ 95%] PASSED distributed/tests/test_worker_client.py::test_compute_within_worker_client 
distributed/tests/test_worker_client.py::test_submit_different_names 
[gw4] [ 95%] PASSED distributed/tests/test_worker_client.py::test_worker_client_rejoins 
distributed/tests/test_client.py::test_recreate_error_sync 
[gw1] [ 95%] PASSED distributed/tests/test_worker_client.py::test_timeout 
distributed/tests/test_worker_client.py::test_secede_without_stealing_issue_1262 
[gw8] [ 95%] PASSED distributed/tests/test_worker_client.py::test_sync 
distributed/tests/test_worker_client.py::test_async 
[gw2] [ 95%] PASSED distributed/tests/test_worker_client.py::test_submit_different_names 
distributed/tests/test_client.py::test_recreate_error_not_error 
[gw1] [ 95%] PASSED distributed/tests/test_worker_client.py::test_secede_without_stealing_issue_1262 
distributed/tests/test_client.py::test_recreate_task_futures 
[gw1] [ 95%] PASSED distributed/tests/test_client.py::test_recreate_task_futures 
distributed/tests/test_client.py::test_recreate_task_sync 
[gw4] [ 95%] PASSED distributed/tests/test_client.py::test_recreate_error_sync 
distributed/tests/test_client.py::test_recreate_task_delayed 
[gw8] [ 95%] PASSED distributed/tests/test_worker_client.py::test_async 
distributed/tests/test_client.py::test_recreate_task_collection 
[gw2] [ 95%] PASSED distributed/tests/test_client.py::test_recreate_error_not_error 
distributed/tests/test_client.py::test_recreate_task_array 
[gw4] [ 95%] PASSED distributed/tests/test_client.py::test_recreate_task_delayed 
distributed/tests/test_client.py::test_robust_unserializable 
[gw8] [ 95%] PASSED distributed/tests/test_client.py::test_recreate_task_collection 
distributed/tests/test_client.py::test_robust_undeserializable 
[gw1] [ 95%] PASSED distributed/tests/test_client.py::test_recreate_task_sync 
[gw2] [ 96%] PASSED distributed/tests/test_client.py::test_recreate_task_array 
distributed/tests/test_client.py::test_robust_undeserializable_function 
distributed/tests/test_client.py::test_retire_workers 
[gw4] [ 96%] PASSED distributed/tests/test_client.py::test_robust_unserializable 
distributed/tests/test_client.py::test_fire_and_forget 
[gw8] [ 96%] PASSED distributed/tests/test_client.py::test_robust_undeserializable 
distributed/tests/test_client.py::test_fire_and_forget_err 
[gw1] [ 96%] PASSED distributed/tests/test_client.py::test_retire_workers 
distributed/tests/test_client.py::test_quiet_client_close_when_cluster_is_closed_before_client 
[gw1] [ 96%] SKIPPED distributed/tests/test_client.py::test_quiet_client_close_when_cluster_is_closed_before_client 
distributed/tests/test_client.py::test_threadsafe_get 
[gw1] [ 96%] SKIPPED distributed/tests/test_client.py::test_threadsafe_get 
distributed/tests/test_client.py::test_threadsafe_compute 
[gw1] [ 96%] SKIPPED distributed/tests/test_client.py::test_threadsafe_compute 
distributed/tests/test_client.py::test_identity 
[gw2] [ 96%] PASSED distributed/tests/test_client.py::test_robust_undeserializable_function 
distributed/tests/test_client.py::test_quiet_client_close 
[gw5] [ 96%] PASSED distributed/tests/test_worker.py::test_abort_execution_add_as_dependency 
distributed/tests/test_worker_client.py::test_local_client_warning 
[gw8] [ 96%] PASSED distributed/tests/test_client.py::test_fire_and_forget_err 
distributed/tests/test_client.py::test_threadsafe 
[gw4] [ 96%] PASSED distributed/tests/test_client.py::test_fire_and_forget 
distributed/tests/test_client.py::test_close 
[gw1] [ 96%] PASSED distributed/tests/test_client.py::test_identity 
[gw0] [ 96%] PASSED distributed/tests/test_worker.py::test_abort_execution_reschedule 
distributed/tests/test_worker.py::test_abort_execution_to_fetch 
[gw4] [ 97%] PASSED distributed/tests/test_client.py::test_close 
[gw5] [ 97%] PASSED distributed/tests/test_worker_client.py::test_local_client_warning 
[gw2] [ 97%] PASSED distributed/tests/test_client.py::test_quiet_client_close 
[gw8] [ 97%] PASSED distributed/tests/test_client.py::test_threadsafe 
[gw0] [ 97%] PASSED distributed/tests/test_worker.py::test_abort_execution_to_fetch 
[gw6] [ 97%] FAILED distributed/tests/test_failed_workers.py::test_submit_after_failed_worker_sync 
distributed/tests/test_failed_workers.py::test_submit_after_failed_worker_async 
[gw6] [ 97%] PASSED distributed/tests/test_failed_workers.py::test_submit_after_failed_worker_async 
distributed/tests/test_failed_workers.py::test_submit_after_failed_worker 
[gw6] [ 97%] PASSED distributed/tests/test_failed_workers.py::test_submit_after_failed_worker 
distributed/tests/test_failed_workers.py::test_gather_after_failed_worker 
[gw6] [ 97%] SKIPPED distributed/tests/test_failed_workers.py::test_gather_after_failed_worker 
distributed/tests/test_failed_workers.py::test_gather_then_submit_after_failed_workers 
[gw6] [ 97%] SKIPPED distributed/tests/test_failed_workers.py::test_gather_then_submit_after_failed_workers 
distributed/tests/test_failed_workers.py::test_failed_worker_without_warning 
[gw6] [ 97%] PASSED distributed/tests/test_failed_workers.py::test_failed_worker_without_warning 
distributed/tests/test_failed_workers.py::test_restart 
[gw6] [ 97%] PASSED distributed/tests/test_failed_workers.py::test_restart 
distributed/tests/test_scheduler.py::test_no_valid_workers 
[gw6] [ 97%] PASSED distributed/tests/test_scheduler.py::test_no_valid_workers 
distributed/tests/test_scheduler.py::test_no_valid_workers_loose_restrictions 
[gw6] [ 98%] PASSED distributed/tests/test_scheduler.py::test_no_valid_workers_loose_restrictions 
distributed/tests/test_scheduler.py::test_no_workers 
[gw6] [ 98%] PASSED distributed/tests/test_scheduler.py::test_no_workers 
distributed/tests/test_scheduler.py::test_retire_workers_empty 
[gw6] [ 98%] PASSED distributed/tests/test_scheduler.py::test_retire_workers_empty 
distributed/tests/test_scheduler.py::test_remove_client 
[gw6] [ 98%] PASSED distributed/tests/test_scheduler.py::test_remove_client 
distributed/tests/test_scheduler.py::test_server_listens_to_other_ops 
[gw6] [ 98%] PASSED distributed/tests/test_scheduler.py::test_server_listens_to_other_ops 
distributed/tests/test_scheduler.py::test_remove_worker_from_scheduler 
[gw6] [ 98%] PASSED distributed/tests/test_scheduler.py::test_remove_worker_from_scheduler 
distributed/tests/test_scheduler.py::test_remove_worker_by_name_from_scheduler 
[gw6] [ 98%] PASSED distributed/tests/test_scheduler.py::test_remove_worker_by_name_from_scheduler 
distributed/tests/test_scheduler.py::test_clear_events_worker_removal 
[gw6] [ 98%] PASSED distributed/tests/test_scheduler.py::test_clear_events_worker_removal 
distributed/tests/test_scheduler.py::test_clear_events_client_removal 
[gw6] [ 98%] PASSED distributed/tests/test_scheduler.py::test_clear_events_client_removal 
distributed/tests/test_scheduler.py::test_add_worker 
[gw6] [ 98%] PASSED distributed/tests/test_scheduler.py::test_add_worker 
distributed/tests/test_scheduler.py::test_blocked_handlers_are_respected 
[gw6] [ 98%] PASSED distributed/tests/test_scheduler.py::test_blocked_handlers_are_respected 
distributed/tests/test_scheduler.py::test_scheduler_init_pulls_blocked_handlers_from_config 
[gw6] [ 98%] PASSED distributed/tests/test_scheduler.py::test_scheduler_init_pulls_blocked_handlers_from_config 
distributed/tests/test_scheduler.py::test_feed 
[gw6] [ 98%] PASSED distributed/tests/test_scheduler.py::test_feed 
distributed/tests/test_scheduler.py::test_feed_setup_teardown 
[gw6] [ 99%] PASSED distributed/tests/test_scheduler.py::test_feed_setup_teardown 
distributed/tests/test_scheduler.py::test_feed_large_bytestring 
[gw6] [ 99%] PASSED distributed/tests/test_scheduler.py::test_feed_large_bytestring 
distributed/tests/test_scheduler.py::test_delete_data 
[gw6] [ 99%] PASSED distributed/tests/test_scheduler.py::test_delete_data 
distributed/tests/test_scheduler.py::test_delete 
[gw6] [ 99%] PASSED distributed/tests/test_scheduler.py::test_delete 
[gw7] [ 99%] FAILED distributed/tests/test_failed_workers.py::test_handle_superfluous_data 
distributed/tests/test_failed_workers.py::test_forget_data_not_supposed_to_have 
[gw7] [ 99%] PASSED distributed/tests/test_failed_workers.py::test_forget_data_not_supposed_to_have 
distributed/tests/test_failed_workers.py::test_failing_worker_with_additional_replicas_on_cluster 
[gw7] [ 99%] PASSED distributed/tests/test_failed_workers.py::test_failing_worker_with_additional_replicas_on_cluster 
distributed/tests/test_ipython.py::test_start_ipython_workers 
[gw7] [ 99%] PASSED distributed/tests/test_ipython.py::test_start_ipython_workers 
distributed/tests/test_ipython.py::test_start_ipython_scheduler 
[gw7] [ 99%] PASSED distributed/tests/test_ipython.py::test_start_ipython_scheduler 
distributed/tests/test_ipython.py::test_start_ipython_scheduler_magic 
[gw7] [ 99%] PASSED distributed/tests/test_ipython.py::test_start_ipython_scheduler_magic 
distributed/tests/test_ipython.py::test_start_ipython_workers_magic 
[gw7] [ 99%] PASSED distributed/tests/test_ipython.py::test_start_ipython_workers_magic 
distributed/tests/test_ipython.py::test_start_ipython_workers_magic_asterix 
[gw7] [ 99%] PASSED distributed/tests/test_ipython.py::test_start_ipython_workers_magic_asterix 
distributed/tests/test_ipython.py::test_start_ipython_remote 
[gw7] [100%] PASSED distributed/tests/test_ipython.py::test_start_ipython_remote Error in atexit._run_exitfuncs:
Traceback (most recent call last):
  File "/Users/fjetter/mambaforge/envs/dask-distributed/lib/python3.8/concurrent/futures/process.py", line 102, in _python_exit
    thread_wakeup.wakeup()
  File "/Users/fjetter/mambaforge/envs/dask-distributed/lib/python3.8/concurrent/futures/process.py", line 90, in wakeup
    self._writer.send_bytes(b"")
  File "/Users/fjetter/mambaforge/envs/dask-distributed/lib/python3.8/multiprocessing/connection.py", line 183, in send_bytes
    self._check_closed()
  File "/Users/fjetter/mambaforge/envs/dask-distributed/lib/python3.8/multiprocessing/connection.py", line 136, in _check_closed
    raise OSError("handle is closed")
OSError: handle is closed
--- Logging error ---
Traceback (most recent call last):
  File "/Users/fjetter/mambaforge/envs/dask-distributed/lib/python3.8/logging/__init__.py", line 1088, in emit
    stream.write(msg + self.terminator)
ValueError: I/O operation on closed file.
Call stack:
  File "/Users/fjetter/workspace/distributed/distributed/utils_perf.py", line 199, in _gc_callback
    logger.warning(
Message: 'full garbage collections took %d%% CPU time recently (threshold: %d%%)'
Arguments: (68.8999370435998, 10.0)


=================================== FAILURES ===================================
_______________________ distributed/tests/test_client.py _______________________
[gw3] darwin -- Python 3.8.10 /Users/fjetter/mambaforge/envs/dask-distributed/bin/python
worker 'gw3' crashed while running 'distributed/tests/test_client.py::test_recreate_error_array'
_____________________________ test_story_with_deps _____________________________
[gw1] darwin -- Python 3.8.10 /Users/fjetter/mambaforge/envs/dask-distributed/bin/python

c = <Client: No scheduler connected>
s = <Scheduler: "tcp://127.0.0.1:50850" workers: 0 cores: 0, tasks: 0>
a = <Worker: 'tcp://127.0.0.1:50854', 0, Status.closed, stored: 0, running: 0/1, ready: 0, comm: 0, waiting: 0>
b = <Worker: 'tcp://127.0.0.1:50858', 1, Status.closed, stored: 0, running: 0/2, ready: 0, comm: 0, waiting: 0>

    @gen_cluster(client=True)
    async def test_story_with_deps(c, s, a, b):
        """
        Assert that the structure of the story does not change unintentionally and
        expected subfields are actually filled
        """
        futures = c.map(inc, range(10), workers=[a.address])
        res = c.submit(sum, futures, workers=[b.address])
        await res
        key = res.key
    
        story = a.story(key)
        assert story == []
        story = b.story(key)
    
        pruned_story = []
        stimulus_ids = set()
        for msg in story:
            assert isinstance(msg, tuple), msg
            assert isinstance(msg[-1], float), msg
            assert msg[-1] > time() - 60, msg
            pruned_msg = list(msg)
            stimulus_ids.add(msg[-2])
            pruned_story.append(tuple(pruned_msg[:-2]))
    
        assert len(stimulus_ids) == 3
        stimulus_id = pruned_story[0][-1]
        assert isinstance(stimulus_id, str)
        assert stimulus_id.startswith("compute-task")
        # This is a simple transition log
        expected_story = [
            (key, "compute-task"),
            (key, "released", "waiting", {}),
            (key, "waiting", "ready", {}),
            (key, "ready", "executing", {}),
            (key, "put-in-memory"),
            (key, "executing", "memory", {}),
        ]
        assert pruned_story == expected_story
    
        dep_story = futures[-1].key
    
        story = b.story(dep_story)
        pruned_story = []
        stimulus_ids = set()
        for msg in story:
            assert isinstance(msg, tuple), msg
            assert isinstance(msg[-1], float), msg
            assert msg[-1] > time() - 60, msg
            pruned_msg = list(msg)
            stimulus_ids.add(msg[-2])
            pruned_story.append(tuple(pruned_msg[:-2]))
    
        assert len(stimulus_ids) == 3
        stimulus_id = pruned_story[0][-1]
        assert isinstance(stimulus_id, str)
        expected_story = [
            (dep_story, "register-replica"),
            (dep_story, "released", "fetch", {}),
            (
                "gather-dependencies",
                a.address,
                {f.key for f in futures},
            ),
            (dep_story, "fetch", "flight", {}),
            (
                "request-dep",
                a.address,
                {f.key for f in futures},
            ),
            (
                "receive-dep",
                a.address,
                {f.key for f in futures},
            ),
            (dep_story, "put-in-memory"),
            ("Notifying scheduler about in-memory", dep_story),
        ]
        # No way to say for sure which task will trigger the follow up transition
        # therefore the log is not deterministic
        assert list(pruned_story[-1])[:3] == [dep_story, "flight", "memory"]
>       assert pruned_story[:-1] == expected_story
E       AssertionError: assert [('inc-cfa538...', ...}), ...] == [('inc-cfa538...', ...}), ...]
E         At index 0 diff: ('inc-cfa5385a7159c89ba41e2744bb25c644', 'register-replica', 'released') != ('inc-cfa5385a7159c89ba41e2744bb25c644', 'register-replica')
E         Full diff:
E           [
E         -  ('inc-cfa5385a7159c89ba41e2744bb25c644', 'register-replica'),
E         +  ('inc-cfa5385a7159c89ba41e2744bb25c644', 'register-replica', 'released'),
E         ?                                                             ++++++++++++
E            ('inc-cfa5385a7159c89ba41e2744bb25c644', 'released', 'fetch', {}),...
E         
E         ...Full output truncated (42 lines hidden), use '-vv' to show

distributed/tests/test_worker.py:1849: AssertionError
----------------------------- Captured stderr call -----------------------------
distributed.scheduler - INFO - Clear task state
distributed.scheduler - INFO -   Scheduler at:     tcp://127.0.0.1:50850
distributed.scheduler - INFO -   dashboard at:           127.0.0.1:50849
distributed.worker - INFO -       Start worker at:      tcp://127.0.0.1:50854
distributed.worker - INFO -          Listening to:      tcp://127.0.0.1:50854
distributed.worker - INFO -          dashboard at:            127.0.0.1:50855
distributed.worker - INFO - Waiting to connect to:      tcp://127.0.0.1:50850
distributed.worker - INFO - -------------------------------------------------
distributed.worker - INFO -               Threads:                          1
distributed.worker - INFO -                Memory:                  16.00 GiB
distributed.worker - INFO -       Local Directory: /Users/fjetter/workspace/distributed/dask-worker-space/worker-8jez1f2j
distributed.worker - INFO - -------------------------------------------------
distributed.worker - INFO -       Start worker at:      tcp://127.0.0.1:50858
distributed.worker - INFO -          Listening to:      tcp://127.0.0.1:50858
distributed.worker - INFO -          dashboard at:            127.0.0.1:50859
distributed.worker - INFO - Waiting to connect to:      tcp://127.0.0.1:50850
distributed.worker - INFO - -------------------------------------------------
distributed.worker - INFO -               Threads:                          2
distributed.worker - INFO -                Memory:                  16.00 GiB
distributed.worker - INFO -       Local Directory: /Users/fjetter/workspace/distributed/dask-worker-space/worker-11gexu40
distributed.worker - INFO - -------------------------------------------------
distributed.scheduler - INFO - Register worker <WorkerState 'tcp://127.0.0.1:50854', name: 0, memory: 0, processing: 0>
distributed.scheduler - INFO - Starting worker compute stream, tcp://127.0.0.1:50854
distributed.core - INFO - Starting established connection
distributed.scheduler - INFO - Register worker <WorkerState 'tcp://127.0.0.1:50858', name: 1, memory: 0, processing: 0>
distributed.scheduler - INFO - Starting worker compute stream, tcp://127.0.0.1:50858
distributed.core - INFO - Starting established connection
distributed.worker - INFO -         Registered to:      tcp://127.0.0.1:50850
distributed.worker - INFO - -------------------------------------------------
distributed.worker - INFO -         Registered to:      tcp://127.0.0.1:50850
distributed.worker - INFO - -------------------------------------------------
distributed.core - INFO - Starting established connection
distributed.core - INFO - Starting established connection
distributed.scheduler - INFO - Receive client connection: Client-84b20888-f12c-11eb-bc95-1e00da115075
distributed.core - INFO - Starting established connection
distributed.scheduler - INFO - Remove client Client-84b20888-f12c-11eb-bc95-1e00da115075
distributed.scheduler - INFO - Remove client Client-84b20888-f12c-11eb-bc95-1e00da115075
distributed.scheduler - INFO - Close client connection: Client-84b20888-f12c-11eb-bc95-1e00da115075
distributed.worker - INFO - Stopping worker at tcp://127.0.0.1:50854
distributed.worker - INFO - Stopping worker at tcp://127.0.0.1:50858
distributed.scheduler - INFO - Remove worker <WorkerState 'tcp://127.0.0.1:50854', name: 0, memory: 0, processing: 0>
distributed.core - INFO - Removing comms to tcp://127.0.0.1:50854
distributed.scheduler - INFO - Remove worker <WorkerState 'tcp://127.0.0.1:50858', name: 1, memory: 0, processing: 0>
distributed.core - INFO - Removing comms to tcp://127.0.0.1:50858
distributed.scheduler - INFO - Lost all workers
distributed.scheduler - INFO - Scheduler closing...
distributed.scheduler - INFO - Scheduler closing all comms
_____________________ test_submit_after_failed_worker_sync _____________________
[gw6] darwin -- Python 3.8.10 /Users/fjetter/mambaforge/envs/dask-distributed/bin/python

loop = <tornado.platform.asyncio.AsyncIOLoop object at 0x165bff910>

    def test_submit_after_failed_worker_sync(loop):
        with cluster() as (s, [a, b]):
            with Client(s["address"], loop=loop) as c:
                L = c.map(inc, range(10))
                wait(L)
                a["proc"]().terminate()
                total = c.submit(sum, L)
>               assert total.result() == sum(map(inc, range(10)))

distributed/tests/test_failed_workers.py:39: 
_ _ _ _ _ _ _ _ _ _ _ _ _ _ _ _ _ _ _ _ _ _ _ _ _ _ _ _ _ _ _ _ _ _ _ _ _ _ _ _ 
distributed/client.py:230: in result
    result = self.client.sync(self._result, callback_timeout=timeout, raiseit=False)
distributed/client.py:866: in sync
    return sync(
distributed/utils.py:323: in sync
    e.wait(10)
../../mambaforge/envs/dask-distributed/lib/python3.8/threading.py:558: in wait
    signaled = self._cond.wait(timeout)
_ _ _ _ _ _ _ _ _ _ _ _ _ _ _ _ _ _ _ _ _ _ _ _ _ _ _ _ _ _ _ _ _ _ _ _ _ _ _ _ 

self = <Condition(<unlocked _thread.lock object at 0x165c3f090>, 0)>
timeout = 10

    def wait(self, timeout=None):
        """Wait until notified or until a timeout occurs.
    
        If the calling thread has not acquired the lock when this method is
        called, a RuntimeError is raised.
    
        This method releases the underlying lock, and then blocks until it is
        awakened by a notify() or notify_all() call for the same condition
        variable in another thread, or until the optional timeout occurs. Once
        awakened or timed out, it re-acquires the lock and returns.
    
        When the timeout argument is present and not None, it should be a
        floating point number specifying a timeout for the operation in seconds
        (or fractions thereof).
    
        When the underlying lock is an RLock, it is not released using its
        release() method, since this may not actually unlock the lock when it
        was acquired multiple times recursively. Instead, an internal interface
        of the RLock class is used, which really unlocks it even when it has
        been recursively acquired several times. Another internal interface is
        then used to restore the recursion level when the lock is reacquired.
    
        """
        if not self._is_owned():
            raise RuntimeError("cannot wait on un-acquired lock")
        waiter = _allocate_lock()
        waiter.acquire()
        self._waiters.append(waiter)
        saved_state = self._release_save()
        gotit = False
        try:    # restore state no matter what (e.g., KeyboardInterrupt)
            if timeout is None:
                waiter.acquire()
                gotit = True
            else:
                if timeout > 0:
>                   gotit = waiter.acquire(True, timeout)
E                   Failed: Timeout >60.0s

../../mambaforge/envs/dask-distributed/lib/python3.8/threading.py:306: Failed
----------------------------- Captured stderr call -----------------------------
distributed.http.proxy - INFO - To route to workers diagnostics web server please install jupyter-server-proxy: python -m pip install jupyter-server-proxy
/Users/fjetter/workspace/distributed/distributed/node.py:160: UserWarning: Port 8787 is already in use.
Perhaps you already have a cluster running?
Hosting the HTTP server on port 52727 instead
  warnings.warn(
distributed.scheduler - INFO - Clear task state
distributed.scheduler - INFO -   Scheduler at:     tcp://127.0.0.1:52730
distributed.scheduler - INFO -   dashboard at:           127.0.0.1:52727
distributed.worker - INFO -       Start worker at:      tcp://127.0.0.1:52741
distributed.worker - INFO -          Listening to:      tcp://127.0.0.1:52741
distributed.worker - INFO -          dashboard at:            127.0.0.1:52742
distributed.worker - INFO - Waiting to connect to:      tcp://127.0.0.1:52730
distributed.worker - INFO - -------------------------------------------------
distributed.worker - INFO -               Threads:                          1
distributed.worker - INFO -                Memory:                  16.00 GiB
distributed.worker - INFO -       Local Directory: /Users/fjetter/workspace/distributed/_test_worker-40f3588c-5de2-478b-8374-8e7022beafc3/dask-worker-space/worker-yz_0qhui
distributed.worker - INFO - -------------------------------------------------
distributed.scheduler - INFO - Register worker <WorkerState 'tcp://127.0.0.1:52741', name: tcp://127.0.0.1:52741, memory: 0, processing: 0>
distributed.scheduler - INFO - Starting worker compute stream, tcp://127.0.0.1:52741
distributed.core - INFO - Starting established connection
distributed.worker - INFO -         Registered to:      tcp://127.0.0.1:52730
distributed.worker - INFO - -------------------------------------------------
distributed.core - INFO - Starting established connection
distributed.worker - INFO -       Start worker at:      tcp://127.0.0.1:52749
distributed.worker - INFO -          Listening to:      tcp://127.0.0.1:52749
distributed.worker - INFO -          dashboard at:            127.0.0.1:52750
distributed.worker - INFO - Waiting to connect to:      tcp://127.0.0.1:52730
distributed.worker - INFO - -------------------------------------------------
distributed.worker - INFO -               Threads:                          1
distributed.worker - INFO -                Memory:                  16.00 GiB
distributed.worker - INFO -       Local Directory: /Users/fjetter/workspace/distributed/_test_worker-56473b48-e0e6-4bf9-b845-201c8db80164/dask-worker-space/worker-0wisihh4
distributed.worker - INFO - -------------------------------------------------
distributed.scheduler - INFO - Register worker <WorkerState 'tcp://127.0.0.1:52749', name: tcp://127.0.0.1:52749, memory: 0, processing: 0>
distributed.scheduler - INFO - Starting worker compute stream, tcp://127.0.0.1:52749
distributed.core - INFO - Starting established connection
distributed.worker - INFO -         Registered to:      tcp://127.0.0.1:52730
distributed.worker - INFO - -------------------------------------------------
distributed.core - INFO - Starting established connection
distributed.scheduler - INFO - Receive client connection: Client-660b4822-f12c-11eb-bc9a-1e00da115075
distributed.core - INFO - Starting established connection
distributed.scheduler - INFO - Remove worker <WorkerState 'tcp://127.0.0.1:52741', name: tcp://127.0.0.1:52741, memory: 5, processing: 0>
distributed.core - INFO - Removing comms to tcp://127.0.0.1:52741
distributed.core - ERROR - Impossible transition from 'flight' to 'waiting' for inc-1bc6cda651ec56203f196053394876a1
Traceback (most recent call last):
  File "/Users/fjetter/workspace/distributed/distributed/core.py", line 575, in handle_stream
    handler(**merge(extra, msg))
  File "/Users/fjetter/workspace/distributed/distributed/worker.py", line 1750, in compute_task
    self.transitions(recommendations, stimulus_id=stimulus_id)
  File "/Users/fjetter/workspace/distributed/distributed/worker.py", line 2175, in transitions
    self._transitions(recommendations, s_msgs, stimulus_id)
  File "/Users/fjetter/workspace/distributed/distributed/worker.py", line 2134, in _transitions
    new = self._transition(ts, finish, stimulus_id=stimulus_id)
  File "/Users/fjetter/workspace/distributed/distributed/worker.py", line 2113, in _transition
    raise InvalidTransition(
distributed.worker.InvalidTransition: Impossible transition from 'flight' to 'waiting' for inc-1bc6cda651ec56203f196053394876a1
distributed.worker - ERROR - Impossible transition from 'flight' to 'waiting' for inc-1bc6cda651ec56203f196053394876a1
Traceback (most recent call last):
  File "/Users/fjetter/workspace/distributed/distributed/worker.py", line 1062, in handle_scheduler
    await self.handle_stream(
  File "/Users/fjetter/workspace/distributed/distributed/core.py", line 575, in handle_stream
    handler(**merge(extra, msg))
  File "/Users/fjetter/workspace/distributed/distributed/worker.py", line 1750, in compute_task
    self.transitions(recommendations, stimulus_id=stimulus_id)
  File "/Users/fjetter/workspace/distributed/distributed/worker.py", line 2175, in transitions
    self._transitions(recommendations, s_msgs, stimulus_id)
  File "/Users/fjetter/workspace/distributed/distributed/worker.py", line 2134, in _transitions
    new = self._transition(ts, finish, stimulus_id=stimulus_id)
  File "/Users/fjetter/workspace/distributed/distributed/worker.py", line 2113, in _transition
    raise InvalidTransition(
distributed.worker.InvalidTransition: Impossible transition from 'flight' to 'waiting' for inc-1bc6cda651ec56203f196053394876a1
distributed.worker - INFO - Connection to scheduler broken.  Reconnecting...
distributed.scheduler - INFO - Remove worker <WorkerState 'tcp://127.0.0.1:52749', name: tcp://127.0.0.1:52749, memory: 5, processing: 5>
distributed.core - INFO - Removing comms to tcp://127.0.0.1:52749
tornado.application - ERROR - Exception in callback functools.partial(<bound method IOLoop._discard_future_result of <tornado.platform.asyncio.AsyncIOLoop object at 0x135031fd0>>, <Task finished name='Task-5' coro=<Worker.handle_scheduler() done, defined at /Users/fjetter/workspace/distributed/distributed/worker.py:1060> exception=InvalidTransition("Impossible transition from 'flight' to 'waiting' for inc-1bc6cda651ec56203f196053394876a1")>)
Traceback (most recent call last):
  File "/Users/fjetter/mambaforge/envs/dask-distributed/lib/python3.8/site-packages/tornado/ioloop.py", line 741, in _run_callback
    ret = callback()
  File "/Users/fjetter/mambaforge/envs/dask-distributed/lib/python3.8/site-packages/tornado/ioloop.py", line 765, in _discard_future_result
    future.result()
  File "/Users/fjetter/workspace/distributed/distributed/worker.py", line 1062, in handle_scheduler
    await self.handle_stream(
  File "/Users/fjetter/workspace/distributed/distributed/core.py", line 575, in handle_stream
    handler(**merge(extra, msg))
  File "/Users/fjetter/workspace/distributed/distributed/worker.py", line 1750, in compute_task
    self.transitions(recommendations, stimulus_id=stimulus_id)
  File "/Users/fjetter/workspace/distributed/distributed/worker.py", line 2175, in transitions
    self._transitions(recommendations, s_msgs, stimulus_id)
  File "/Users/fjetter/workspace/distributed/distributed/worker.py", line 2134, in _transitions
    new = self._transition(ts, finish, stimulus_id=stimulus_id)
  File "/Users/fjetter/workspace/distributed/distributed/worker.py", line 2113, in _transition
    raise InvalidTransition(
distributed.worker.InvalidTransition: Impossible transition from 'flight' to 'waiting' for inc-1bc6cda651ec56203f196053394876a1
distributed.scheduler - INFO - Lost all workers
distributed.worker - INFO - -------------------------------------------------
distributed.scheduler - ERROR - Error transitioning 'inc-aa0231dc9b3c3d81591e1fe036cfdf54' from 'no-worker' to 'memory'
Traceback (most recent call last):
  File "/Users/fjetter/workspace/distributed/distributed/scheduler.py", line 2218, in _transition
    assert not args and not kwargs
AssertionError
distributed.utils - ERROR - 
Traceback (most recent call last):
  File "/Users/fjetter/workspace/distributed/distributed/utils.py", line 638, in log_errors
    yield
  File "/Users/fjetter/workspace/distributed/distributed/scheduler.py", line 4250, in add_worker
    t: tuple = parent._transition(
  File "/Users/fjetter/workspace/distributed/distributed/scheduler.py", line 2218, in _transition
    assert not args and not kwargs
AssertionError
distributed.core - ERROR - Exception while handling op register-worker
Traceback (most recent call last):
  File "/Users/fjetter/workspace/distributed/distributed/core.py", line 502, in handle_comm
    result = await result
  File "/Users/fjetter/workspace/distributed/distributed/scheduler.py", line 4250, in add_worker
    t: tuple = parent._transition(
  File "/Users/fjetter/workspace/distributed/distributed/scheduler.py", line 2218, in _transition
    assert not args and not kwargs
AssertionError
distributed.worker - ERROR - Worker stream died during communication: tcp://127.0.0.1:52741
ConnectionRefusedError: [Errno 61] Connection refused

The above exception was the direct cause of the following exception:

Traceback (most recent call last):
  File "/Users/fjetter/workspace/distributed/distributed/comm/core.py", line 286, in connect
    comm = await asyncio.wait_for(
  File "/Users/fjetter/mambaforge/envs/dask-distributed/lib/python3.8/asyncio/tasks.py", line 494, in wait_for
    return fut.result()
  File "/Users/fjetter/workspace/distributed/distributed/comm/tcp.py", line 397, in connect
    convert_stream_closed_error(self, e)
  File "/Users/fjetter/workspace/distributed/distributed/comm/tcp.py", line 126, in convert_stream_closed_error
    raise CommClosedError(f"in {obj}: {exc.__class__.__name__}: {exc}") from exc
distributed.comm.core.CommClosedError: in <distributed.comm.tcp.TCPConnector object at 0x137298760>: ConnectionRefusedError: [Errno 61] Connection refused

The above exception was the direct cause of the following exception:

Traceback (most recent call last):
  File "/Users/fjetter/workspace/distributed/distributed/worker.py", line 2443, in gather_dep
    response = await get_data_from_worker(
  File "/Users/fjetter/workspace/distributed/distributed/worker.py", line 3802, in get_data_from_worker
    return await retry_operation(_get_data, operation="get_data_from_worker")
  File "/Users/fjetter/workspace/distributed/distributed/utils_comm.py", line 385, in retry_operation
    return await retry(
  File "/Users/fjetter/workspace/distributed/distributed/utils_comm.py", line 370, in retry
    return await coro()
  File "/Users/fjetter/workspace/distributed/distributed/worker.py", line 3779, in _get_data
    comm = await rpc.connect(worker)
  File "/Users/fjetter/workspace/distributed/distributed/core.py", line 1051, in connect
    raise exc
  File "/Users/fjetter/workspace/distributed/distributed/core.py", line 1035, in connect
    comm = await fut
  File "/Users/fjetter/workspace/distributed/distributed/comm/core.py", line 310, in connect
    raise OSError(
OSError: Timed out trying to connect to tcp://127.0.0.1:52741 after 30 s
tornado.application - ERROR - Exception in callback functools.partial(<bound method IOLoop._discard_future_result of <tornado.platform.asyncio.AsyncIOLoop object at 0x135031fd0>>, <Task finished name='Task-16' coro=<Worker.gather_dep() done, defined at /Users/fjetter/workspace/distributed/distributed/worker.py:2381> exception=CommClosedError()>)
Traceback (most recent call last):
  File "/Users/fjetter/mambaforge/envs/dask-distributed/lib/python3.8/site-packages/tornado/ioloop.py", line 741, in _run_callback
    ret = callback()
  File "/Users/fjetter/mambaforge/envs/dask-distributed/lib/python3.8/site-packages/tornado/ioloop.py", line 765, in _discard_future_result
    future.result()
  File "/Users/fjetter/workspace/distributed/distributed/worker.py", line 2554, in gather_dep
    self.batched_stream.send(
  File "/Users/fjetter/workspace/distributed/distributed/batched.py", line 136, in send
    raise CommClosedError()
distributed.comm.core.CommClosedError

+++++++++++++++++++++++++++++++++++ Timeout ++++++++++++++++++++++++++++++++++++

~~~~~~~~~~~~~~~~~~~~~~~~ Stack of IO loop (6193737728) ~~~~~~~~~~~~~~~~~~~~~~~~~
  File "/Users/fjetter/mambaforge/envs/dask-distributed/lib/python3.8/threading.py", line 890, in _bootstrap
    self._bootstrap_inner()
  File "/Users/fjetter/mambaforge/envs/dask-distributed/lib/python3.8/threading.py", line 932, in _bootstrap_inner
    self.run()
  File "/Users/fjetter/mambaforge/envs/dask-distributed/lib/python3.8/threading.py", line 870, in run
    self._target(*self._args, **self._kwargs)
  File "/Users/fjetter/workspace/distributed/distributed/utils.py", line 403, in run_loop
    loop.start()
  File "/Users/fjetter/workspace/distributed/distributed/utils_test.py", line 131, in start
    orig_start()
  File "/Users/fjetter/mambaforge/envs/dask-distributed/lib/python3.8/site-packages/tornado/platform/asyncio.py", line 199, in start
    self.asyncio_loop.run_forever()
  File "/Users/fjetter/mambaforge/envs/dask-distributed/lib/python3.8/asyncio/base_events.py", line 570, in run_forever
    self._run_once()
  File "/Users/fjetter/mambaforge/envs/dask-distributed/lib/python3.8/asyncio/base_events.py", line 1823, in _run_once
    event_list = self._selector.select(timeout)
  File "/Users/fjetter/mambaforge/envs/dask-distributed/lib/python3.8/selectors.py", line 558, in select
    kev_list = self._selector.control(None, max_ev, timeout)

~~~~~~~~~~~~~~~~~~ Stack of TCP-Executor-64666-1 (6227390464) ~~~~~~~~~~~~~~~~~~
  File "/Users/fjetter/mambaforge/envs/dask-distributed/lib/python3.8/threading.py", line 890, in _bootstrap
    self._bootstrap_inner()
  File "/Users/fjetter/mambaforge/envs/dask-distributed/lib/python3.8/threading.py", line 932, in _bootstrap_inner
    self.run()
  File "/Users/fjetter/mambaforge/envs/dask-distributed/lib/python3.8/threading.py", line 870, in run
    self._target(*self._args, **self._kwargs)
  File "/Users/fjetter/workspace/distributed/distributed/threadpoolexecutor.py", line 51, in _worker
    task = work_queue.get(timeout=1)
  File "/Users/fjetter/mambaforge/envs/dask-distributed/lib/python3.8/queue.py", line 179, in get
    self.not_empty.wait(remaining)
  File "/Users/fjetter/mambaforge/envs/dask-distributed/lib/python3.8/threading.py", line 306, in wait
    gotit = waiter.acquire(True, timeout)

~~~~~~~~~~~~~~~~~~ Stack of TCP-Executor-64666-0 (6210564096) ~~~~~~~~~~~~~~~~~~
  File "/Users/fjetter/mambaforge/envs/dask-distributed/lib/python3.8/threading.py", line 890, in _bootstrap
    self._bootstrap_inner()
  File "/Users/fjetter/mambaforge/envs/dask-distributed/lib/python3.8/threading.py", line 932, in _bootstrap_inner
    self.run()
  File "/Users/fjetter/mambaforge/envs/dask-distributed/lib/python3.8/threading.py", line 870, in run
    self._target(*self._args, **self._kwargs)
  File "/Users/fjetter/workspace/distributed/distributed/threadpoolexecutor.py", line 51, in _worker
    task = work_queue.get(timeout=1)
  File "/Users/fjetter/mambaforge/envs/dask-distributed/lib/python3.8/queue.py", line 179, in get
    self.not_empty.wait(remaining)
  File "/Users/fjetter/mambaforge/envs/dask-distributed/lib/python3.8/threading.py", line 306, in wait
    gotit = waiter.acquire(True, timeout)

~~~~~~~~~~~~~~~~~~~~~ Stack of Dask-Offload_0 (6176911360) ~~~~~~~~~~~~~~~~~~~~~
  File "/Users/fjetter/mambaforge/envs/dask-distributed/lib/python3.8/threading.py", line 890, in _bootstrap
    self._bootstrap_inner()
  File "/Users/fjetter/mambaforge/envs/dask-distributed/lib/python3.8/threading.py", line 932, in _bootstrap_inner
    self.run()
  File "/Users/fjetter/mambaforge/envs/dask-distributed/lib/python3.8/threading.py", line 870, in run
    self._target(*self._args, **self._kwargs)
  File "/Users/fjetter/mambaforge/envs/dask-distributed/lib/python3.8/concurrent/futures/thread.py", line 78, in _worker
    work_item = work_queue.get(block=True)

~~~~~~~~~~~~~~~~~~~~~~~ Stack of <unknown> (6143242240) ~~~~~~~~~~~~~~~~~~~~~~~~
  File "/Users/fjetter/mambaforge/envs/dask-distributed/lib/python3.8/site-packages/execnet/gateway_base.py", line 285, in _perform_spawn
    reply.run()
  File "/Users/fjetter/mambaforge/envs/dask-distributed/lib/python3.8/site-packages/execnet/gateway_base.py", line 220, in run
    self._result = func(*args, **kwargs)
  File "/Users/fjetter/mambaforge/envs/dask-distributed/lib/python3.8/site-packages/execnet/gateway_base.py", line 967, in _thread_receiver
    msg = Message.from_io(io)
  File "/Users/fjetter/mambaforge/envs/dask-distributed/lib/python3.8/site-packages/execnet/gateway_base.py", line 432, in from_io
    header = io.read(9)  # type 1, channel 4, payload 4
  File "/Users/fjetter/mambaforge/envs/dask-distributed/lib/python3.8/site-packages/execnet/gateway_base.py", line 400, in read
    data = self._read(numbytes - len(buf))

+++++++++++++++++++++++++++++++++++ Timeout ++++++++++++++++++++++++++++++++++++
distributed.scheduler - INFO - Remove client Client-660b4822-f12c-11eb-bc9a-1e00da115075
distributed.scheduler - INFO - Remove client Client-660b4822-f12c-11eb-bc9a-1e00da115075
distributed.scheduler - INFO - Close client connection: Client-660b4822-f12c-11eb-bc9a-1e00da115075
distributed.worker - INFO - Stopping worker at tcp://127.0.0.1:52749
distributed.scheduler - INFO - Remove worker <WorkerState 'tcp://127.0.0.1:52749', name: tcp://127.0.0.1:52749, memory: 0, processing: 0>
distributed.core - INFO - Removing comms to tcp://127.0.0.1:52749
distributed.scheduler - INFO - Lost all workers
distributed.diskutils - ERROR - Failed to remove '/Users/fjetter/workspace/distributed/_test_worker-56473b48-e0e6-4bf9-b845-201c8db80164/dask-worker-space/worker-0wisihh4' (failed in <built-in function lstat>): [Errno 2] No such file or directory: '/Users/fjetter/workspace/distributed/_test_worker-56473b48-e0e6-4bf9-b845-201c8db80164/dask-worker-space/worker-0wisihh4'
_________________________ test_handle_superfluous_data _________________________
[gw7] darwin -- Python 3.8.10 /Users/fjetter/mambaforge/envs/dask-distributed/bin/python

outer_args = (), kwargs = {}, result = None
coro = <function gen_cluster.<locals>._.<locals>.test_func.<locals>.coro at 0x16834c0d0>

    @functools.wraps(func)
    def test_func(*outer_args, **kwargs):
        result = None
        workers = []
        with clean(timeout=active_rpc_timeout, **clean_kwargs) as loop:
    
            async def coro():
                with dask.config.set(config):
                    s = False
                    for _ in range(60):
                        try:
                            s, ws = await start_cluster(
                                nthreads,
                                scheduler,
                                loop,
                                security=security,
                                Worker=Worker,
                                scheduler_kwargs=scheduler_kwargs,
                                worker_kwargs=worker_kwargs,
                            )
                        except Exception as e:
                            logger.error(
                                "Failed to start gen_cluster: "
                                f"{e.__class__.__name__}: {e}; retrying",
                                exc_info=True,
                            )
                            await asyncio.sleep(1)
                        else:
                            workers[:] = ws
                            args = [s] + workers
                            break
                    if s is False:
                        raise Exception("Could not start cluster")
                    if client:
                        c = await Client(
                            s.address,
                            loop=loop,
                            security=security,
                            asynchronous=True,
                            **client_kwargs,
                        )
                        args = [c] + args
                    try:
                        future = func(*args, *outer_args, **kwargs)
                        future = asyncio.wait_for(future, timeout)
                        result = await future
                        if s.validate:
                            s.validate_state()
                    finally:
                        if client and c.status not in ("closing", "closed"):
                            await c._close(fast=s.status == Status.closed)
                        await end_cluster(s, workers)
                        await asyncio.wait_for(cleanup_global_workers(), 1)
    
                    try:
                        c = await default_client()
                    except ValueError:
                        pass
                    else:
                        await c._close(fast=True)
    
                    def get_unclosed():
                        return [c for c in Comm._instances if not c.closed()] + [
                            c
                            for c in _global_clients.values()
                            if c.status != "closed"
                        ]
    
                    try:
                        start = time()
                        while time() < start + 60:
                            gc.collect()
                            if not get_unclosed():
                                break
                            await asyncio.sleep(0.05)
                        else:
                            if allow_unclosed:
                                print(f"Unclosed Comms: {get_unclosed()}")
                            else:
                                raise RuntimeError("Unclosed Comms", get_unclosed())
                    finally:
                        Comm._instances.clear()
                        _global_clients.clear()
    
                    return result
    
>           result = loop.run_sync(
                coro, timeout=timeout * 2 if timeout else timeout
            )

distributed/utils_test.py:985: 
_ _ _ _ _ _ _ _ _ _ _ _ _ _ _ _ _ _ _ _ _ _ _ _ _ _ _ _ _ _ _ _ _ _ _ _ _ _ _ _ 
../../mambaforge/envs/dask-distributed/lib/python3.8/site-packages/tornado/ioloop.py:530: in run_sync
    return future_cell[0].result()
distributed/utils_test.py:944: in coro
    result = await future
_ _ _ _ _ _ _ _ _ _ _ _ _ _ _ _ _ _ _ _ _ _ _ _ _ _ _ _ _ _ _ _ _ _ _ _ _ _ _ _ 

fut = <Task cancelled name='Task-7191' coro=<test_handle_superfluous_data() done, defined at /Users/fjetter/workspace/distributed/distributed/tests/test_failed_workers.py:553>>
timeout = 30

    async def wait_for(fut, timeout, *, loop=None):
        """Wait for the single Future or coroutine to complete, with timeout.
    
        Coroutine will be wrapped in Task.
    
        Returns result of the Future or coroutine.  When a timeout occurs,
        it cancels the task and raises TimeoutError.  To avoid the task
        cancellation, wrap it in shield().
    
        If the wait is cancelled, the task is also cancelled.
    
        This function is a coroutine.
        """
        if loop is None:
            loop = events.get_running_loop()
        else:
            warnings.warn("The loop argument is deprecated since Python 3.8, "
                          "and scheduled for removal in Python 3.10.",
                          DeprecationWarning, stacklevel=2)
    
        if timeout is None:
            return await fut
    
        if timeout <= 0:
            fut = ensure_future(fut, loop=loop)
    
            if fut.done():
                return fut.result()
    
            await _cancel_and_wait(fut, loop=loop)
            try:
                fut.result()
            except exceptions.CancelledError as exc:
                raise exceptions.TimeoutError() from exc
            else:
                raise exceptions.TimeoutError()
    
        waiter = loop.create_future()
        timeout_handle = loop.call_later(timeout, _release_waiter, waiter)
        cb = functools.partial(_release_waiter, waiter)
    
        fut = ensure_future(fut, loop=loop)
        fut.add_done_callback(cb)
    
        try:
            # wait until the future completes or the timeout
            try:
                await waiter
            except exceptions.CancelledError:
                if fut.done():
                    return fut.result()
                else:
                    fut.remove_done_callback(cb)
                    # We must ensure that the task is not running
                    # after wait_for() returns.
                    # See https://bugs.python.org/issue32751
                    await _cancel_and_wait(fut, loop=loop)
                    raise
    
            if fut.done():
                return fut.result()
            else:
                fut.remove_done_callback(cb)
                # We must ensure that the task is not running
                # after wait_for() returns.
                # See https://bugs.python.org/issue32751
                await _cancel_and_wait(fut, loop=loop)
>               raise exceptions.TimeoutError()
E               asyncio.exceptions.TimeoutError

../../mambaforge/envs/dask-distributed/lib/python3.8/asyncio/tasks.py:501: TimeoutError
----------------------------- Captured stderr call -----------------------------
distributed.scheduler - CRITICAL - handle missing data key=A worker=tcp://127.0.0.1:61509
distributed.scheduler - CRITICAL - handle missing data key=A worker=tcp://127.0.0.1:61509 Do nothing
distributed.worker - CRITICAL - missing data
=============================== warnings summary ===============================
distributed/tests/test_actor.py::test_Actor
  /Users/fjetter/workspace/distributed/distributed/tests/test_actor.py:146: RuntimeWarning: coroutine 'Actor.__getattr__.<locals>.get_actor_attribute_from_worker' was never awaited
    assert hasattr(counter, "n")

distributed/tests/test_actor.py: 218 warnings
  /Users/fjetter/workspace/distributed/distributed/actor.py:171: DeprecationWarning: The loop argument is deprecated since Python 3.8, and scheduled for removal in Python 3.10.
    q = asyncio.Queue(loop=self._io_loop.asyncio_loop)

distributed/tests/test_actor.py: 218 warnings
  /Users/fjetter/mambaforge/envs/dask-distributed/lib/python3.8/asyncio/queues.py:48: DeprecationWarning: The loop argument is deprecated since Python 3.8, and scheduled for removal in Python 3.10.
    self._finished = locks.Event(loop=loop)

distributed/tests/test_actor.py::test_client_actions[True]
distributed/tests/test_actor.py::test_client_actions[False]
  /Users/fjetter/workspace/distributed/distributed/tests/test_actor.py:87: RuntimeWarning: coroutine 'Actor.__getattr__.<locals>.get_actor_attribute_from_worker' was never awaited
    assert hasattr(counter, "n")

distributed/tests/test_client.py::test_forget_complex
  /Users/fjetter/mambaforge/envs/dask-distributed/lib/python3.8/site-packages/_pytest/unraisableexception.py:78: PytestUnraisableExceptionWarning: Exception ignored in: <function Client.__del__ at 0x11f50f040>
  
  Traceback (most recent call last):
    File "/Users/fjetter/workspace/distributed/distributed/client.py", line 1252, in __del__
      self.close()
    File "/Users/fjetter/workspace/distributed/distributed/client.py", line 1465, in close
      if self.asynchronous:
    File "/Users/fjetter/workspace/distributed/distributed/client.py", line 814, in asynchronous
      return self._asynchronous and self.loop is IOLoop.current()
  AttributeError: 'Client' object has no attribute '_asynchronous'
  
    warnings.warn(pytest.PytestUnraisableExceptionWarning(msg))

distributed/tests/test_client_executor.py::test_as_completed
  /Users/fjetter/workspace/distributed/distributed/comm/utils.py:33: RuntimeWarning: coroutine 'Future._result' was never awaited
    return list(protocol.dumps(msg, **kwargs))

distributed/tests/test_client_executor.py::test_cancellation
  /Users/fjetter/mambaforge/envs/dask-distributed/lib/python3.8/functools.py:75: RuntimeWarning: coroutine 'Future._result' was never awaited
    return partial(update_wrapper, wrapped=wrapped,

distributed/tests/test_client_executor.py::test_cancellation_wait
  /Users/fjetter/mambaforge/envs/dask-distributed/lib/python3.8/threading.py:354: RuntimeWarning: coroutine 'Future._result' was never awaited
    waiters_to_notify = _deque(_islice(all_waiters, n))

distributed/tests/test_queues.py::test_queue_in_task
distributed/tests/test_variable.py::test_variable_in_task
  /Users/fjetter/workspace/distributed/distributed/client.py:1190: VersionMismatchWarning: Mismatched versions found
  
  +-------------+------------------------------+------------------------+---------+
  | Package     | client                       | scheduler              | workers |
  +-------------+------------------------------+------------------------+---------+
  | distributed | 2021.07.1+13.g8895a866.dirty | 2021.07.1+10.g800ef934 | None    |
  +-------------+------------------------------+------------------------+---------+
    warnings.warn(version_module.VersionMismatchWarning(msg[0]["warning"]))

distributed/tests/test_client_executor.py::test_cancellation_as_completed
  /Users/fjetter/mambaforge/envs/dask-distributed/lib/python3.8/site-packages/tornado/gen.py:739: RuntimeWarning: coroutine 'Future._result' was never awaited
    if self.handle_yield(first_yielded):

distributed/tests/test_client_executor.py::test_map
  /Users/fjetter/mambaforge/envs/dask-distributed/lib/python3.8/site-packages/tornado/gen.py:816: RuntimeWarning: coroutine 'Future._result' was never awaited
    self.io_loop.add_future(self.future, inner)

distributed/tests/test_client_executor.py::test_pure
  /Users/fjetter/workspace/distributed/distributed/utils_comm.py:227: RuntimeWarning: coroutine 'Future._result' was never awaited
    return tuple(unpack_remotedata(item, byte_keys, myset) for item in o)

distributed/tests/test_client.py::test_client_async_before_loop_starts
  /Users/fjetter/workspace/distributed/distributed/tests/test_client.py:5468: RuntimeWarning: coroutine 'wait_for' was never awaited
    client.close()

distributed/tests/test_failed_workers.py::test_restart_cleared
  /Users/fjetter/workspace/distributed/distributed/core.py:949: RuntimeWarning: coroutine 'Future._result' was never awaited
    self._created = weakref.WeakSet()

distributed/tests/test_utils.py::test_is_kernel
  /Users/fjetter/mambaforge/envs/dask-distributed/lib/python3.8/site-packages/_pytest/unraisableexception.py:78: PytestUnraisableExceptionWarning: Exception ignored in: <generator object sync.<locals>.f at 0x167339e40>
  
  Traceback (most recent call last):
    File "/Users/fjetter/workspace/distributed/distributed/utils.py", line 309, in f
      result[0] = yield future
  GeneratorExit
  
  During handling of the above exception, another exception occurred:
  
  Traceback (most recent call last):
    File "/Users/fjetter/workspace/distributed/distributed/utils.py", line 313, in f
      assert thread_state.asynchronous > 0
  AssertionError
  
    warnings.warn(pytest.PytestUnraisableExceptionWarning(msg))

distributed/tests/test_ipython.py::test_start_ipython_workers
distributed/tests/test_ipython.py::test_start_ipython_scheduler
distributed/tests/test_ipython.py::test_start_ipython_remote
  /Users/fjetter/mambaforge/envs/dask-distributed/lib/python3.8/site-packages/traitlets/config/configurable.py:82: DeprecationWarning: Passing unrecognized arguments to super(BlockingKernelClient).__init__(signature_scheme='hmac-sha256').
  object.__init__() takes exactly one argument (the instance to initialize)
  This is deprecated in traitlets 4.2.This error will be raised in a future release of traitlets.
    super(Configurable, self).__init__(**kwargs)

distributed/tests/test_ipython.py::test_start_ipython_scheduler_magic
  /Users/fjetter/mambaforge/envs/dask-distributed/lib/python3.8/site-packages/traitlets/config/configurable.py:82: DeprecationWarning: Passing unrecognized arguments to super(BlockingKernelClient).__init__(signature_scheme='hmac-sha256', key=b'91d9c954-5c6a4adeb4e5b9c8821e12a9').
  object.__init__() takes exactly one argument (the instance to initialize)
  This is deprecated in traitlets 4.2.This error will be raised in a future release of traitlets.
    super(Configurable, self).__init__(**kwargs)

distributed/tests/test_ipython.py::test_start_ipython_workers_magic
  /Users/fjetter/mambaforge/envs/dask-distributed/lib/python3.8/site-packages/traitlets/config/configurable.py:82: DeprecationWarning: Passing unrecognized arguments to super(BlockingKernelClient).__init__(signature_scheme='hmac-sha256', key=b'939dbf35-a01ef9a8173025709092cfcc').
  object.__init__() takes exactly one argument (the instance to initialize)
  This is deprecated in traitlets 4.2.This error will be raised in a future release of traitlets.
    super(Configurable, self).__init__(**kwargs)

distributed/tests/test_ipython.py::test_start_ipython_workers_magic
  /Users/fjetter/mambaforge/envs/dask-distributed/lib/python3.8/site-packages/traitlets/config/configurable.py:82: DeprecationWarning: Passing unrecognized arguments to super(BlockingKernelClient).__init__(signature_scheme='hmac-sha256', key=b'54d007a0-62066d5ff70ff21305060e59').
  object.__init__() takes exactly one argument (the instance to initialize)
  This is deprecated in traitlets 4.2.This error will be raised in a future release of traitlets.
    super(Configurable, self).__init__(**kwargs)

distributed/tests/test_ipython.py::test_start_ipython_workers_magic_asterix
  /Users/fjetter/mambaforge/envs/dask-distributed/lib/python3.8/site-packages/traitlets/config/configurable.py:82: DeprecationWarning: Passing unrecognized arguments to super(BlockingKernelClient).__init__(signature_scheme='hmac-sha256', key=b'a220d941-3cdf2531cacf73d12af01b68').
  object.__init__() takes exactly one argument (the instance to initialize)
  This is deprecated in traitlets 4.2.This error will be raised in a future release of traitlets.
    super(Configurable, self).__init__(**kwargs)

distributed/tests/test_ipython.py::test_start_ipython_workers_magic_asterix
  /Users/fjetter/mambaforge/envs/dask-distributed/lib/python3.8/site-packages/traitlets/config/configurable.py:82: DeprecationWarning: Passing unrecognized arguments to super(BlockingKernelClient).__init__(signature_scheme='hmac-sha256', key=b'57d948b7-d9dacc205ccd65a9d6b92c49').
  object.__init__() takes exactly one argument (the instance to initialize)
  This is deprecated in traitlets 4.2.This error will be raised in a future release of traitlets.
    super(Configurable, self).__init__(**kwargs)

-- Docs: https://docs.pytest.org/en/stable/warnings.html
============================= slowest 20 durations =============================
65.03s call     distributed/tests/test_failed_workers.py::test_submit_after_failed_worker_sync
30.17s call     distributed/tests/test_failed_workers.py::test_handle_superfluous_data
7.29s call     distributed/tests/test_client.py::test_performance_report
7.19s call     distributed/tests/test_stress.py::test_cancel_stress_sync
6.36s call     distributed/tests/test_nanny.py::test_num_fds
6.06s call     distributed/tests/test_client.py::test_restart_timeout_is_logged
5.42s call     distributed/tests/test_failed_workers.py::test_restart_sync
5.29s call     distributed/tests/test_worker.py::test_abort_execution_reschedule
5.20s call     distributed/tests/test_steal.py::test_balance_with_longer_task
5.19s call     distributed/tests/test_stress.py::test_cancel_stress
5.16s call     distributed/tests/test_asyncprocess.py::test_asyncprocess_child_teardown_on_parent_exit
4.41s call     distributed/tests/test_failed_workers.py::test_restart_fast_sync
4.18s call     distributed/tests/test_failed_workers.py::test_worker_doesnt_await_task_completion
4.16s call     distributed/tests/test_failed_workers.py::test_worker_who_has_clears_after_failed_connection
4.09s call     distributed/tests/test_worker.py::test_abort_execution_to_fetch
3.98s call     distributed/tests/test_failed_workers.py::test_restart_fast
3.86s setup    distributed/tests/test_client.py::test_as_completed_next_batch
3.66s call     distributed/tests/test_core.py::test_server_listen
3.61s setup    distributed/tests/test_client.py::test_diagnostic_nbytes_sync
3.57s setup    distributed/tests/test_client.py::test_as_completed_results
=========================== short test summary info ============================
SKIPPED [1] distributed/tests/test_actor.py:477: need --runslow option to run
SKIPPED [1] distributed/tests/test_batched.py:223: need --runslow option to run
SKIPPED [1] distributed/tests/test_client.py:831: unconditional skip
SKIPPED [1] distributed/tests/test_client.py:822: need --runslow option to run
SKIPPED [1] distributed/tests/test_client.py:952: Need 127.0.0.2 to mean localhost
SKIPPED [1] distributed/tests/test_batched.py:153: need --runslow option to run
SKIPPED [1] distributed/tests/test_client.py:857: unconditional skip
SKIPPED [1] distributed/tests/test_client.py:1719: unconditional skip
SKIPPED [1] distributed/tests/test_client.py:1834: Need 127.0.0.2 to mean localhost
SKIPPED [1] distributed/tests/test_client.py:940: Need 127.0.0.2 to mean localhost
SKIPPED [1] distributed/tests/test_client.py:1280: Need 127.0.0.2 to mean localhost
SKIPPED [1] distributed/tests/test_client.py:913: Need 127.0.0.2 to mean localhost
SKIPPED [1] distributed/tests/test_client.py:2594: unconditional skip
SKIPPED [1] distributed/tests/test_client.py:876: unconditional skip
SKIPPED [1] distributed/tests/test_client.py:1967: unconditional skip
SKIPPED [1] distributed/tests/test_client.py:3051: Need 127.0.0.2 to mean localhost
SKIPPED [1] distributed/tests/test_client.py:3181: Need 127.0.0.2 to mean localhost
SKIPPED [1] distributed/tests/test_client.py:2623: Use fast random selection now
SKIPPED [1] distributed/tests/test_client.py:3475: need --runslow option to run
SKIPPED [2] distributed/tests/test_client.py:3753: need --runslow option to run
SKIPPED [1] distributed/tests/test_client.py:3015: Need 127.0.0.2 to mean localhost
SKIPPED [1] distributed/tests/test_client.py:4456: need --runslow option to run
SKIPPED [1] distributed/tests/test_client.py:3250: unconditional skip
SKIPPED [1] distributed/tests/test_client.py:3679: need --runslow option to run
SKIPPED [1] distributed/tests/test_client.py:3537: need --runslow option to run
SKIPPED [4] distributed/utils_test.py:773: need --runslow option to run
SKIPPED [1] distributed/tests/test_client.py:6229: known intermittent failure
SKIPPED [1] distributed/tests/test_client.py:4559: Now prefer first-in-first-out
SKIPPED [1] distributed/tests/test_client.py:5248: need --runslow option to run
SKIPPED [1] distributed/tests/test_core.py:457: need --runslow option to run
SKIPPED [1] distributed/tests/test_core.py:769: could not import 'crick': No module named 'crick'
SKIPPED [1] distributed/tests/test_core.py:778: could not import 'crick': No module named 'crick'
SKIPPED [1] distributed/tests/test_client.py:6381: need --runslow option to run
SKIPPED [1] distributed/tests/test_nanny.py:142: need --runslow option to run
SKIPPED [1] distributed/tests/test_collections.py:192: could not import 'sparse': No module named 'sparse'
SKIPPED [1] distributed/tests/test_counter.py:11: no crick library
SKIPPED [1] distributed/tests/test_diskutils.py:276: need --runslow option to run
SKIPPED [1] distributed/tests/test_diskutils.py:282: need --runslow option to run
SKIPPED [1] distributed/tests/test_nanny.py:174: need --runslow option to run
SKIPPED [1] distributed/tests/test_resources.py:274: Skipped
SKIPPED [1] distributed/tests/test_client.py:5471: need --runslow option to run
SKIPPED [1] distributed/tests/test_resources.py:330: Should protect resource keys from optimization
SKIPPED [1] distributed/tests/test_resources.py:351: atop fusion seemed to break this
SKIPPED [1] distributed/tests/test_nanny.py:223: Need 127.0.0.2 to mean localhost
SKIPPED [1] distributed/tests/test_nanny.py:534: could not import 'ucp': No module named 'ucp'
SKIPPED [1] distributed/tests/test_profile.py:68: could not import 'stacktrace': No module named 'stacktrace'
SKIPPED [1] distributed/tests/test_nanny.py:32: need --runslow option to run
SKIPPED [1] distributed/tests/test_queues.py:88: getting same client from main thread
SKIPPED [1] distributed/tests/test_queues.py:112: need --runslow option to run
SKIPPED [1] distributed/tests/test_nanny.py:128: need --runslow option to run
SKIPPED [1] distributed/tests/test_scheduler.py:918: need --runslow option to run
SKIPPED [1] distributed/tests/test_scheduler.py:971: need --runslow option to run
SKIPPED [1] distributed/tests/test_scheduler.py:984: need --runslow option to run
SKIPPED [1] distributed/tests/test_nanny.py:456: need --runslow option to run
SKIPPED [4] distributed/tests/test_scheduler.py:2170: need --runslow option to run
SKIPPED [1] distributed/tests/test_scheduler.py:1085: need --runslow option to run
SKIPPED [1] distributed/utils_test.py:773: Need 127.0.0.2 to mean localhost
SKIPPED [1] distributed/tests/test_scheduler.py:1212: need --runslow option to run
SKIPPED [1] distributed/tests/test_steal.py:38: Need 127.0.0.2 to mean localhost
SKIPPED [1] distributed/tests/test_semaphore.py:124: need --runslow option to run
SKIPPED [1] distributed/tests/test_semaphore.py:186: need --runslow option to run
SKIPPED [1] distributed/tests/test_steal.py:130: Skipped
SKIPPED [1] distributed/tests/test_steal.py:288: Need 127.0.0.2 to mean localhost
SKIPPED [1] distributed/tests/test_steal.py:307: Need 127.0.0.2 to mean localhost
SKIPPED [1] distributed/tests/test_failed_workers.py:329: need --runslow option to run
SKIPPED [2] distributed/tests/test_stress.py:46: need --runslow option to run
SKIPPED [1] distributed/tests/test_utils_perf.py:84: need --runslow option to run
SKIPPED [1] distributed/tests/test_failed_workers.py:497: need --runslow option to run
SKIPPED [1] distributed/tests/test_failed_workers.py:509: need --runslow option to run
SKIPPED [1] distributed/tests/test_utils_test.py:128: This hangs on travis
SKIPPED [1] distributed/tests/test_variable.py:193: need --runslow option to run
SKIPPED [1] distributed/tests/test_worker.py:516: Other tests leak memory, so process-level checks trigger immediately
SKIPPED [1] distributed/tests/test_stress.py:88: need --runslow option to run
SKIPPED [1] distributed/tests/test_worker.py:911: Our logic here is faulty
SKIPPED [1] distributed/tests/test_worker.py:1078: need --runslow option to run
SKIPPED [1] distributed/tests/test_stress.py:174: need --runslow option to run
SKIPPED [1] distributed/tests/test_stress.py:196: unconditional skip
SKIPPED [1] distributed/tests/test_stress.py:222: need --runslow option to run
SKIPPED [1] distributed/tests/test_stress.py:244: need --runslow option to run
SKIPPED [1] distributed/tests/test_worker.py:1131: need --runslow option to run
SKIPPED [1] distributed/tests/test_worker.py:1455: Need 127.0.0.2 to mean localhost
SKIPPED [1] distributed/tests/test_worker.py:1666: need --runslow option to run
SKIPPED [1] distributed/tests/test_worker.py:1283: need --runslow option to run
SKIPPED [1] distributed/tests/test_worker.py:1302: Need 127.0.0.2 to mean localhost
SKIPPED [2] distributed/tests/test_worker.py:1513: could not import 'ucp': No module named 'ucp'
SKIPPED [1] distributed/tests/test_worker.py:1570: need --runslow option to run
SKIPPED [1] distributed/tests/test_client.py:4997: need --runslow option to run
SKIPPED [1] distributed/tests/test_client.py:5042: need --runslow option to run
SKIPPED [1] distributed/tests/test_client.py:5061: need --runslow option to run
SKIPPED [1] distributed/tests/test_failed_workers.py:70: need --runslow option to run
SKIPPED [1] distributed/tests/test_failed_workers.py:81: need --runslow option to run
XFAIL distributed/tests/test_actor.py::test_linear_access
  Tornado can pass things out of orderShould rely on sending small messages rather than rpc
XFAIL distributed/tests/test_client.py::test_auto_normalize_collection
  https://github.com/dask/distributed/issues/4404
XFAIL distributed/tests/test_client.py::test_auto_normalize_collection_sync
  https://github.com/dask/distributed/issues/4404
XFAIL distributed/tests/test_client.py::test_nested_prioritization
  https://github.com/dask/dask/pull/6807
XFAIL distributed/tests/test_client.py::test_annotations_survive_optimization
  https://github.com/dask/dask/issues/7036
XFAIL distributed/tests/test_resources.py::test_collections_get[True]
  don't track resources through optimization
XFAIL distributed/tests/test_scheduler.py::test_non_existent_worker
XFAIL distributed/tests/test_steal.py::test_balance[inp13-expected13]
  Some uncertainty based on executing stolen task
XFAIL distributed/tests/test_utils_perf.py::test_gc_diagnosis_rss_win
  flaky and re-fails on rerun
FAILED distributed/tests/test_client.py::test_recreate_error_array
FAILED distributed/tests/test_worker.py::test_story_with_deps - AssertionErro...
FAILED distributed/tests/test_failed_workers.py::test_submit_after_failed_worker_sync
FAILED distributed/tests/test_failed_workers.py::test_handle_superfluous_data
= 4 failed, 1169 passed, 100 skipped, 9 xfailed, 5 xpassed, 459 warnings in 148.90s (0:02:28) =
